6.207782460802174773e-02
3.832737386162073101e-02
5.762044089581037226e-02
1.152932592514966693e-02
5.290258463254225024e-02
6.294104500961682225e-02
1.558733977235488184e-02
1.802953731614344995e-02
1.491938508429319771e-02
1.482523719283880895e-02
1.082371461186419914e-01
9.059207550904065098e-03
2.880351214424968845e-02
3.066489581073851556e-02
5.201664780525204479e-02
2.923093915415072783e-02
3.847523402594105191e-02
1.594494671531597463e-01
1.803259117929240443e-02
7.179932100044729426e-02
4.979026223462548924e-03
1.851602477698564495e-02
5.268870028237165881e-02
2.928719247601057132e-02
