2.890304503416185698e-03
2.652809503023964392e-03
2.063571484128969707e-03
1.885380509175935658e-03
2.477919614119214551e-03
1.784504797424607807e-03
8.860956047528203506e-04
2.758240189117762593e-03
2.395274330881166404e-03
1.780556730620551451e-03
4.277213911451706839e-03
1.730543623708189231e-03
2.136694649161880680e-03
3.629561457414173711e-03
2.260287053890465588e-03
2.413203219578637440e-03
2.209594776153665698e-03
2.801983849983759670e-03
2.261449632050426331e-03
1.524561185962937555e-03
1.221137085011407379e-03
2.143175694378733100e-03
2.212774439485570149e-03
2.665745557350416434e-03
2.501698309439718323e-03
1.220962201902725790e-03
2.535661351004217696e-03
2.478388861853701459e-03
2.358892846810459014e-03
2.469314951664707339e-03
2.151161818586977241e-03
2.557035290148253551e-03
2.347185790090095241e-03
2.388220292091550092e-03
1.902916444621644563e-03
1.656136874178881302e-03
5.057404484529340848e-03
1.773760706831296278e-03
1.526410592647907492e-03
2.527463579554714741e-03
2.056685168868256121e-03
2.816564558170476119e-03
2.621237392587085890e-03
4.449082826803996398e-04
2.040214816729803843e-03
2.916574726032253317e-03
2.291842688184568891e-03
6.348733193971310869e-03
2.110052945085831924e-03
2.483587488898478766e-03
2.815349426400893303e-03
4.750833902267367795e-04
1.655954848763739259e-03
1.681704969255584442e-03
2.293092740365350671e-03
2.023676232442189922e-03
2.172133391635027062e-03
2.372773875109183798e-03
2.821230814144797244e-03
2.276529272849865757e-03
2.539138887085746251e-03
1.803981324339700787e-03
2.660893745059649072e-03
6.802701135627225570e-04
3.201083069933158189e-03
1.138630082068379937e-03
1.968862560260302170e-03
1.875789823910029280e-03
3.502435145105298360e-03
2.726044305277423516e-03
1.063570672286203930e-03
2.397164511509125226e-03
1.724061792416181540e-03
1.308534860109675192e-03
3.459506486290809049e-03
2.267279920956791379e-03
2.765223161259786153e-03
2.714172012822765791e-03
1.712191789075556041e-03
1.320301602147166400e-03
1.513218987982246563e-03
2.711255856238376297e-03
9.261681661140853776e-04
1.548210023095406831e-03
2.390271560802529650e-03
1.933282135486177541e-03
2.523130642881787466e-03
1.863364990249260578e-03
6.549124485994428646e-04
2.538042962028769778e-01
2.781122355851577393e-03
2.279565050668003537e-03
2.238199370376774133e-03
4.924244345448258904e-04
1.702769603311270110e-03
2.241111667189405344e-03
2.522580661140901969e-03
2.710893763522254779e-03
3.435915028479675972e-03
2.523900224823068510e-03
2.150732265916648761e-03
2.570057141558868951e-03
3.116768777507013428e-03
1.523147294225025072e-03
9.405752328973178856e-04
2.175537796424919026e-03
2.708188392632930770e-03
2.561274025865787479e-03
2.433227400544780549e-03
3.190101527585735824e-03
2.121215700533302020e-03
2.587300118273726159e-03
1.917612059655068825e-03
2.471779446721814391e-03
2.316861162090358851e-03
1.597724043529511178e-03
2.445003253201064996e-03
5.557428937146309013e-03
2.626161824740582806e-03
1.586263446497233800e-03
7.656532241608703495e-04
2.114452423764474204e-03
2.221039702526040986e-03
2.213176000906847806e-03
1.130451029430616997e-03
9.929177902996571582e-04
3.188927635086858791e-03
2.691430444439266070e-03
1.033312618610731206e-03
1.886545608499798831e-03
3.335257151728724962e-03
4.529295840865221225e-04
1.965369287121777105e-03
2.558600758933207361e-03
1.876280510315713650e-03
1.894691540362120064e-03
1.892624529584010194e-03
1.390627531414626245e-03
2.506346902356624325e-03
1.894651767079614038e-03
2.649642935861235091e-03
2.317137273379364648e-03
2.253725645228188412e-03
2.360532111100363973e-03
3.117289936375868854e-03
2.264637781744645046e-03
1.970422554873749264e-03
2.298438504371634172e-03
1.132909011731192926e-03
2.769121986780757622e-03
2.455101794761730717e-03
1.753234668193158572e-03
1.239263816608113591e-03
2.772967321246017081e-03
6.808081239443019780e-03
2.556657859141471447e-03
1.392638668228074949e-03
2.394222048249404142e-03
1.058038966375201423e-02
2.715741249228036027e-03
2.679385177284550161e-03
2.005828062148611642e-03
2.819925379037234361e-03
1.108612155998287560e-03
1.518819785273084217e-03
1.073848884910011880e-03
1.727044625088719997e-03
2.352334692181224859e-03
2.202106665047346215e-02
2.132236080667395534e-03
3.226003845165559790e-03
2.104856891237418936e-03
1.944645935395675033e-03
1.843679713338384216e-03
3.378376387793570034e-03
2.533999289155847590e-03
2.323480620627428953e-03
2.686372384604460498e-03
4.062309855951472953e-03
1.874701625867358041e-03
3.678968461200759349e-03
1.438814357960657058e-03
5.378449363762393461e-04
2.226584310391344339e-03
3.148200649421321710e-03
1.719435166659214701e-03
2.613479360528380303e-03
3.333533355894837541e-03
2.773991152468639667e-03
4.567648532742512105e-03
2.544279292273677901e-03
2.441013066487059038e-03
4.307536487856197110e-03
2.634356005561467109e-03
4.057112810307638567e-03
2.175738440014052949e-03
2.671230034961079736e-03
1.695462856090536362e-03
2.854522490614981329e-03
1.711365771796465778e-03
2.252801160293308597e-03
1.060298717197428282e-03
5.814870602817170074e-04
2.764877506663209004e-03
5.803527503413328549e-03
2.917090440104279630e-03
2.531863634485237435e-03
2.628032510481136293e-03
1.896853545562817139e-03
7.489971366977461655e-04
1.189317855247719281e-03
2.990252373212170470e-03
1.421618473051006496e-03
2.707871897102063791e-03
5.830989790286981653e-04
2.029393038503545400e-03
4.335938644774888114e-03
1.965539263643501650e-03
2.467293126249380918e-03
2.685449106285564026e-03
2.677298767297915574e-03
3.192031776608477735e-03
2.473930845335376837e-03
2.437397606781238103e-03
1.722318988323204335e-03
1.800268798238829253e-03
1.901610952983209899e-03
1.776142767141505137e-03
1.984395224475030053e-03
4.959311157125942567e-04
1.972307554290396697e-04
1.782088604013110610e-03
1.786246485868414960e-03
2.586999661063218905e-03
3.424262364036563446e-03
2.791740802800088579e-03
3.593698474361009011e-03
7.053570686001286050e-04
2.639811909701482700e-03
2.074508777588193135e-03
2.415319727820883396e-03
2.472002771072760383e-03
2.935126716093320199e-03
2.628607231317630667e-03
2.638026767734262361e-03
2.395652223583616749e-03
1.510166373570499907e-03
7.020942163507074701e-03
2.028045135895999163e-02
2.147014349546346769e-03
3.233543376992804776e-03
2.631274619532825067e-03
1.400601132027972989e-03
2.224725299100907116e-03
1.957943560914882867e-03
3.145436417985310578e-03
2.134883741987135975e-03
2.790014828357388274e-03
2.316000067017105323e-03
2.201767424470593964e-03
2.474400372295520664e-03
2.340372227834848495e-03
3.074673319349628762e-03
7.312881966625906947e-04
2.007928379888082766e-03
1.971042594852317684e-03
2.682040622595561162e-03
1.500758569220729836e-03
1.439037051011988252e-03
4.158220911510575150e-03
3.064250869519094880e-03
1.691465357482000668e-03
1.613628982757562809e-03
1.567369661504498194e-03
1.750481376721867372e-03
2.486598145575666993e-03
2.040497071877001804e-03
2.092406073933752129e-03
3.260127615034372206e-03
1.493383079987008807e-03
1.755874716743542271e-03
3.265868489923465408e-03
3.373268457611748854e-03
2.568954594284611134e-03
2.406029952027755742e-03
8.850265784991688360e-04
1.969076812704469853e-03
6.807414017139146352e-04
1.998264095769689084e-03
3.761477443477925439e-03
1.639935458442923731e-03
2.437905980426201789e-03
5.385391173850827620e-04
2.860904282076897048e-03
2.602647844803273811e-03
2.542701248765175202e-03
2.357734078337384107e-03
2.621256061951989305e-03
2.153296284015417811e-03
1.418954972281825846e-03
1.194312617957531391e-03
3.039381049499708873e-03
1.040988876074198715e-03
1.500247747167100885e-03
3.726586745137521611e-03
2.775837686093737128e-03
3.087043032401301946e-03
4.608954239084738728e-04
