5.264652904110907325e-04
1.635494795090121703e-04
7.407746540337919474e-05
1.426916953354341892e-04
0.000000000000000000e+00
7.740884885658720570e-06
3.381646760015651738e-04
1.811020956375535831e-04
3.823174354657623186e-05
2.444048100458417506e-04
2.704151341677887821e-04
3.596777674245422952e-04
2.649831986823606832e-03
1.552773436997909832e-04
1.031449847965918223e-03
2.183212175181999435e-05
5.747185983625260539e-06
8.373956256521999646e-06
1.949898768519645856e-04
4.556062696628149472e-05
1.260367468798114941e-04
9.582648946737602058e-06
1.308861887144457156e-04
1.000396474280744989e-04
5.737582882718285588e-05
4.875397232372451802e-05
3.852693489046298111e-05
4.403951971311145065e-05
1.491610953605128007e-03
1.990706196810969125e-05
4.425579325972462660e-05
7.678887045784014726e-04
2.278983542110171040e-05
5.366811819531280543e-05
1.104465430329561323e-04
7.426297519763660712e-05
5.978353594270948692e-04
3.452474294247409207e-05
4.000217276665622029e-05
6.383325481378032944e-04
4.607905925291540358e-05
1.201158567138763654e-04
4.226283237840346210e-06
1.827667731219216845e-04
2.316558220636061221e-05
6.071267502704926931e-05
3.031428520689132211e-05
5.298793962656682009e-05
1.433965453899290485e-03
3.581178296304036285e-04
7.799878800907247150e-05
1.534901336194307393e-03
7.811681926712748213e-05
3.796980478300866210e-05
2.950220493372006122e-06
7.532217105825816982e-04
1.801088685807366088e-04
2.026225979143294156e-04
4.425963471767378610e-06
3.212694617585675838e-04
1.814508985737498187e-03
8.829588584329302748e-05
2.466885704394283178e-03
1.166815787984427574e-04
9.887507774977919426e-05
2.045222593457623046e-05
4.855860040951383272e-04
6.075697130837350008e-05
0.000000000000000000e+00
1.065987179751079944e-04
9.206867402533990929e-05
8.164666404784284707e-05
1.364947326888693753e-02
6.559735214433151922e-05
8.908455947197864433e-03
1.105365318388925602e-04
6.798547233659059657e-05
1.482239333983621066e-06
3.733852729375948380e-04
2.769368008183977392e-04
1.067570842194567882e-04
2.638940880372167086e-04
7.049280340396960401e-04
1.962173904929643750e-04
2.516898934639705688e-05
6.134232895959641644e-04
1.939353296795658522e-04
1.038436352515133949e-04
1.272503015975784304e-04
7.565487510281884047e-05
9.882311649390521609e-07
2.581917538308533253e-04
4.599047919513004707e-05
6.533118256822859505e-04
2.930675178983829565e-05
9.266003712306773954e-06
6.674760545341685669e-05
3.664195784512410520e-04
6.746043692501055701e-05
1.276512519666467808e-05
3.936935854603241142e-05
2.838482427566935227e-03
2.741773285827146269e-05
2.598960305157723633e-05
5.013164400988395964e-05
8.765727219380175009e-06
9.449687120175317902e-05
8.467851273317814488e-05
2.994476154412715617e-04
9.057780453049472534e-05
9.066172691357278338e-05
7.613775648962675246e-05
4.254082969578300744e-05
5.609087271388613202e-04
3.453527697709545484e-04
4.201156643144758843e-06
2.850559213526401449e-05
1.334313269737248979e-03
8.550496522754220756e-05
3.185047679688884453e-05
4.722951071265038656e-04
9.645304081182170196e-05
1.253679395512316097e-04
7.877882790378682375e-05
1.502625372338506056e-04
3.862735860890231316e-05
1.985613018093316956e-05
4.329068186995216474e-05
4.397570905370680613e-05
7.991198880109962152e-05
8.954448152555935709e-05
1.402677175429727021e-04
4.576043455836281389e-05
1.146683715104684159e-05
1.661610034063665080e-03
1.143455688936865301e-04
4.268900594654508610e-05
2.832911562212965923e-06
1.116702178119353375e-04
5.250294833315942172e-06
6.843354176133998614e-05
4.827778101782859529e-05
7.224504645600077278e-05
6.769854365475025103e-06
9.303155248737588758e-05
7.072982001589326175e-05
8.089221981056662349e-05
4.065760744269955422e-03
8.039413798182690868e-05
7.740794284441113247e-05
2.921763571452562968e-04
3.211486026894060813e-05
9.192270543503114149e-05
8.451929907345860291e-03
7.081078793903431258e-05
5.892846745080803755e-05
9.658646350673474315e-05
5.038545822749991630e-05
1.306642630052604276e-04
7.063458051349289564e-05
4.158258543040290188e-05
9.640086148033877821e-05
0.000000000000000000e+00
5.826560195066155608e-05
6.091270363108850281e-05
4.526076301686946771e-04
4.477480703976481971e-03
6.787440400429831219e-05
7.145023716924187572e-05
1.011000311124656383e-03
4.870045418267476139e-03
1.663074870727211573e-05
2.727882832011695375e-04
6.612959056225955275e-05
5.235745821094181345e-04
3.455138829921470346e-05
2.005211842861912355e-02
1.407205703665020426e-04
2.799363247107956084e-03
3.458669561747043132e-04
3.963142179761422229e-04
3.605340381705904416e-05
2.713173731889295467e-06
2.801975898683270019e-05
6.674793079556920992e-04
1.047682493702277250e-04
6.871715271281957592e-05
2.461188116287288762e-05
1.128229645950937801e-04
1.228424423891579743e-05
1.152638184969319990e-04
4.044972865132844789e-05
1.301907469862902182e-05
1.218440160654728124e-03
5.965939537022397652e-04
2.185125370865683054e-05
1.591957066750645719e-04
1.415117712586620814e-06
8.036991992187175358e-05
5.252094502301914050e-05
7.651884842710460135e-05
4.764573725157337093e-05
6.484840923205793567e-05
4.178297486950961954e-04
1.021071369713083765e-04
3.250696553763062716e-04
5.856744509400762383e-02
3.879234306980746365e-05
1.318972668854850264e-04
4.436367826246679453e-04
1.108072335759983495e-03
5.641008915207941965e-05
9.039141367287759174e-05
2.081445715730769700e-03
2.166989671902872151e-05
3.530922654736842140e-04
1.360275623976938183e-05
6.877104468934911396e-05
4.977307851017293353e-04
6.033805365690183154e-04
9.534134768189079937e-05
5.007279090413330582e-04
9.206330718653617988e-05
1.470505651693427727e-04
6.913916579081051325e-05
1.673157525206838076e-04
2.452777504083367664e-03
4.034250794340544480e-04
1.502042896173394427e-04
8.622629132006187538e-05
5.128968563008052503e-05
6.928622160079725575e-05
9.445481765203105724e-05
6.156079769826216781e-05
2.828411374408601773e-05
1.112667628965668980e-04
5.087937422775412610e-03
3.965947725515312156e-04
6.259053899488828138e-05
1.015913319182805229e-04
2.902157451646150461e-06
3.352828788194223104e-05
5.506375697647707032e-05
8.018933786340243090e-05
2.206494882178610780e-05
5.445630585955935435e-05
6.277860492125338923e-05
9.613773434494076342e-05
6.222075124562064039e-05
9.614221203424924391e-06
2.072485591486211405e-04
2.892752127825129680e-05
6.473509118480280070e-05
6.185660298764630383e-05
3.922756298348170124e-05
8.238074811837542953e-05
3.813395054395757344e-05
1.959088772339178191e-05
0.000000000000000000e+00
5.424719429511882596e-04
9.564100013002278800e-03
2.563193213605050383e-03
1.867109811520204160e-03
8.567763612827473008e-05
1.799353377721317395e-03
8.727855300169073158e-05
1.021814173452083654e-02
1.331598926467695339e-04
4.443621335255774411e-06
4.452338157846941078e-05
8.698327560022874538e-05
8.092315558903686397e-05
3.259321667111255452e-05
3.702312134257155769e-05
6.289769389847766278e-05
4.753878022356833408e-04
7.228614982647354505e-04
1.991848183434877167e-05
7.609899387499256145e-05
1.195427499794967340e-04
5.171869983037235191e-05
7.520793032061433596e-04
1.219174270007940627e-04
4.113510107035273783e-04
1.645918784508921488e-03
9.593265705086667942e-05
3.672790850665265546e-05
5.663783387598651749e-05
8.523149769377491613e-05
2.946049230674005615e-06
9.154153677472596899e-05
5.793795269375277951e-06
2.449068269735430055e-04
1.249182784461996224e-04
6.422780169159546726e-05
5.010687866385999832e-04
2.899852915513302678e-05
5.229801461154455863e-05
5.403612664771403337e-05
8.752851028654610012e-04
4.254415414441860277e-03
3.853395916950030030e-05
7.373910003802768660e-05
1.553075863631944720e-03
1.581353319483769270e-03
2.650668570517253041e-05
3.294673059573798098e-06
7.783779326904191923e-05
5.893396860004131892e-05
5.206467993767757534e-04
5.563417856510326394e-04
2.358780539568617858e-04
3.749693095525689560e-05
8.206327271106225924e-05
3.070422741189229193e-05
1.183251549902724503e-04
3.492837684654968806e-05
3.014384579568862355e-04
3.756866326588798955e-05
1.080118072619458950e-05
7.605325523024705108e-05
1.482373475446835302e-05
2.480000395814434396e-04
5.409929727384769395e-05
3.647426663490139023e-05
5.644635574107058828e-05
6.720659314361475682e-05
6.980320384174270231e-05
4.928172044096845944e-04
4.163468494930686633e-04
8.923408146779800225e-06
1.247488891116403425e-04
5.215647886687873366e-05
1.135614714747587356e-04
3.863028365601898161e-04
1.251529410830862796e-04
2.621062574706404982e-05
2.680649250216419398e-05
2.181141475900202562e-02
3.146888666751473181e-04
9.364195220235587054e-05
1.250625101479715311e-04
4.009693259224109563e-04
2.750513219568470396e-04
4.975887068753093515e-04
1.566640087813677903e-02
7.665087575974310517e-05
3.183317092129207978e-04
1.147359789365152158e-03
8.715503607303404709e-05
7.524155450044981135e-04
4.855223099293669108e-05
4.278029429425466302e-05
2.069331277146360594e-04
8.788979320330668390e-04
3.295816778601927556e-05
1.305151906323043579e-03
2.811395532634607271e-04
7.040876480353256469e-05
4.768939048915490372e-05
6.705901798523135587e-05
1.765366218355734831e-05
1.386990467224748149e-04
3.947355208677963303e-04
9.146601594631622938e-05
7.771580425079958096e-05
6.204327630138737346e-04
2.271212219431290797e-05
0.000000000000000000e+00
2.779103280040220422e-05
5.743647158989507485e-04
6.465538429052248269e-05
1.045226763439260415e-04
9.829390787110150031e-05
4.523694280270923311e-05
3.234674151393437301e-05
8.844067781763420653e-04
5.647096949515382819e-05
2.221951066387460475e-04
1.115312967031477718e-05
7.019008990673323949e-04
2.203521654361035036e-04
1.181642326400982957e-03
3.536951434185067874e-05
9.940611383250542326e-05
6.638539865498847825e-05
2.428252577287128629e-04
4.769880685070587169e-04
2.277549603091179938e-04
2.309440118032174711e-05
7.312621579738251760e-05
7.319397503739008895e-03
2.488294906900994526e-05
1.009429646215366836e-04
5.141580094542053011e-05
3.635302181788341953e-04
5.747938311253936297e-05
5.349246547091608580e-05
1.927825355176953585e-04
4.622902111720709529e-04
6.559650149954038159e-05
1.032211286694381208e-05
2.210980591386327418e-05
9.188639168697382417e-05
8.629103083078726571e-04
1.832337139021223804e-04
5.077394610240988648e-03
7.146050727369919866e-05
2.608392311777396610e-03
5.627634085851386015e-05
3.666484441219480973e-05
2.418153536959559207e-04
5.597442512149606035e-05
6.729967120279040094e-04
1.457482314145602239e-06
6.537099006040531510e-05
6.576598254170373456e-04
1.912619551008072020e-03
2.111394740149345756e-05
5.778655947157407491e-05
2.719957325312293738e-05
1.347640919120181432e-04
4.406740628133493597e-04
8.249658655947220793e-05
8.646384974068187343e-05
4.119641343657662498e-04
3.657790872318408327e-04
9.609640802809424538e-05
2.784483480681677978e-03
2.017138313742554071e-05
3.201593278894818780e-04
3.543177481470256678e-03
1.600902047752581045e-04
4.102975193803822408e-04
2.579818789524073057e-05
0.000000000000000000e+00
2.441704870746472938e-02
5.304041898863929585e-05
8.880116959554440101e-05
4.255151318627160124e-04
2.045598731100249981e-04
7.871711123801345517e-05
3.240446819969426874e-05
0.000000000000000000e+00
6.636325005557756397e-05
1.132620058236256401e-04
6.458095585814240176e-05
2.054243265285077952e-04
1.011986827199145265e-04
2.131278968608935152e-03
6.021758012541975806e-04
1.049798886400353488e-04
5.259894321899790851e-05
5.371611098734762051e-05
8.977554940478878046e-05
6.322699608485577230e-03
1.395573955136227484e-03
8.114326378224008855e-05
2.086391723448602993e-05
1.291377480081118325e-03
4.417436520625765163e-05
1.521853731727989059e-03
1.034440767909351161e-05
9.437697726932429499e-05
4.139100004062585224e-05
2.894294272950159830e-05
6.868171069659334733e-05
7.267759130704159673e-04
1.858263728399447894e-05
4.414888293302747003e-06
2.201583265977577310e-05
4.818815911797470590e-04
2.841283441841826848e-06
2.589645037934762656e-04
1.525695997664114443e-04
1.216601125297649767e-04
1.281540134128140281e-05
2.447904788254107265e-03
8.343750648480785059e-05
1.264343986635900984e-04
6.072805018966055880e-05
5.649716729331663524e-05
5.785050801860650141e-05
5.854255433296444184e-06
7.137446875542965258e-05
6.158733353319184730e-05
3.673858329858862887e-05
7.725446833819347894e-05
1.023859041079695781e-04
8.798757766499577663e-05
9.267381876064295534e-05
3.769733513368798066e-05
6.978704632418411384e-05
3.970233716204868754e-05
6.584686753910441422e-04
3.764961230886688367e-05
1.086550560951948774e-04
4.319128454956816673e-04
6.871492025123638562e-05
1.068824164124816220e-05
1.159988085042119811e-04
7.689324207426113272e-05
7.499914082614874246e-04
4.733531524728435747e-04
9.744856676485319242e-04
5.581465825481609743e-05
2.521284170996702684e-05
6.829837820217694606e-04
3.258087162051711682e-03
9.359497771882312449e-04
5.812715996782587225e-05
5.034828432781513028e-05
2.336182874249039646e-05
1.478859462306010020e-05
5.133102161678312512e-05
2.894406348087686891e-06
4.098099510021134903e-05
9.843286730655634873e-05
2.514366357936261104e-05
5.710027892548475998e-04
3.326426928973782840e-06
3.474959540653637323e-05
5.138498067379895686e-05
1.225804390176275175e-04
1.596982809945676491e-04
5.840956575006455874e-04
7.078064418383978517e-05
1.742258878538387656e-03
3.778474463906386486e-04
1.069216992679413770e-05
8.121170503988264192e-05
3.126366337128212930e-05
1.479841899292088567e-06
1.022028854400976815e-05
1.100092143518188650e-03
6.837075376767402129e-05
1.074667760414349037e-05
1.099259739888684554e-04
2.968477697412650381e-03
8.112916050466151404e-04
9.269481116600861075e-06
1.103512803242118017e-04
1.466755126176126587e-05
1.366306575262663696e-04
3.169157460342392245e-05
1.432736277243162204e-05
4.237530827887994039e-03
1.006145529334599058e-04
6.386856746656406029e-05
1.343396445481767794e-02
6.453594881805711347e-05
5.681494321134475064e-05
6.383174031646452308e-05
3.509570984666839923e-05
3.158932072404694203e-05
3.338909843834691939e-03
1.830906985730582700e-04
1.494550271593787479e-04
1.195273552165627843e-04
1.587876495822978867e-05
4.460094462937706620e-05
7.217393565754097657e-05
1.315805469538815838e-04
7.301991096098393321e-05
6.194789435570334166e-05
2.790504086857805636e-04
2.156433122924636465e-05
1.604443836366770647e-03
1.170123376448897599e-04
4.237949731776077963e-05
5.712452973200098224e-04
7.552030487715449619e-05
1.097484733882473642e-04
5.444261065524698856e-05
7.785737225737212762e-05
8.846901568107927460e-05
7.437690581271268371e-04
8.451238114092712134e-05
7.902389501668930741e-05
1.259093596135199013e-04
1.457022645882133133e-04
1.541786169942845888e-04
1.893807606917957470e-04
1.217417573672204646e-04
7.384347067343919268e-05
4.469137248971244317e-04
6.956692221507630865e-05
1.857903921752486034e-05
3.887269533563946437e-06
4.307629060752629808e-03
9.095202159726186201e-04
4.477051154312651564e-05
4.122844070211368315e-05
4.668470949515928777e-05
1.362977369472291546e-03
1.274664069612155021e-04
2.372751321506295745e-03
1.157180495235272933e-04
1.504377910556281504e-05
3.893319018547109904e-05
1.198722936683486552e-05
2.701426218650659471e-03
1.870742145889364214e-05
1.240699152513146048e-03
4.841418454988811521e-05
1.203079097184719248e-04
3.674049978194738513e-04
3.807040769249293773e-05
3.061972242605333350e-02
5.847900114415707573e-05
2.113080219517534069e-04
1.538496055304737660e-03
1.427099755595233061e-04
1.044604233632515056e-04
1.842612069150260912e-04
2.311000837358253169e-03
2.058395479379189746e-05
2.821905317550165931e-05
7.750576530883778413e-05
2.098232959408531629e-04
9.748791759391596729e-05
6.487416443531548050e-04
6.069710932396922120e-04
8.782634210249876366e-05
1.038189525688313101e-04
4.950853871231236311e-05
4.204687329152958499e-04
5.021141462824108101e-05
2.906869935494159427e-03
2.179413055681147084e-05
1.040121934273220716e-04
1.824577679972161609e-04
9.488474699090705894e-05
8.179675266123384906e-05
2.090245041527053174e-05
5.000282585178799722e-04
1.440174226459793041e-04
4.326418859457929582e-05
4.851604586629049620e-05
1.900347689164456823e-04
1.449326051950029518e-05
1.102868991719396347e-05
2.564672000355236231e-05
6.087109388711131559e-05
2.232828611708224996e-05
1.427180402019051031e-04
6.081930986607014171e-05
7.037352560206920973e-04
8.832119958822869934e-05
2.385600484150519082e-04
9.883064959033804158e-07
3.344687479271422404e-05
5.706494801186365974e-05
7.655249609245641604e-05
3.262694128585603168e-05
1.570682359485685254e-04
3.611486184387794138e-05
6.796406964827646007e-04
3.865790295567670678e-05
0.000000000000000000e+00
3.114974317839348220e-05
1.349981386097498214e-05
3.770135687984824254e-04
4.768516854887324330e-04
0.000000000000000000e+00
4.469475182013742825e-04
8.523266848132971180e-05
9.650743672170006596e-05
1.442508399822670746e-04
4.625532092386125892e-04
4.520283793830683528e-04
3.693816072025814506e-03
7.626664556651877166e-05
7.714373967694831611e-05
5.416816093466298284e-05
5.183551844317313141e-05
5.500796781409055073e-05
8.935890491882260824e-05
8.200830945119117127e-05
1.629668415845539423e-05
2.982606919205725755e-05
7.321401638044243367e-05
7.604886888546413522e-05
1.100245742695412651e-04
1.194631683962323336e-04
8.662350351108437331e-04
8.872650077662314885e-05
1.330857447635129878e-02
1.628955922194210229e-04
5.217395991590568923e-06
4.511538468949173895e-05
5.369920100859148756e-04
1.610201241811865671e-05
1.927170407368607839e-06
2.465274564818753297e-05
1.763156727239547435e-05
1.471935136455178587e-06
4.993022889514455592e-05
4.214190590441179818e-04
2.110421920483050641e-04
4.404748974620541061e-04
2.959234205113838036e-05
4.570867285017669483e-05
5.415955528864946106e-05
9.227937319745148402e-04
7.966902956145297530e-05
3.214312976534373451e-05
9.903461430772236742e-05
5.487138842875271443e-04
1.858049604384907861e-03
2.363400483719457594e-03
2.143450402391660931e-05
4.624588572798923208e-04
5.782206025315635460e-04
5.028620390644485594e-05
1.729468085994385210e-06
2.288950297941801402e-05
3.550753815995894225e-05
1.080325425676570606e-04
4.435286594457993987e-04
2.991918992960728059e-04
7.745964153666372255e-05
5.332140595612768169e-05
8.215141617780220178e-05
1.782997812493682392e-04
4.397352322794479719e-05
9.937671020663574827e-05
4.099908185332449238e-04
1.976547913059339338e-04
3.536575780672673993e-04
1.552934978226018590e-04
1.950208036770850796e-05
9.707433217145329291e-05
9.071717088784486899e-05
2.278371725838955871e-05
7.548576195668748278e-05
8.482559080972726059e-05
5.641655677431394377e-04
5.925535564610638357e-05
1.458242176449946670e-03
7.397687105429375529e-05
4.049510977757392934e-04
5.651232098572820138e-05
9.036561067419889362e-03
7.839877385107752795e-05
1.068640831360282741e-03
5.586850173379692306e-04
1.211612742319780284e-04
3.497262732617547281e-05
3.030417600804722906e-04
1.489830146114391133e-04
1.467961948201962255e-05
1.265574719868958167e-04
7.256917907802462857e-05
4.792521190183863990e-04
7.822688005771800414e-05
1.989122223025088754e-04
9.461308276396787923e-04
1.257060603144512473e-04
2.510803389393112978e-05
7.881233146463001199e-05
1.431897922030669543e-05
1.936366872155851140e-03
9.068504668327518237e-05
7.327444396080297915e-05
1.656022944513858722e-04
1.478691872780074651e-06
1.056562509998110839e-04
6.564372472093952343e-06
4.628103844828300228e-05
6.240294323272891871e-05
5.368432667257504697e-03
4.571442983358870132e-04
4.916017483969918649e-05
2.147514720474833681e-05
7.587098143027173132e-05
7.086300699073745906e-05
1.340184786852992391e-03
1.110914277310204133e-04
5.793202365747567766e-05
6.526089711291765288e-05
7.764125720979890105e-06
2.568778796166556439e-05
1.560480908589174432e-05
7.033987222721149637e-05
3.316887884168670568e-05
8.765091182261699359e-05
8.658457985464977950e-05
0.000000000000000000e+00
5.834302625567569376e-05
4.597834555539081260e-05
1.058693585405422389e-04
1.064003834111708520e-04
1.918477010549945888e-05
4.719110940583623378e-05
2.555491098925241709e-03
3.717528464503135825e-04
1.201082954436429349e-04
1.136475530286426062e-04
2.198322101608593830e-04
3.670504250305895583e-03
9.490650312433703256e-04
3.883041867216949645e-05
1.124409117259649081e-04
6.183437293335545268e-04
0.000000000000000000e+00
9.305146324465041728e-05
4.962160453086746797e-05
1.572548778081755494e-03
6.333122830592039181e-06
1.254914063651985361e-03
2.511281524314944408e-04
7.146538407930329512e-05
2.663948138901940955e-05
9.180186356350969305e-05
1.841149653308890154e-04
3.469018330433814055e-05
2.417837194104399510e-05
2.671916529577369895e-04
8.638103307881761050e-05
1.074520751716628430e-03
9.736995283274664547e-05
6.545767473114853742e-05
4.001849767316899422e-05
9.480868595380907162e-05
3.142851467861878904e-04
2.255099466057466470e-05
1.543797224161480412e-04
1.054382372860220376e-04
7.303049589786509983e-05
3.530801906546014448e-06
5.250741493247201180e-05
8.410007416379021916e-05
2.236927694740075139e-04
2.837163644023024263e-05
6.477871669323676245e-05
2.722972266829978784e-05
6.496209436861943777e-05
3.735514590212004596e-04
1.774162717438575870e-02
7.391436687580653310e-05
4.856321204364805058e-05
8.112612376565479756e-05
7.549473288435058457e-05
7.982475478780284297e-05
7.089313349002804602e-05
5.830617637800344374e-05
1.314227073315183147e-05
4.973085348427504134e-05
1.205300191280490353e-02
2.845527726587085892e-04
0.000000000000000000e+00
4.403401032172158164e-06
2.546229731610851117e-04
3.038977182683200325e-05
1.624182742319278314e-05
5.913444981398970567e-05
9.587266920667754648e-05
5.516698316388398446e-05
3.559373858447406700e-04
1.005447341280566630e-04
1.377699891735905411e-03
5.278100484870962587e-04
7.189409021090909576e-05
4.905840964254351593e-05
2.130631595195035637e-03
9.074723940700262187e-05
9.937344475338442896e-05
7.992748316061028464e-05
7.910092332094475099e-06
5.363182251354926431e-04
1.323013501783486560e-03
6.433007034155746454e-05
4.453677797291013879e-04
7.992926698262659089e-04
4.303333045678992496e-04
8.703978488929188441e-05
1.058843634019231280e-04
7.160291789339774692e-05
1.510448647953339073e-02
8.406331011540073706e-05
3.088725698521274250e-06
8.264405917614838718e-05
2.285252042030307715e-04
1.085057260232737868e-04
1.069249174263002067e-04
1.397661869377487447e-04
2.011242238606077387e-04
8.211101207741782870e-05
1.810202277315172900e-03
9.378972244056915479e-04
1.273050508400951075e-03
2.123415095374536039e-05
1.405573937483682774e-04
5.077500899491553922e-04
1.739791474771680330e-04
8.278370285255544998e-05
2.205640742655891374e-06
1.594341352512365531e-05
6.306027024586824132e-05
1.005018924497539008e-04
2.157151948848891549e-04
3.455416926411813798e-05
4.668229601079117364e-05
1.364127723595265763e-04
4.035659750481503908e-05
7.892025086422440976e-05
8.407744596763414490e-04
8.835170610248204825e-06
0.000000000000000000e+00
8.817035339284779935e-05
2.526264673441811935e-04
6.342010058424468960e-04
1.355684205986985023e-04
7.978844662382551768e-05
3.074564384542540288e-04
9.114163917112673885e-05
6.631755673403040010e-05
3.423113170926436288e-04
6.283122150983843463e-05
5.866683859407637237e-06
9.298573930106499279e-05
5.166850192706980106e-04
6.513893942204517136e-05
9.876959317869789506e-05
5.952118629377756024e-04
2.110811131000744792e-04
8.058677437340154960e-04
4.365656688174482337e-05
5.157918131069143004e-04
1.478517619289712769e-06
8.729102694219073534e-05
7.977382718576606080e-05
8.869393835919637484e-05
3.728710138054513041e-05
4.772437659659268188e-05
1.303112271099416009e-05
3.905861756278273351e-04
4.300367882270022374e-04
5.405942336518643307e-05
6.677705773815669128e-05
1.075730445810041527e-04
4.382057476630426391e-05
1.475786989571747877e-05
3.911636002421714053e-05
9.607330021461518189e-04
4.311625879184838241e-05
7.926121289274291643e-05
5.104336162841539177e-06
1.108600989391489260e-05
8.172331348037511155e-05
2.780122792628027703e-05
3.185010077458986545e-04
2.385841828095077030e-05
7.443343659942017480e-05
7.314347557438910150e-05
8.298379908824579708e-05
5.351987249490314366e-04
9.740225891080659922e-05
7.483772896940749022e-05
2.737736778565424316e-04
3.797587982875211070e-04
4.953594756759694372e-04
2.565303947351644620e-04
7.480343407399012443e-06
1.886472977619836199e-04
3.399566863711403529e-05
1.520193676716291001e-04
2.249635846306632513e-04
2.410864949138951871e-04
2.485871810460148332e-05
3.774094414165065823e-05
7.482921039969514152e-05
6.192362004992371454e-05
5.127695538457075191e-04
2.666779531529943792e-05
8.913067047143239719e-05
8.794882627777323195e-05
5.497254527558149756e-05
5.144002449190338737e-05
4.488666137368499919e-04
1.280551072122802791e-05
1.476467127248517395e-06
1.913522342921286060e-05
8.005942405139363080e-04
0.000000000000000000e+00
4.835353321704129181e-04
8.853451364780651515e-05
3.345236640878353364e-05
6.775258197787164020e-05
4.766922892330329462e-04
2.672068378926636609e-02
6.780038232270129729e-05
7.021440136723304439e-05
1.222727487815742286e-03
3.545844911622222408e-04
8.009386709954737643e-05
2.280427979060705844e-05
3.130923746708375851e-05
2.052692886115005215e-03
2.935901004334630999e-05
5.210307554789844151e-05
9.620309319047518288e-04
9.249305572382127897e-06
8.251993091238828614e-05
2.100259256072077650e-04
2.512862104142400471e-04
4.646134941190135058e-03
5.794397134896577700e-05
1.139358054790939692e-05
2.807837807665938048e-05
1.520225926477961021e-03
9.082790356121626149e-05
9.144028679486840392e-05
1.980070662479471949e-04
3.238292146376525873e-05
2.200234562309083013e-05
2.138670683686382423e-04
2.929043387572261156e-06
3.602703183159372937e-05
6.636288156028702714e-03
1.805222748609899429e-04
5.777665219139141835e-05
6.852382525176751061e-05
2.020304010019749138e-04
5.626518468706033380e-05
1.197050671365163617e-03
1.069878980201168060e-05
1.033939036445036302e-04
4.174580120135374360e-05
6.002140922763388967e-05
9.340350432746942098e-05
1.442667934619303173e-06
2.890101354113469500e-05
3.316508018585790453e-05
9.437926128004343039e-05
7.593246885977218654e-06
8.365812828852081564e-05
1.190270173021642152e-04
1.767833653825769905e-03
2.719715291660383823e-04
1.999601470485800079e-05
4.382753794098555340e-06
9.170810069655771328e-04
1.512092476045274797e-05
3.724725530431928868e-05
5.639818749093915371e-04
5.735784398946285794e-04
9.967546541449003885e-05
3.671050226702324477e-04
1.863831099390369467e-05
7.526500290011590305e-05
2.956055893528057609e-04
9.724005471802224515e-06
9.228328770942926249e-05
1.779890132469686258e-05
3.778420412555778167e-05
6.185970806895553791e-05
4.251998617924084511e-04
3.519203043515891022e-04
1.666610678030960868e-04
5.959963544998438312e-05
6.321507289721825821e-04
5.116914696415342299e-05
8.630591499688660252e-05
7.101786597138057223e-04
8.376512157716224595e-05
1.783554500243858280e-05
3.857170355211472258e-03
3.820042340241722439e-04
6.485054419119926886e-05
9.590930343413502394e-04
2.451189415651668785e-05
7.177385730989148600e-05
3.189915944613057677e-03
2.558621545554318048e-04
2.963479414407200663e-05
9.187335251835316468e-05
8.446257257058567612e-05
6.498197461705671136e-04
1.468179705768565292e-04
6.516079242620825699e-04
4.306312983602304605e-04
5.058105162953720934e-05
3.747268190908887328e-04
6.020576592134339476e-05
3.002891043928889976e-04
4.407212057559004199e-04
4.439511260270826961e-05
3.004879278396075046e-05
2.862407921321081546e-06
1.025521315695769225e-05
4.171584639428379160e-04
0.000000000000000000e+00
5.777991580151991668e-04
2.884055353781631113e-03
1.200388118154147694e-04
2.906211872641845193e-03
8.466657291036151821e-05
7.659393208462627183e-06
1.219040944431332087e-04
7.233842125206773645e-04
1.207306671818058599e-04
4.914559220808883993e-05
3.469633118005429500e-05
5.611624421431116383e-05
4.706336463266496762e-04
1.242840991459065502e-04
7.099414266584824274e-05
3.983389031938687963e-04
1.021032863707637263e-04
2.288779586197323222e-03
2.435309470928499948e-05
4.475882402954888678e-04
8.618306799115831507e-05
5.956601157150384889e-04
1.176759438609610423e-04
1.031427349429113075e-04
9.533411966996490196e-05
1.688763493297702029e-04
5.025634101414246942e-05
2.552099168491340646e-05
2.736180222706947031e-05
6.466600172841556796e-05
2.096588397569997138e-05
1.879826381630977277e-04
4.497748889033892437e-05
1.471367851919761578e-04
6.728296361374962273e-05
1.069334009687758019e-04
1.311058785931608567e-03
1.406531478572429876e-03
1.409845470804158447e-05
3.035105916310671076e-04
2.872072257965366295e-05
1.153627090375848683e-03
3.895754499907798504e-04
1.246660007294314370e-04
7.091047520153207894e-04
6.997746149515643194e-05
4.153022771532102557e-04
2.945582334296611336e-06
1.338957476790307364e-05
2.468964971224502764e-04
1.870207543500643490e-05
1.476841705791748773e-06
6.838311555269207479e-05
4.552559490478173343e-04
8.302920955681425771e-06
1.158018524676975279e-05
3.906618966720786477e-04
5.178507586362327155e-05
1.241645009575330751e-03
2.472088336912180932e-05
2.218968422483277047e-06
3.207577142579941861e-04
5.932428676401473874e-05
8.566352917781022355e-05
4.860465703606147098e-04
3.225848996818557349e-05
8.617697322333533531e-06
8.452494065761106804e-05
7.048280744240535711e-05
5.817840516329631623e-05
5.889161015108407326e-04
3.918393816456254352e-05
7.185388705108547631e-05
4.021063561362799737e-04
4.561811395187539194e-04
9.900243275266741236e-04
4.234210288246977120e-05
2.370216301633633511e-05
5.118147132157619918e-05
1.461190492320956153e-03
5.196798453816756422e-05
5.858556068004745667e-05
1.507899968927551898e-04
6.166433859860057153e-05
7.316389229577486978e-05
2.414053091528870097e-05
3.934956676510904594e-05
2.139529248025559874e-04
4.486282989477580294e-05
6.671558022845625198e-05
1.133663663902131571e-04
4.551281995238607683e-04
7.388897579809787703e-05
3.345473091915453532e-05
8.326507343243164062e-05
6.871434594845042142e-05
3.438982407710528140e-04
5.090918695919035121e-04
3.711919626033005133e-05
6.616759202182252112e-05
6.992498789227204518e-05
9.890219715962095498e-05
2.880974936087418422e-04
1.149439822917247729e-03
6.307620881455910624e-06
3.500600870553840257e-05
8.392475820981412508e-05
2.005752733879571936e-04
5.663553614009244263e-04
6.479777613026083225e-05
0.000000000000000000e+00
2.823441385898851387e-04
7.432571803498676515e-05
4.379696609124761488e-05
1.033380698706749524e-04
1.066551826723411152e-05
5.421776941147643194e-05
9.666538553423344388e-04
4.212578532107689859e-04
1.638596450820959397e-05
1.148110505344506804e-05
9.138937512264709356e-04
2.304255144155664627e-04
2.577739340781501278e-05
1.178472806383015905e-04
5.831043632455429751e-06
1.058516177325979435e-04
6.138819472085050308e-05
5.221808595234328607e-05
6.996060393128479766e-05
2.985788242268937946e-04
6.124172174922594197e-05
6.929104364545627358e-04
2.919535168918670598e-06
1.624360393674838970e-05
4.592715032522185040e-05
8.054556038903269916e-05
2.204989879337357770e-05
3.398087312945795898e-05
5.151397013463838032e-05
1.319741214569402970e-03
9.123118528831013424e-05
2.449528262096101221e-05
8.635331539769625965e-05
7.275513791617323200e-02
3.331487892895670163e-05
3.324928359721953611e-03
8.766757515385131621e-05
7.233728746321992521e-04
4.161276832801878776e-04
6.583618925569154697e-05
1.067445064309532725e-03
4.806176234853926782e-03
6.714664378184698852e-05
5.501450563478077356e-06
7.810294373656244361e-04
1.705379792672301757e-05
9.777859854797542284e-05
5.084161073179888383e-05
2.896130162099984231e-06
6.737510876804280163e-05
2.746784532418934948e-05
5.108313040512255782e-05
2.339705756055208865e-05
1.359035948329353929e-06
8.831793407424359983e-04
1.489903078010207502e-04
4.251863389269411504e-05
6.042749159881002246e-05
1.562213397346985108e-05
4.438983907596449896e-04
1.738824983233874777e-04
6.144892040377036889e-05
9.335725890235640264e-05
1.724343451641213612e-04
6.446160434308529685e-06
4.223200798954865706e-05
1.038873261463425074e-04
9.404469481419642206e-05
7.761142064336936557e-05
7.631834987540964685e-05
8.446751068828048522e-05
9.233300202853272215e-05
7.050397601699582000e-04
1.315304013757466299e-03
2.741666738066869297e-05
2.948770351644910726e-06
4.025583395122610958e-05
1.868569502248667764e-05
3.576473313805374307e-05
1.663313118123134203e-05
4.109407944046310993e-04
1.277687380570180763e-05
1.033210357094165255e-04
5.907892051197358374e-05
2.842705016823140324e-05
1.140115792283634644e-04
4.145131540716388906e-04
1.419670338126254256e-03
1.051119674927610399e-04
3.894528857217659207e-06
6.560159329595557814e-06
5.165892763259164197e-06
1.253749311404778828e-04
9.205179168378007303e-05
3.834444739184106506e-03
3.926489541805541208e-04
3.544119597129095174e-04
2.867825002584919862e-05
9.055721345583403773e-04
4.946473794294759426e-06
9.169698873861608453e-05
9.276089329056849534e-05
5.074237285495434256e-03
5.243570891001689282e-05
8.444749087729586925e-05
1.172352471336635479e-04
2.656998938484831231e-04
4.459200005346902523e-05
2.001665247098853053e-06
4.949954654361007119e-04
0.000000000000000000e+00
2.869810376847609673e-05
4.985720336035674889e-04
3.273075159014015434e-05
5.870167164314256884e-06
3.482646168532589409e-04
1.005844216193763074e-03
7.726972259497042915e-04
1.263707133056577022e-04
1.212262462602019830e-05
8.620062055563398667e-05
5.481411417894262107e-05
1.567482664544421058e-05
0.000000000000000000e+00
1.675842995160748111e-04
1.035360086294142060e-04
2.951175580052934071e-04
5.636493210436404808e-05
2.331598947854298136e-04
2.749506911516723406e-04
4.149660865132384380e-05
3.852026966093672657e-04
1.372726628443861514e-03
5.527873722919775517e-05
7.036515757028487174e-06
8.334828047651653962e-05
1.116844723525723792e-03
2.236063611632839584e-04
8.075013322695530371e-05
6.031215411317308428e-05
0.000000000000000000e+00
2.774298267872290558e-05
5.144247360217531949e-05
3.285364595848908010e-04
1.852351222933976691e-05
4.537353618056164778e-05
1.051459380634337448e-04
8.642057504374146804e-05
3.321432357073753516e-04
7.794728026573331976e-04
9.563931282159878107e-05
2.331351222336009582e-03
8.687221913122547155e-05
1.857998929171814659e-04
9.378416167318938477e-05
1.129603638529828695e-03
9.174363714024878281e-05
1.878111384231796516e-04
2.661362383376489750e-04
2.507365375739217713e-05
7.063944062181151077e-05
3.714947060941658206e-05
8.230921743646308199e-05
4.765649579879962898e-04
7.629877671935797337e-05
3.620917826484479216e-05
9.243411776071480289e-04
8.208713701297418327e-05
5.454821047285837894e-04
9.499635491660731693e-05
2.506875911619279226e-05
2.367125410305505535e-05
1.034752980203431662e-04
1.618478961351587113e-04
3.225232953179346185e-04
1.189141792747119852e-04
6.787912266996459125e-05
3.419350311451703440e-04
2.349617923758828597e-05
4.886582962285678894e-05
1.464299053696116145e-04
6.457897825269460666e-05
5.036575608276492872e-05
1.676219538861069703e-04
1.273513973212282398e-04
4.564731758726831755e-05
8.695583658417201025e-05
7.197324003720346080e-06
4.284123280724675526e-04
3.462653189449563674e-03
9.683918219388623822e-05
1.088719580714161961e-04
1.139610374023150390e-04
6.428508228084515400e-05
5.048843342196821351e-04
3.338491472821743797e-05
1.427954925454476102e-02
6.022175341098251179e-05
3.658094830739830848e-04
9.882299539555006418e-07
5.716474437728622047e-04
1.082040230373233742e-04
9.427471477644465577e-05
7.097460065951003382e-05
7.027346335362937360e-05
3.405611025814883554e-04
7.390131916071206934e-05
5.995484164470515258e-04
9.439831529715868861e-05
3.236779729855503900e-04
2.061939573442671093e-05
5.047132511660099236e-04
3.236675219278525890e-06
4.375683378138752952e-03
7.379032741462463797e-05
2.203087567758337194e-06
0.000000000000000000e+00
5.542085850178116770e-05
1.072513219373670172e-04
3.037420629406096671e-05
3.136755002081046675e-04
9.492436098450781690e-05
3.272350499315282955e-03
0.000000000000000000e+00
6.386665984379769892e-05
9.632928706434576980e-05
7.861458659692534745e-05
1.330870123865902563e-04
1.927514300682734317e-04
4.635917033491657071e-04
4.226248726475080852e-05
5.895904874774532280e-06
4.415811959977706250e-05
1.200903816264492059e-05
7.586934809153954870e-05
1.098791801913171585e-05
1.028375310843230217e-05
1.873870064965154833e-02
5.430603046286032074e-05
2.214812950965083213e-06
7.905081035519674035e-06
5.577394383038593740e-04
1.050237568755991760e-05
1.352466146480352021e-03
9.940699801174806508e-04
6.635919288183899267e-05
7.321103790972666896e-05
2.466160528389778881e-04
1.222501456549766766e-04
1.110532676086247762e-04
2.390607429204120971e-04
5.825807381008024378e-05
6.861849499534852879e-05
2.928757246495057695e-04
3.684923393195796448e-05
4.301949099474813051e-04
6.767991094191906502e-05
1.593950135156430262e-05
6.678126066034279385e-05
0.000000000000000000e+00
8.005203343294105235e-05
7.556595694167299640e-05
3.651416494492077653e-06
1.453652639824554375e-05
5.706443412145651003e-05
1.245973172156456779e-04
9.861509875748586244e-05
9.751805887124404481e-05
2.885783407406004088e-05
8.143948851975153812e-05
1.038746034900186208e-04
3.054853792934246779e-05
2.067602393349975051e-05
3.720070729575483188e-05
1.081592644196439283e-04
7.722249143897348667e-05
2.855700686517889165e-04
3.889035071795872434e-02
4.635450656397569163e-04
1.429602568716040927e-03
9.107841288254728176e-05
2.654082430715125069e-05
2.098463469142196848e-05
1.398622288840887812e-03
1.347767636124350318e-05
2.835154911455456053e-05
1.864327069328645600e-02
7.871689401591890891e-05
1.893856417659063986e-04
3.335306340890685833e-06
5.836763351226596439e-04
3.800799882048749086e-05
2.980332037151775911e-05
4.814004305313676559e-04
1.067204038759850590e-04
8.511181239448973874e-05
2.123242419092857773e-05
5.190124122603829602e-04
3.884738380800757484e-05
5.172177694691434502e-05
7.370963457661443589e-04
5.128564244880195067e-04
4.232344291529061984e-05
2.919470030656784774e-06
1.877332898949754156e-04
5.521671623228381008e-05
9.943956052389983191e-05
9.795036282435731886e-06
2.221137355264296180e-05
2.021008427214418573e-05
3.790489510358638781e-04
5.117018471275946740e-04
6.714199538281674130e-04
0.000000000000000000e+00
3.517674084459636644e-05
2.978671507017928519e-03
4.483321843517654236e-04
8.357632622511365519e-05
2.822929361771853138e-05
1.344652819765239116e-05
1.406962672086186717e-03
4.034654896658678444e-05
1.268000579515265449e-04
3.662107847099172766e-04
8.355135174081979325e-05
1.822827905004980415e-03
8.049218535602337783e-06
8.514515218405157356e-05
4.503141005336451551e-04
6.008620210937630967e-04
0.000000000000000000e+00
7.790754916982469823e-05
2.525636133106770053e-05
7.890144053128168291e-05
9.530907313357176770e-05
8.689092980658287308e-05
6.531662595125885783e-03
1.213861681317963308e-03
4.846555149460975636e-05
3.955030970808047643e-05
1.022476086276044089e-04
1.663270667813865518e-03
1.993826425925730478e-04
1.000739462971406385e-04
1.160571323667467447e-04
6.444173625907268811e-03
5.355293096959140705e-05
8.176803216589354536e-05
8.791875079618903478e-05
1.416998778883991620e-05
1.042937632208468159e-03
1.098672917014086573e-04
8.739761065057306287e-06
4.807305500178582036e-04
3.203002746054662344e-05
5.191915549316409597e-05
4.385204416151754138e-05
4.293778571996100597e-04
8.810262127100158109e-05
1.313776666762842827e-05
5.423896832836948566e-05
3.875935448209774095e-05
7.761630051193626860e-05
