2.442680334754711823e-03
1.282419786679988216e-03
1.560749018404848556e-03
1.855188809263666732e-03
2.506006068202650851e-03
1.297055532275646602e-03
2.186041122172523079e-03
1.588302344602149970e-03
1.545085160926417669e-03
7.432699615328269534e-04
1.125506392000142925e-03
1.616952863037973394e-03
2.026435967857319505e-03
1.393855587585946312e-03
1.720005161777890708e-03
2.180912798620033080e-03
1.523659681505719387e-03
2.355964102520298562e-03
1.923318797535457413e-03
1.822052908499765004e-03
2.080671795176848495e-03
3.698249710112175466e-04
1.639777457740709734e-03
1.496789121805979688e-03
1.295173204920236970e-03
1.987529499001616969e-03
2.602338180601496478e-03
1.704404524479798642e-03
1.552875269264342379e-03
1.878130456269232239e-03
3.453673070355028213e-03
1.976856350162718625e-03
2.809858413506765001e-03
1.566362641614694930e-03
2.132656610855041598e-03
1.489136255596140235e-03
1.221574498383480980e-03
1.826997042666181001e-02
1.785272738188010792e-03
1.850641854828581276e-03
1.469466626841918217e-03
1.754935614364627749e-03
1.369824948128622660e-03
1.709306318953838014e-03
1.924799873694691722e-03
9.858333632305465305e-04
1.386042962817635171e-03
1.554649984291050753e-03
1.795030971820980653e-03
1.349047622910052886e-03
1.157479218955542819e-03
1.972872992032807544e-03
4.478836416334314174e-02
1.574647886485248689e-03
1.773324652213145638e-03
1.684042820888054541e-03
3.095586965907325908e-03
2.604150896874490861e-03
2.132833122059709340e-03
1.474202636658204432e-03
1.794498223853740505e-03
2.025474332873348441e-03
2.159804481839177476e-03
2.062777910227131962e-03
1.242088161687451104e-03
1.866758770673036067e-03
2.245661642623233631e-03
1.118371447899902445e-03
1.858987445851097674e-03
2.105162726501116043e-03
2.339735053974644971e-02
1.192642022643728957e-03
1.506311295156331428e-03
1.969426945148250712e-03
4.847316094202089309e-02
8.560007276980171774e-04
2.250092657627328872e-03
1.724003213074298650e-03
4.215518132733473105e-04
9.902440502809303942e-04
2.308496505870650650e-03
2.138948946704982527e-03
1.173193892951130465e-03
2.646518681162551151e-02
1.650386217955682796e-03
7.182308048774536935e-02
1.340266405352538758e-03
1.753255964067623480e-03
1.114149354983590525e-03
1.372381117639991707e-03
3.297992396390522860e-03
1.397198712703568791e-03
2.154154915543757265e-03
2.060376420073421408e-03
2.370523916058111993e-03
2.554625450763593590e-03
1.074043228908556609e-03
1.263781614746878031e-03
1.552660467787518117e-03
2.282706164445855602e-03
1.964522982719883563e-03
2.011748437768327066e-03
1.977366138682772230e-03
1.094664264349318661e-03
3.155177376596623572e-03
1.623581803239554106e-03
1.990639611260089630e-03
1.907729497381077666e-03
1.864767599059758644e-03
1.093398421724144304e-03
2.222304095285872541e-03
2.725695904420820121e-03
1.148087137499470252e-03
2.828459368633982028e-03
2.431658640419909981e-03
1.562063378494442422e-03
1.663884661564746801e-03
1.452166520651309569e-03
2.357798434549875175e-03
1.718934112921927321e-03
1.980726544037243134e-03
1.278129891886819851e-03
1.489473063761938493e-03
1.494799625530747640e-03
1.819442966165829090e-03
1.413755095645533207e-03
1.750453572085811571e-03
1.636372445489017073e-03
2.280615702149146710e-03
1.550031256269116496e-03
1.308487936614036434e-03
1.101574870936103314e-03
1.924547753828222477e-03
1.748231903961182431e-03
1.373355663821780029e-03
4.477822057624163132e-02
2.185224292858679949e-03
1.906631338388458307e-03
9.218126510206008616e-04
1.702933905954867339e-03
2.911517922727864353e-03
1.434249807792445635e-03
7.621225280225063124e-04
1.922395327508590697e-03
2.620488396979884105e-03
1.400395522870041343e-03
1.451058447380136705e-03
1.317966276440052115e-03
1.122716198375382692e-03
1.240617864677875156e-03
2.573245539371360122e-03
1.986207068024936195e-03
1.034880599901711815e-03
1.766687597338265732e-03
2.029737010336648845e-03
5.671302729612732671e-04
1.399668935398830404e-03
1.899875029153999181e-03
1.463355504121232990e-03
1.650521096738826647e-03
2.755978281811317845e-03
1.678703427101596634e-03
2.087050579326616209e-02
7.136825111199803992e-03
2.439275781242496340e-03
1.202630348233446958e-03
2.795973370294129335e-03
1.502781181781725432e-03
1.236657912607922122e-03
1.705307542999272372e-03
1.575910977383212152e-03
1.366465390847844408e-03
1.193102096024131493e-03
1.646405402198462343e-03
2.055515637150983396e-03
1.847718461222369038e-03
3.103829120460528494e-03
1.735662591292101665e-03
8.264218138063680538e-03
1.075143506744660749e-03
1.858497487951666456e-03
4.865977144461582299e-04
1.166912922348960213e-03
6.243308223756453140e-02
1.906077223383055574e-02
1.692625015816712555e-02
1.075377862199779645e-03
2.331842012076347070e-03
2.788271397502465124e-03
1.266349915095065426e-03
1.729745863753336414e-03
6.544408273630673845e-02
1.214389716433628965e-03
2.326069523459222636e-03
1.136014714982137375e-03
1.992009414641459503e-03
1.591141387989686296e-03
2.830292795952388946e-02
1.901578347265833833e-03
1.941773526272663839e-03
2.041865437434715966e-03
2.232691399248429645e-03
3.332811569003447851e-03
1.434806541093424682e-03
9.057600717722953838e-04
1.307400873478674168e-03
1.689036174352978549e-03
1.418143382392891188e-03
1.109598245864893600e-03
1.214196600043362722e-03
1.504358496667580021e-03
1.322865136323791773e-03
2.186391488163166343e-03
1.328888932435328676e-03
2.087638432789289816e-03
1.342115719384129368e-03
2.679748795388757921e-03
2.418746566163651815e-03
1.947756178296984088e-03
3.242604898196480359e-03
5.273022794213275480e-04
2.327500908031192046e-03
1.513443504271109411e-03
1.427576514379312426e-03
9.369762869573364282e-04
4.128007344767176991e-03
2.799438892398880500e-03
1.915994869917895822e-03
1.734299388984954183e-03
1.919017778076343231e-03
1.710656316975765799e-03
2.108438525512881714e-03
1.089353847041689242e-02
1.389693673373350790e-03
2.042796260936497604e-03
1.645055348994156142e-03
1.483343844594873021e-03
1.481777053955225971e-02
2.560094584214647750e-03
2.602176060151283055e-02
9.984808622505527993e-04
2.507760826488033765e-03
2.381191127787812400e-03
1.921294605181749588e-03
2.677240649131968232e-03
1.954721636221479122e-03
1.985430469399093647e-03
2.523327295239080701e-03
1.467125038087211449e-03
1.593344774197489981e-03
2.161517990847820845e-03
3.001848216967653582e-03
1.466803463330802748e-02
1.732762890394585207e-03
1.620945254562900428e-03
1.864444636371327853e-03
1.959397659334968008e-03
1.969780085396379606e-03
1.381415157649243906e-03
