2.603842053566656587e-05
4.457437591899974258e-05
3.905495375990069684e-05
1.732183788518953718e-05
2.117290827489423335e-05
1.918659831714824801e-04
4.328235921221223158e-05
1.567567844697386273e-04
2.018856797881231542e-05
1.569210270434285494e-05
1.921702914263613194e-05
1.373728776599233567e-05
2.902541087708376428e-05
6.475143020115820580e-06
6.025094708242990368e-05
2.474383261101704143e-05
9.953376922681020630e-06
6.279008976220657899e-05
3.450922412355723526e-05
1.218464279235441425e-05
5.492387486929063527e-05
2.137911996345656738e-05
2.335079876890145995e-04
2.592349163906767869e-05
2.000797695775151375e-05
2.528968390780766926e-05
3.028169473149490754e-05
2.566081823804602555e-05
7.337766989336404590e-05
3.428223966014750279e-05
2.672348931029463237e-05
3.514052708509694882e-05
9.201373083812054284e-06
4.802196027861691148e-05
2.585257657910477913e-05
1.972105460089763581e-04
1.891022103656598010e-05
4.124747372876729390e-05
4.176093355755621764e-05
2.971384745059822631e-05
3.472793981391054718e-05
3.825294380289948672e-05
4.777394213055383360e-05
4.650075855443489443e-05
3.624707885347882100e-05
4.122441059784991347e-05
1.004771918155951394e-04
3.560493481560228702e-05
3.246824057879679445e-05
3.415187268208250073e-05
1.973084771480930249e-04
1.770001491056105822e-04
1.229438226038518145e-05
2.488344875728651758e-05
2.769634996692399483e-05
1.797247273891160172e-05
3.883746175148681975e-05
3.664802209835205733e-05
3.668366164834277791e-05
1.080430168296999588e-05
1.518136096160919899e-05
2.978999886704492285e-05
3.754437281093298847e-05
1.775071543761179001e-05
2.796558001914245740e-05
5.751296839575457124e-05
3.407656492886303829e-05
2.611617709667831062e-05
8.238379243807766828e-05
2.039713905183805886e-05
2.300749042417429857e-05
5.952680615916870256e-05
5.532787824850378215e-05
9.346174441912544163e-05
1.188704977862592801e-04
1.258387994150345188e-04
1.166856544244759662e-04
7.489038674044044971e-05
6.300359320909736940e-05
1.799208877111660351e-05
6.359102297222780670e-05
1.998556096571407737e-04
3.088464568440017055e-05
3.885785434972691409e-05
3.304529257028654632e-05
1.323187729799156770e-05
2.650656384793758868e-05
1.225618277381821662e-05
2.191541021338460203e-05
2.829371010510360607e-05
2.469781832664171711e-05
3.091176878044964242e-05
1.395098409429200448e-05
4.898585315435162858e-05
6.884403167610510525e-05
1.326693381407959352e-04
3.243331165513140235e-05
7.939651723004454418e-05
1.118488320094960386e-04
8.414511692294039322e-05
1.993224110754768133e-04
2.187723989301208695e-04
2.389450962860037030e-04
4.080865120459052382e-04
2.470550381731948420e-04
2.258905504460837269e-04
3.323415874116462834e-04
1.620929610345559911e-04
7.300643912603611005e-05
5.650588025704142030e-05
4.911874802704730613e-05
2.074158561754714406e-04
5.796855647828474739e-04
5.952481430328704636e-05
2.333625503246339057e-06
4.558839925240205167e-05
2.242211823408619530e-04
2.307942664028515673e-05
6.112420060307214240e-06
6.863169942634362512e-05
1.682245872051403343e-05
6.351051057965957257e-05
1.200635395762682473e-04
1.032295746098351878e-04
6.077274452283691641e-05
6.575448441510765732e-05
1.184764756794335006e-04
1.192964364282985882e-04
2.182314646063952042e-04
1.700847590743347808e-04
5.294709519691038991e-04
2.560012013882409401e-04
5.098763359913572766e-04
1.540598015999829077e-04
4.327214415562436692e-04
1.124133477696246308e-03
3.531118435339234579e-04
8.239665467344700666e-05
1.049657321968433397e-04
1.826003090533345665e-04
6.066304981511362105e-05
3.077139533056249101e-04
5.077202998475025377e-04
4.112223891345315240e-05
2.694144560527927040e-05
1.923466327105840981e-05
1.752078165510689801e-04
3.226613640360351281e-05
5.398024833686972103e-06
2.737577918760520981e-05
1.855907989616040600e-04
2.150065956253104202e-04
8.211143839914302454e-05
1.154349174717122432e-04
1.121064406299425404e-04
1.323752691839305226e-04
1.262405774511296758e-04
4.334561630385785468e-04
2.818034253884158023e-04
6.395963234509506818e-04
3.434678276331399422e-04
2.832240966126218173e-04
2.736943833609540916e-04
2.537589259735264580e-04
2.749548260234977001e-04
3.324559212142881755e-04
2.390352416754994277e-04
2.135576517728925898e-04
1.431984167569361785e-04
7.241360648788631939e-05
1.022680057733537637e-04
2.766497561360471810e-04
2.775430371557704805e-04
1.134943940371175452e-04
4.672732418710834204e-04
5.540939376969564005e-05
4.362450774499466381e-05
2.421135905200023811e-05
1.903223475106512077e-04
1.127306985174969365e-04
2.474125820644034260e-04
1.207358362417122716e-04
1.527317853337116342e-04
1.538666600561964474e-04
9.614445508038966528e-05
4.275953042278579815e-04
8.608156924299176747e-04
3.726538064027899461e-04
6.885581399325023562e-04
5.491439649888909700e-04
4.372388790545154893e-04
9.277963501988175819e-04
3.841457283369381398e-04
7.886557075430723936e-04
4.436595285573640573e-04
7.324528166957602546e-04
2.781654731363915334e-04
2.398215627834874891e-04
2.126910559178163439e-04
2.045993746884212645e-04
1.371289761509533690e-04
2.543964380547844307e-05
2.357164629619844541e-05
8.028498337440278750e-05
2.127055642479135875e-05
4.460878814868041089e-05
5.602769412629331972e-05
1.312411451589572413e-04
9.715841619267169625e-05
8.537495726296214827e-05
1.145970447233436951e-04
2.903128189703115241e-04
3.220741069966085606e-04
3.056460928891840500e-04
1.234238489371608689e-03
1.100619522230851391e-03
2.424353268797346111e-03
3.437988673633366756e-04
1.056269178071307137e-03
5.732255695169051132e-04
7.884312852687447434e-04
4.910681147673979455e-04
8.921223287844305292e-04
3.899155365336094887e-04
1.214742397969994624e-03
9.369152945618833186e-04
5.614444054550466259e-04
2.777050466942306743e-04
1.359935360435441309e-04
7.682732068820889964e-05
1.051771930281716389e-04
4.605433636440725754e-05
1.128631233947804437e-04
5.623436913912963395e-05
3.961594089528343781e-05
1.094641462756789008e-04
4.467305468337570413e-05
1.681420473523427539e-04
1.995873226053636589e-04
2.316204857107643687e-04
2.074521318550592386e-04
3.956081271872578342e-04
7.509982056937441640e-04
5.020595082413611184e-04
2.759909037094907501e-04
4.196474156011716300e-04
2.591927397821848326e-04
3.094223659032345301e-04
3.110323402706454679e-04
6.984703076775996243e-04
8.265266817493747888e-04
6.913533487714800321e-04
1.034731491839664804e-03
1.081379869387315328e-03
1.145647333828126238e-03
8.443309290870703145e-04
5.625978570122294872e-04
2.598827448787742380e-04
7.799903570653135597e-05
1.518575293610092167e-04
4.891549222099976025e-04
8.624466719320485512e-05
6.537679404814077621e-05
4.661560816131806508e-05
8.581574660689721427e-05
5.473954527731934221e-05
1.799135326728982999e-04
1.070574279562489179e-04
5.236890700645146623e-04
2.938521554104906743e-04
4.103919848330885283e-04
2.362304615574069386e-04
3.058660305198370529e-04
5.128975266501185947e-04
3.203004151944341513e-04
5.437600157515799565e-04
3.574898349255266165e-04
2.828036938000387242e-04
3.464569911053214340e-04
6.292745988929538715e-04
4.672222354306806947e-04
6.688878969247369095e-04
6.607683651958742464e-04
6.197153517325619792e-04
5.946428249873933307e-04
4.484952903103825938e-04
5.164555970966591995e-04
1.541920153191779096e-04
1.362656901237900618e-04
1.389975666412431640e-03
1.496144077032808117e-04
8.033787310893981590e-05
1.243922960258002244e-04
7.235947279369379253e-05
2.114522275896606261e-04
2.040286250078642623e-04
2.615474323247628436e-04
4.600381372712875603e-04
2.738320170487778659e-04
4.850687738050920629e-04
1.937861831380708070e-04
3.169437671193581934e-04
5.620980615889433884e-04
5.291645943379958555e-04
6.963619480273329021e-04
3.489403284063989207e-04
2.288650368672701671e-04
3.356162383274853577e-04
4.033421164839484110e-04
6.741901219585875104e-04
5.951577630103013382e-04
5.289106118528039396e-04
8.368111088154593777e-04
7.389886581444500644e-04
7.804071466790690617e-04
1.834882822945728626e-03
9.532502887355441502e-04
1.224636034600603879e-04
3.724886694788843815e-03
2.114366850454618035e-04
1.092708181252772029e-04
1.934488905817849760e-04
1.959063597223733124e-04
4.546285753163100524e-04
3.629884332670983748e-04
4.821418058269376795e-04
5.806619767760721378e-04
2.768259107560146789e-04
2.525506003674828732e-04
2.649263641815806890e-04
2.464213532194209203e-04
1.397298829722280408e-03
4.135756699607669520e-03
5.337499416276557385e-02
5.296047774720892380e-04
1.705949400571184790e-04
1.939118430097173246e-04
3.514180498285058392e-04
5.509002750945136842e-04
6.647344939930635186e-04
9.969067975105314495e-04
8.128928130269874857e-04
9.262855229123417898e-04
8.825803942816090944e-04
9.268793262122357454e-04
9.665732651785950962e-04
4.414238095787251085e-04
1.216470633144176939e-03
1.706832378186848352e-04
8.656252197995788948e-05
1.931567201617734959e-04
2.562908079105197354e-04
3.600666177542375529e-04
3.394199873469095643e-04
7.033348148626409170e-04
6.301315882165697737e-04
5.074359079337693824e-04
6.925236870188055706e-04
3.255353547336987475e-04
3.618989260606031303e-04
8.049723555497284837e-04
1.324081053659243454e-03
1.788644751128294803e-03
5.312019670278109347e-04
1.360902395617075004e-04
1.771726766193944009e-04
2.936490288214121556e-04
3.369449442100736717e-04
6.424906664259862369e-04
4.473880408572051583e-04
5.560316869282310023e-04
1.152183713300149398e-03
1.264189555569446115e-03
8.100481860087923062e-04
8.690266922742607677e-04
3.367255496245741102e-04
1.404355025949561003e-03
3.189664410999780582e-04
3.282070185636488924e-04
3.223584196506725213e-04
1.999418169201989698e-04
6.257768498613390518e-04
2.075037967319215079e-04
3.868832147355430700e-04
6.315673550175586242e-04
6.491346715903400849e-04
6.914865149793865537e-04
4.990519275000272238e-04
5.619405633070743023e-04
1.907774178391727707e-03
1.843587116192615472e-03
1.106088942182268482e-03
4.390525611814277132e-04
1.443414037893793532e-04
1.139854940131950194e-03
4.500085255761395809e-04
6.354624924205770197e-04
9.605506474684740283e-04
1.013388496626534650e-03
9.905436466020054245e-04
1.776653511965234312e-03
1.776010237057535886e-03
1.576135328691452087e-03
7.336719387351629297e-04
6.797755409244353193e-04
4.500450866719857800e-03
2.278993992305340427e-04
4.260844853514290454e-04
2.828298073459212486e-04
3.171631551072316094e-04
2.493685688464513631e-04
4.758328225242550126e-04
4.527096887176700578e-04
5.037220185668749928e-04
4.118325770160178624e-04
5.817387808203561186e-04
9.904273456392386887e-04
9.954518667860384057e-04
1.044458268396196952e-02
6.894818954239245387e-03
6.504764466967777499e-04
3.294308495897003714e-04
2.974817683243770956e-04
2.534454706139597970e-03
1.549859531922300696e-03
7.463687317775989866e-04
1.194646774860368306e-03
1.744876000869386183e-03
9.962134836352658663e-04
8.207861868182812423e-03
1.405337260443850766e-02
1.827984190566521276e-03
1.109029149113308164e-03
6.307200773693868090e-04
8.372874389260576448e-04
2.507259323358391025e-04
2.295497233403428713e-04
4.427117885051491783e-04
3.357808325772882406e-04
4.840892491832385434e-04
3.133095572999020865e-04
3.298309754833503239e-04
3.842623494113747945e-04
3.206611175650230633e-04
1.780140990974898104e-04
1.583066066431345611e-03
1.110010793499211683e-03
1.732035252909082607e-03
4.230526002507186377e-03
9.398509939742168400e-04
3.981258941567975820e-04
2.096640678671148235e-03
3.570620751909469193e-03
4.223722007539427266e-04
3.629418747270161147e-04
5.143802698333720547e-04
9.907052188038853111e-04
1.061894038410812367e-03
1.366790412783620758e-03
5.873916758097086918e-04
5.926211257165097833e-04
2.364956811860905415e-03
2.713407486781685201e-04
6.205809692214552887e-04
2.246620090688717774e-04
3.607335556337709442e-04
5.701042590062801703e-04
2.347361663318916027e-04
5.625001599389773841e-04
6.306332163393510741e-04
3.731963403074983906e-04
2.156972778137556616e-04
3.079399590381472034e-04
3.985213476389432279e-04
6.634562732680467393e-04
8.347470957312774472e-04
1.659708779455012443e-03
6.440878640424342605e-03
3.384246487753173396e-03
4.442496198763545867e-04
1.640623878275582160e-03
6.865934395325389364e-04
3.287574394352005725e-04
3.734331760059634393e-04
4.722674394090393838e-04
1.203326489152633984e-03
9.449058233987481714e-04
6.205674016587286665e-04
8.144482582119264014e-03
1.048198377367835950e-03
2.104399194244561261e-03
5.246144191239418943e-04
4.583375789438158608e-04
3.816018072120381187e-04
4.229602111987762437e-04
2.686690626122409929e-04
1.599249708017240934e-04
4.798580192636034609e-04
3.654955284693515820e-04
3.150133641807632378e-04
1.228819410160646630e-04
2.165653997812182186e-04
3.779315444162549401e-04
8.108550106916222579e-04
1.349645793295757004e-03
3.300267642891136985e-03
2.060953916038688397e-02
4.541413701047871884e-03
1.138003152345621856e-03
5.285226876756408433e-04
4.108003437165171187e-04
2.376273792997317803e-04
6.203187563396762383e-04
3.611800063922764189e-04
8.444235927680812182e-04
2.602799139839353897e-03
1.451941666186155064e-03
3.989698937475774643e-02
4.070136319767374278e-03
1.130208456677041836e-03
4.374726889649689534e-04
4.038508161019364407e-04
1.247773568498575887e-03
2.631973112668595715e-04
2.579409615566442718e-04
2.367054672877834777e-04
4.609277236751697297e-04
6.079182849015770914e-04
3.447365849890517749e-04
2.472581399415310567e-04
1.520661827823055305e-04
1.493611718193738687e-04
3.076237213584001292e-04
2.133791677362014035e-03
2.500351058826554354e-03
1.251395536146425198e-03
1.332094659392340456e-03
4.949100054574403704e-04
8.196364368360513786e-04
3.266879145427233283e-04
2.988992903097275233e-04
5.511733507760661422e-04
3.331921021726068593e-04
1.074662277942863052e-03
1.282977832051055691e-03
2.696010703926449668e-03
2.111288792793074472e-03
1.375129445792670031e-03
3.962631600303069285e-04
3.548148351412771595e-04
4.055517381734546878e-04
7.392122214228730344e-04
1.333324183635240575e-04
3.334411381136210390e-04
3.486564420929339067e-04
1.018551547368720797e-03
7.607154048051518796e-04
2.853472670689231601e-04
1.797303684425239560e-04
3.512591128282455859e-04
3.316242585926752490e-04
4.634406285183179791e-04
4.076367120361953705e-04
1.542489290339668726e-03
1.971170469247213522e-03
1.256649873457951457e-03
7.099062536916583410e-04
6.771911401809334319e-04
4.618105091718858590e-04
4.214213245895490892e-04
2.782972743615619478e-04
4.520561179368607946e-04
6.089340855024035458e-04
6.475393978098168074e-04
1.428660828399884279e-03
5.579040565503033027e-04
3.844770957836901007e-04
5.537381016740537416e-04
1.648715690448556163e-04
8.285018087969375604e-04
6.295012889292168987e-04
1.281409475756180175e-04
1.457017562524080606e-04
2.813372214025286282e-04
5.403939127230079735e-04
9.860310430371457390e-04
1.364252689967743138e-03
3.353345375109034743e-04
2.422736901839520800e-04
2.841105060543049217e-04
3.386932586844017983e-04
4.522637324197574418e-04
6.048125325604000041e-04
8.952913288089511942e-04
7.873666169928521643e-04
6.996259411496259491e-04
4.745635603522289762e-04
2.694660282306795651e-04
2.435715367023072876e-04
2.742927228110160465e-04
6.172518462630448592e-04
5.060817912453402121e-04
5.391397822948724387e-04
4.154134118908053190e-04
4.850082874195526649e-04
6.107764719679378710e-04
5.530947571786242302e-04
6.122731178263423083e-04
8.396483668212467938e-04
5.566138132883328028e-04
1.451992261121107686e-04
1.047446548993476140e-04
5.558688423300580782e-04
9.475249554166848302e-04
3.933858066329968899e-04
4.127593791531427572e-04
2.336254455718849170e-04
3.803174205705750271e-04
2.148034381234689108e-04
2.463089604522341702e-04
2.417786067517209707e-04
9.623263426127079271e-05
3.099562267886959077e-04
3.110007751868358616e-04
1.857279002560224043e-04
1.820693342758879295e-04
2.205250053074029346e-04
2.851375851602310114e-04
5.424619467923835845e-04
6.786315134363570846e-04
4.188337655144241142e-04
6.982854081597087087e-04
3.247017998435568317e-04
9.455962228183769670e-04
8.833576372302105262e-04
2.236062464012779187e-03
4.748664880254307801e-04
1.373809289013826413e-04
5.606170276920392163e-04
1.361442547320900658e-04
1.890508569724162757e-04
3.149018790954995466e-04
1.621468198855761976e-03
9.894515947683115570e-04
9.162238444193661086e-04
2.902232295079156454e-04
4.385749311344996969e-04
5.797737397345210410e-04
3.397003778497866867e-04
4.342506469965106320e-04
4.439021690360282638e-04
3.291843166793206768e-04
3.189802685790525650e-04
2.864458084146651517e-04
2.268742261594796630e-04
2.114148884911010509e-04
4.332314595169700611e-04
1.165115950370034827e-03
6.516693449797041028e-04
7.513710637416675699e-04
3.913689974378936837e-04
4.332928244207407114e-04
7.126224039327713408e-04
3.098222086861965405e-03
7.420977255605456114e-04
1.005365580135544998e-04
3.628385088629390749e-04
3.042678678412668865e-04
1.741606975762097676e-04
1.406912411441057944e-04
1.972257747659104813e-04
3.193570780090077129e-04
1.109761592453985301e-03
1.911927473315967914e-03
5.465310935493694795e-04
5.139610635167905220e-04
5.257874338959764391e-04
6.293404222120505204e-04
8.635532549339740814e-04
7.656713514101543341e-04
4.673934687469988194e-04
5.512496535802563968e-04
7.533105895862486200e-04
6.825987481230347395e-04
1.448679021757783751e-03
7.993949811872191847e-04
3.065888904414532101e-03
1.737369037497014067e-03
6.645782482532279576e-04
4.275653964911357982e-04
6.932606075950650945e-04
1.934262192525988602e-03
8.130046556470948678e-04
2.731423351176809821e-04
1.754663136124099841e-04
1.345704081107810743e-02
3.510363753268092284e-04
2.244913800736703200e-04
2.321773353297574476e-04
5.394387753877005878e-05
1.774919259281745453e-04
1.094425299595975956e-04
2.654910089564698123e-04
3.789705232524520130e-04
5.496696981259089959e-04
1.921055014972514999e-04
1.126293321819994047e-03
2.082718394698871572e-03
8.514281944660104543e-04
6.468561810382526551e-04
1.055926400184310819e-03
1.422081337183620170e-03
2.404586586957435136e-03
2.621692998465728185e-03
1.148249680029383340e-03
1.013725072756014580e-03
4.994605692044614157e-04
3.203166860613752592e-04
1.179285297823712275e-03
4.344120840146190390e-03
7.560634397855131974e-04
1.467738644911857485e-04
1.597641104148604793e-04
2.817927525917556810e-04
3.971333735505978239e-04
2.308521761394118988e-04
1.178194424991946802e-04
1.246135753541415621e-04
2.308064609421332433e-04
7.503504859524179240e-05
8.790260008495605034e-05
7.053932739724826540e-05
1.123190968191092821e-04
1.091115369694934935e-04
2.534260503882110284e-04
4.165552915937301040e-04
6.902886425287303642e-04
6.383665219534508583e-04
4.885740335611680335e-04
2.830326025206020518e-04
5.135597036113045489e-04
1.905564103945692764e-03
7.396688069021450018e-04
1.283748579321354263e-03
3.499800261396786446e-04
1.856856155640684901e-04
1.632358209706760352e-04
6.786261970657457652e-04
1.765721195548259053e-03
5.479608127652925735e-04
7.692911670011943852e-05
8.984736465984800825e-05
1.399487886260943959e-04
4.663966700118789841e-04
2.017866471111504512e-03
3.049110067370555156e-03
4.577849526496168865e-04
9.277714900703497845e-05
1.291743517437299749e-04
3.075566666781130726e-05
7.274152704549142427e-05
1.586599003659277965e-04
1.259359056792419497e-04
1.872648538285897008e-04
1.720887747960350386e-04
1.417580239875571599e-04
1.433298702134225982e-04
1.137783732508099871e-04
4.961811802279322402e-04
1.233997983933055444e-04
1.832734266738990305e-04
8.315722067118693417e-04
4.180618965758538231e-04
2.527963112437766387e-04
6.581129457161964387e-05
1.781026096406840688e-04
1.292314977930676407e-04
7.969830459465545539e-05
8.268940379479498511e-05
1.319003923826425530e-04
1.007726387043813388e-04
9.094246428839869976e-05
5.260770022957690552e-04
4.029285099458519725e-04
3.212867168749172840e-04
1.067437715998971936e-04
5.387042224175181437e-05
6.932233929883235509e-05
3.818740278488360403e-05
8.176428556346345853e-05
9.401446351141957893e-05
6.458785797723097901e-05
5.255784985051937641e-05
2.084281175928938412e-04
2.357550744085606205e-04
2.154503201375615397e-04
1.524943363456008737e-04
1.597960123361172888e-04
4.229521015399897803e-04
1.698624962002498690e-04
6.677650700725976411e-04
1.171095094234216819e-03
1.570776601393624860e-04
8.059950910207010373e-05
6.215567466734009210e-05
5.361524824586636222e-05
3.950485571449839189e-05
3.656569483444237662e-05
4.894693924922632986e-05
7.380898086271648348e-05
1.095582588799129192e-04
3.059052933171414962e-04
5.712406143778629144e-04
2.260185023276365757e-04
3.602489768147570893e-05
6.234855654288208550e-05
5.200562377508762739e-05
5.272751103298938848e-05
4.763061781038123953e-05
1.143696697110036019e-04
7.716025080773353609e-05
5.831875299253904869e-05
1.018639858402946492e-04
1.761086589374050897e-04
1.777095396682337009e-04
1.630162069974660285e-04
1.082706816567094904e-04
2.509647131038596581e-04
2.136581498994181072e-04
3.585758695817220336e-04
1.087239980592535519e-04
1.353783286671060809e-04
5.613961579839789567e-05
6.537544785350122233e-05
3.370679463482309296e-04
1.146923215268139004e-04
6.990147111550352229e-05
4.508918033914619889e-05
4.638315027771882347e-05
8.825846437532123092e-05
1.255518949859442466e-04
2.297281587518805717e-05
3.878019515037299151e-05
2.694592702508031301e-05
1.569964481557830925e-05
3.455906161128086151e-05
2.987330622451394365e-05
3.553313289419121645e-05
3.765608647365436824e-05
1.262628734011427147e-05
4.277711797557666896e-05
1.663287229757343645e-05
5.556233958560422573e-05
4.710765243420841295e-05
1.746692757647185868e-04
2.290581605028208065e-04
1.980926127389153249e-04
2.342226048025355760e-05
1.383966070833326682e-05
2.040433598303717820e-05
2.622581079081205650e-05
3.141127481301913052e-05
1.250499042905546671e-06
2.548505575196069995e-05
2.086511970063041383e-05
4.388890028345352379e-05
1.650503216282281875e-05
1.981637878006214365e-05
3.887320671026918021e-05
4.485123134802622067e-05
2.425390231278389078e-05
2.024307349511141732e-05
4.042347892461975064e-06
2.835172759288157081e-05
1.509525188216322565e-05
3.508132485843983630e-05
2.144130493744584895e-05
2.805387338995556662e-05
3.940214160904627989e-05
3.012212456322971304e-05
3.845300692751748499e-05
2.201371554412317685e-04
3.137723334164171869e-05
9.345801845072856029e-05
4.304469412310369769e-05
1.694756870639570239e-05
1.823571997617680969e-04
2.652516493834086307e-04
3.401980250223794841e-05
2.260209380702632670e-05
1.592755312454348384e-05
1.757044700957334485e-05
2.065379846871340279e-05
1.796484325067330089e-05
1.569581544180745293e-05
1.474756146262292689e-05
3.885567618755430663e-05
3.543907248234458654e-05
2.709654084093527558e-05
4.376194889276878249e-06
2.180044278559625209e-05
1.177447497846424029e-05
1.977965434577134504e-05
2.282250286494424081e-05
2.568940434675468469e-05
1.417017738746911364e-05
6.512894015247453828e-05
4.580532802279097654e-05
1.747246684177478304e-05
5.447249591473640962e-05
5.440799799575826164e-05
4.057929970776818465e-05
4.061423149171173284e-05
6.275747270384061146e-05
5.099779322769141686e-05
9.058334497272347945e-05
4.492854702617591722e-05
4.585983383806596631e-05
3.878142520978029710e-04
4.437363534232388710e-05
2.966105094573668309e-05
3.520274954337647557e-05
4.814612205775192257e-05
3.414008591277616935e-05
3.600038563888243457e-05
2.892245390705576637e-05
3.490483307999086611e-05
4.226482520228423836e-05
2.052659457857821914e-05
1.075952682512508926e-05
2.969317721459669435e-05
1.451828251611729551e-05
3.217568636940148949e-05
2.759604432773175357e-05
3.867359303706335914e-05
8.078713443178037515e-05
1.762894361763299369e-05
5.174948934806842301e-05
4.571262762317166730e-05
2.810417342814254459e-05
9.828254957553616720e-05
4.646442600892986143e-05
6.579705005562691404e-05
7.085211922623891299e-05
4.215219112061499270e-05
6.333833605053396684e-05
6.835616843849368345e-05
6.822540298551647581e-05
4.484391009004238063e-05
4.038096921030215363e-05
3.274578678642472697e-05
2.829559117293695635e-04
3.282575925314798124e-05
1.426736737213658638e-05
2.671049054569120875e-05
8.325029890555332127e-05
2.148053706811251117e-05
3.249931308469509333e-05
1.897635140972580764e-05
9.439521516253715714e-06
3.059923868172210158e-05
3.317992146751850169e-05
3.423942885648126718e-05
5.862433040659795528e-05
3.284851117457733165e-05
9.652134024792265719e-05
4.162494687339967584e-04
9.573302625198689862e-05
1.801925939959818487e-04
8.148683775626950623e-05
1.405370197891118806e-05
1.441806299434385502e-04
9.363048475577017554e-05
6.804966794050977172e-05
5.710830443874248140e-05
4.952825013766401079e-05
4.959070951802747884e-05
7.678784819121390150e-05
5.924748834214545938e-05
6.574300231252684906e-05
2.901654350537151103e-04
2.715590465821838499e-04
2.023753809387692166e-04
2.682471803329515423e-05
1.484007916922100587e-05
2.720947685773103297e-05
2.031470753027206952e-04
2.093442790608553768e-05
3.024732403759681086e-05
2.149719722658613799e-05
2.281050330690245209e-05
4.017279678531238558e-05
4.369893879840527359e-05
8.165163505015958869e-05
3.366210733857525407e-05
7.400421424843162295e-05
9.766030081599275819e-05
1.875755844031707861e-04
9.462117618449670739e-05
1.248984949811030574e-04
1.405905713792327807e-04
1.126406362613964669e-04
1.064666962260360858e-04
2.094196241952150689e-04
2.367368854156630474e-04
2.477593268593816941e-04
7.102114756961301991e-05
1.534140810577737119e-04
7.152149146178968947e-05
8.821868774759970280e-05
5.921165754048438832e-05
1.625798629912205209e-04
1.027861212817899510e-04
2.339804112317762854e-04
2.022263605656148390e-04
2.983946359947264705e-05
2.114919732661729276e-05
1.808922024094762330e-05
1.463301009000394155e-05
1.121668143567929607e-04
3.038663361235085641e-05
9.115844764150683982e-05
2.279259080953229422e-03
1.027234493477850676e-04
8.925705213148390626e-05
2.388193596956251238e-04
1.220835978601875617e-04
1.451018461473230442e-04
2.303156559397203794e-04
1.504377520044641620e-04
1.738983784588355266e-04
1.241592194737451012e-04
1.593449187753201858e-04
2.286513311690694793e-04
2.468086214989854673e-04
2.086252602061076532e-04
1.028342890744311929e-04
9.059820171222580931e-05
7.294251848139667190e-05
7.760556816811523039e-05
1.274636767052829509e-04
1.961684684985460928e-04
3.526633535922664908e-04
5.894300261729667340e-04
2.129949703730603481e-05
2.618338770751683440e-05
2.623334215821418740e-05
2.215723108602045131e-05
3.696510083478108614e-04
3.529901580392300520e-04
2.033512003808664594e-05
6.908082163719588464e-05
6.607480312144450201e-05
2.403902482310722472e-03
2.942953464511000950e-04
1.311354383536296507e-04
1.122896185012584372e-04
1.323410087192244109e-04
1.230724793972146102e-04
2.002297964276624907e-04
1.688783943645962005e-04
1.637415111650699241e-04
1.496075869128730171e-04
4.516555375343604727e-04
1.686047262355112224e-04
1.571349981526621578e-04
1.601483745876484282e-04
1.800001579116455495e-04
2.183605783517005320e-04
1.698091877202946988e-04
3.108721438032622272e-04
1.097292344388977551e-03
2.789491629375124345e-03
1.987767552037401968e-05
2.191379193417455052e-05
2.849196614786333434e-05
6.791927718120113950e-05
1.205368747082721759e-04
7.126472213590124823e-05
3.417321654015475206e-04
1.694740524077991534e-04
4.668183335110771826e-04
7.085612914488515976e-03
2.577839255291512928e-04
2.383318867803383345e-04
3.513039754674929347e-04
1.845888635389414053e-04
9.626952824430570722e-04
5.233424346850997552e-04
2.409342874670636293e-04
1.250729785031239841e-04
1.755160748458170082e-04
3.969405642899817436e-04
1.398171458123389620e-04
2.585777778962789820e-04
1.549167562180332671e-04
1.373367842458705294e-04
1.416457932218153021e-04
1.151128329971705275e-04
1.775261481461906893e-04
4.362013302614333745e-04
8.297703112100031538e-04
4.996117414876416024e-05
7.455115252166229038e-05
8.632052192502511737e-05
2.417746597479626073e-04
5.789012577114599663e-05
1.332823341369886692e-04
1.943369962257641319e-04
2.257081101949931056e-04
8.284235802444926515e-04
1.144654222788104095e-03
3.981659712726764565e-04
2.867623761485369360e-04
2.400906785629469209e-04
3.457877518830037894e-04
3.030689239865858118e-03
4.129723953469350423e-04
2.204143864289091293e-04
2.726164813141653291e-04
2.577202314134846399e-04
1.914611738383400737e-03
1.290381353560154194e-03
2.863838600533822709e-04
1.153613275255707606e-04
2.970751326694494256e-04
2.437941873624347344e-04
2.077613388462346998e-04
2.419330304445782575e-04
2.816092896475595113e-04
2.151296261931053097e-04
4.531896666342707486e-05
1.001911910748698919e-04
1.034912469927227855e-04
3.623202424491817303e-04
3.194525070886487577e-04
1.359213775439850364e-04
1.351281267852706886e-04
5.212611029776913381e-04
2.737567166954390520e-04
6.764135366009091637e-04
2.619808514715706959e-04
6.848027283409909060e-04
6.083212667667918083e-04
6.548783079907521650e-04
4.890959360650518409e-03
2.940586215996059713e-04
2.764994776279943215e-04
2.689892581005531055e-04
3.517655977182203276e-04
1.806096731827565218e-03
1.496395653501333750e-03
3.277844449725281347e-04
1.330119286218292443e-04
1.153051761257396248e-04
2.709757667240460829e-04
1.769708187691287579e-04
4.160810921655882610e-04
4.470935782009738315e-04
6.150800783077973663e-04
9.484195668733037105e-05
9.074464960380891967e-05
4.914608013970064686e-04
3.301444340836941086e-04
6.087436333296057959e-04
2.710623611216930696e-04
1.971926310937403956e-04
2.849226562109377549e-04
2.485759939951101365e-04
4.367035979360093904e-04
2.719051444508757600e-04
3.968908709593733106e-04
1.076455223475598303e-03
5.295531971705194846e-04
1.433456878385992034e-02
7.843516530014990910e-04
5.467401647789076275e-04
2.907836060694547926e-04
2.157601839783546941e-04
1.751109354171530253e-03
1.377869159287678415e-03
6.207120282696114129e-04
4.036887486207128665e-04
4.054726477677293587e-04
2.907503041209127449e-04
2.283820684414509757e-04
1.034131484035252183e-03
4.466812190573344341e-04
5.440231726344023572e-04
1.411044850484757731e-04
7.966174236825494456e-05
2.282070297056045590e-04
5.179367842334256858e-04
2.567065773805840361e-04
2.470260508328727040e-04
2.209289767388952861e-04
1.778013312020446319e-04
4.215463886094829912e-04
4.319703119159779090e-04
2.865337109323685873e-04
2.172731160760139316e-04
1.133268791125477837e-03
3.107018977676581639e-03
4.649108953680469031e-02
2.106563299355634130e-03
5.619146176446506488e-04
1.783839496589200541e-04
2.390457410792664336e-04
1.150178778895612685e-03
5.075559266941226172e-04
2.779263986565143839e-04
2.004504663568925228e-04
3.095951066704219728e-04
4.731854603936363991e-04
2.530480466435950943e-04
6.908202947011654648e-04
6.361193300797949712e-04
6.908434583083645792e-04
2.073884129222587234e-04
1.759369664567200905e-04
1.580890666496775139e-04
4.755647248741215450e-04
4.388234342913383749e-04
1.064964004085251076e-04
1.372085519312280075e-04
1.971020981620566601e-04
4.519211897601236694e-04
4.795008486110113768e-04
3.504884988295257366e-04
3.354413570015377772e-04
8.349258628547337685e-04
2.122319288326532469e-03
2.147568549004484975e-02
1.123337881093178746e-03
2.910027582514087673e-04
3.731319694279421257e-04
5.566658490693517439e-04
4.867100147834123487e-04
5.880972051977379151e-04
3.691565794217366520e-04
1.843207309895429006e-04
2.742462241794278591e-04
4.832711017398312560e-04
5.171362437160149971e-04
3.230221516837241324e-04
3.898193409816216978e-04
5.184825250759742508e-04
2.031561071736577161e-04
1.142747822458389155e-04
2.248846046999110045e-04
3.058969803032396797e-04
4.694409076393119126e-04
3.375751342407580014e-04
1.996277324849931429e-04
1.700316650023211528e-04
4.855605021291829119e-04
7.248089507329403625e-04
4.040635151804385355e-04
7.478565156143726807e-04
6.207730096873243213e-04
1.385798125841243393e-03
1.376420940313890715e-03
1.087057345364815302e-03
7.862507741469160075e-04
5.439857210871750816e-04
1.118200408037730307e-03
7.793097699617248597e-04
3.334642612301631564e-04
2.512295252482001345e-04
3.259363147512345476e-04
3.503434751186242698e-04
5.700981169840887595e-04
4.803946227370788991e-04
3.222635113037137112e-04
3.268112951878208950e-04
1.405091026285685239e-03
1.907094087724301639e-04
1.681469121073191021e-04
3.708462510527863409e-04
4.787708145139761757e-04
3.547569808588395333e-04
2.898398421971271565e-04
2.220726635100616969e-04
2.795891408478321048e-04
3.045828228463303713e-04
3.813921853351413685e-04
2.507428546185499520e-04
2.187784271603882957e-03
4.971964766098940086e-04
6.777735584468068137e-04
1.122384790037117466e-03
6.659364153593519929e-03
2.522570603492325144e-03
2.457697471895271997e-03
1.612188677008442655e-03
1.255586952386597479e-03
3.262475146989255652e-04
1.132331365664484218e-04
2.936510900689857147e-04
4.736236151269475358e-04
5.764002470900459309e-04
5.242918151318091361e-04
3.376166891733013817e-04
4.077693152109860479e-04
8.944173983313880548e-04
1.542902660806747613e-04
1.969098072324290346e-04
3.710209751982915401e-04
6.648372980003257413e-04
6.023137601206876839e-04
2.021518720793602465e-04
6.560412548801738812e-05
1.384153107837234585e-04
1.845692383648981196e-04
2.857675605362221239e-04
5.426324760546355225e-04
1.153567651151000614e-03
5.448999432267833017e-04
1.362403564288398221e-03
4.505837381997709890e-03
5.440761993943780267e-03
1.759871161674154624e-03
1.591939292811402409e-03
1.035396474496765723e-03
6.733225118836990179e-04
2.094366900997120132e-04
1.828590211358242161e-04
2.498676809857283362e-04
4.090236088216110222e-04
7.230591223068131863e-04
9.776649284729151384e-04
3.203169679274969024e-04
2.090502291043668383e-04
4.212182534914492445e-04
4.858372512745323538e-04
2.432830484825028786e-04
5.813176970575198096e-04
3.457571404430402574e-04
3.431034763631610326e-04
3.025022161153009597e-04
1.613666068273951362e-04
1.690879677506054301e-04
2.601125815747742389e-04
9.434937649045776120e-05
2.502226425716514097e-04
3.106421886718465091e-04
3.827730900253977159e-04
7.572131150523627808e-04
2.005100004863287402e-03
9.423893563513923918e-03
2.942755329837277306e-03
1.008516028074741633e-03
2.156596991343212154e-03
4.012369373912735089e-04
2.266406269585115947e-04
3.691087653486509819e-04
5.837487719367561974e-04
5.476626502018248650e-04
7.111669977687472364e-04
5.919241231733128779e-04
2.333515312693231532e-04
9.352361923354834115e-05
2.249454214918514532e-04
3.563878337042077765e-04
1.529785344427864787e-04
2.791796045789399759e-04
1.842833926420004939e-04
2.959358901313900833e-04
2.929345421937679214e-04
1.799783522268539563e-04
2.017825680083747239e-04
1.273036023235933969e-04
1.394039377530890142e-04
1.455454917447737153e-04
2.185591980231024788e-04
1.816150183701603887e-04
1.925293539955741590e-04
4.943222309049713058e-04
1.044542093300566575e-03
1.101672128627289747e-03
1.279590465016943075e-03
3.993209577860462665e-04
2.994902514726423726e-04
2.058881492289838704e-04
2.830053516099002311e-04
8.727186197533518030e-04
6.728376303506475699e-04
5.686602674513217435e-04
5.210429932638502813e-04
1.412512007240128843e-04
1.029055633438220489e-04
2.664205483289121832e-04
6.187260568855822889e-04
2.024653398648179365e-04
1.500128343207996352e-04
2.603875109893136327e-04
1.335169795566583080e-04
3.065941562792098276e-04
2.350700344196141696e-04
2.021137147662301385e-04
9.717034192520030453e-05
2.075419174628295824e-04
1.334131775368951835e-04
9.258460315048502138e-05
3.433081359916109981e-04
1.575532952939863397e-04
1.920991257105613911e-04
6.099691040109010481e-04
3.868036872396916036e-04
2.583046747969353963e-04
3.369001078203844057e-04
3.096187213466381318e-04
6.725124170126832836e-04
3.304106198906736798e-04
4.551238911214963495e-04
1.042151005198734296e-03
1.042386219330741466e-03
5.068937507477555343e-04
1.290689821572568144e-04
1.400405171405659055e-04
2.037795905948462639e-04
1.752409772411181693e-04
1.162236783377038264e-04
1.838201331386895654e-04
2.204985545304238468e-04
1.749172279642614467e-04
2.301640135890645124e-04
1.337949052980480741e-04
3.062788085790482239e-04
1.303531876030764286e-04
9.817089707327008197e-05
2.218289987610363089e-04
1.403718303095849776e-04
1.407064422412335062e-04
1.591752860225493745e-04
3.449227220239574430e-04
4.389330713705224141e-04
3.749777012928957962e-04
6.132424911873757744e-04
2.963835332637458761e-04
3.744253165669472511e-04
2.164434322738096575e-04
3.595119964098907614e-04
7.450454502948951818e-04
9.221591237176883071e-04
3.258563709701201472e-04
2.584237312440819715e-04
1.720762165033133076e-04
2.510725441105792085e-04
2.146665665902823626e-04
1.354733236570829008e-04
8.527089264965706072e-05
2.068010373902276879e-04
2.324474066767365493e-04
2.784194792514518564e-04
1.560919913883867963e-04
1.724149943786321083e-04
2.985734941570510016e-04
2.667287051016854651e-04
3.394715583061070643e-04
2.163728010664272704e-04
1.814922861367503104e-04
2.559552874350844534e-04
2.175261101339555619e-04
4.344265606463668062e-04
3.607988933677106023e-04
2.851638557002893334e-04
5.687248469861107486e-04
4.095629281155084719e-04
2.678847285757982423e-04
2.085811466585640644e-04
9.246684218548878453e-04
9.440235162286986746e-04
8.349427777390508714e-04
2.793899987218746283e-04
1.439931066566166459e-04
1.273548190138341972e-04
5.381668424410819925e-05
3.364692432935775384e-05
2.440910683057895909e-04
1.471982934309225678e-04
1.715597284751367688e-04
1.403903663855490184e-04
4.741227396870687015e-04
2.468395621103606987e-04
2.473535631679584629e-04
2.856619268526898003e-04
7.570316786143484406e-04
2.128456145688190657e-04
1.785999264801858258e-04
2.222428606643859421e-04
1.676018064287098036e-04
2.958684008074646040e-04
8.013254509448702878e-04
7.585075214088840122e-04
5.792118443499398410e-04
3.233859683869900982e-04
6.900722562446073632e-04
6.207693495886472748e-04
2.075098804930173722e-04
1.188050677143987323e-03
7.025805049850490690e-04
4.478241791113118150e-04
2.242524046972904975e-04
5.684780998961583222e-05
1.046559458781729261e-04
3.967357728042651634e-05
2.128634804262135056e-05
1.769607912420924486e-04
8.743265047433109534e-05
4.894372057113728592e-05
1.073104121314406563e-04
1.492324467662979853e-04
7.698072792059498749e-05
1.070271029379729280e-04
2.078784983210985959e-04
1.052850556007221117e-04
1.326055612108167133e-03
2.759143764380237525e-04
2.741428513998786639e-04
4.790932006018210586e-04
4.293508350016077887e-04
6.779990668198285176e-04
3.303323358557781601e-04
2.479699374153631719e-04
9.371510638819738207e-04
5.488949283920477751e-04
4.929397210052269490e-04
3.605289760430869443e-04
1.410389537461351423e-03
2.081984672420863450e-04
2.730242392556902044e-04
2.677585220792450091e-04
6.901494231609378040e-05
1.387291666884651474e-04
2.495996827731803672e-04
4.767748864572717086e-05
9.071313489314629191e-05
3.739236358187359631e-05
6.170755370007214473e-05
5.673446836730515426e-05
2.055575347425246148e-03
6.066609370126659263e-05
8.253042095875980479e-05
7.918553285786793206e-05
1.505130473075646450e-04
3.113297326335667694e-04
5.572046070709525895e-04
1.711779985197236587e-03
3.530958514369527713e-03
2.459084343132334123e-04
3.894023337195098270e-04
3.100463585185525930e-04
6.697364149612613018e-04
3.993224659439994985e-04
2.091219138806118031e-04
3.755620016139331286e-04
3.461166565862306343e-04
1.693833427545504645e-04
6.280572397637934081e-05
1.318167079116736300e-04
8.144766342014012062e-05
2.203054247226143500e-04
1.918650338656854908e-05
2.700478915159857480e-04
4.790918730345674611e-05
3.763596880545904820e-05
4.977965762691027651e-05
6.913439139988061084e-05
2.306158332801335609e-05
7.054865960230663653e-04
5.622253938903671189e-04
2.556720425882602577e-04
1.115226172699764325e-04
6.195656579363664751e-05
1.116882306183138661e-04
2.481365545980248233e-04
4.758337172881360556e-04
2.890597090346141008e-04
1.391076593416205756e-04
1.890484381269613972e-04
2.032937939833636277e-04
1.359570180497113561e-04
2.383718094002158219e-04
2.320576569000203863e-04
2.328413097201452171e-04
4.211346006265845841e-04
6.700629409585750508e-05
4.333615112766340264e-05
5.649972726977741636e-05
2.295486412023666661e-05
4.517373237056043967e-05
1.881235068281448498e-05
2.830833875517699659e-05
1.997119693445749647e-05
1.088564716309840661e-04
2.995312510444042071e-05
2.074369535044870679e-05
5.243846822231760900e-05
3.800197280352786780e-05
5.184041255670333664e-05
1.420019615580698461e-04
7.780068759096281177e-05
1.051734110476181341e-04
2.138326929801739648e-05
2.473542699471300557e-04
5.859320752415186906e-04
7.619574308298481793e-05
1.354765423556343498e-04
1.401113897011060482e-04
3.366946982750909190e-04
1.933254567430149607e-04
1.286056661619534598e-04
1.066727500856842769e-04
7.156203787568046022e-05
6.672967425833842986e-05
1.660109823743395271e-04
6.640415716475940686e-05
4.144682956989342003e-05
5.437646088103102775e-05
1.372334184865214903e-05
2.329947290967773494e-05
3.796689117216137712e-05
7.025562630154839449e-05
3.655335210073470454e-05
7.773403197492554013e-05
1.431764798802685682e-05
4.394848409606238332e-05
6.450127401067036622e-05
4.147995053610691106e-05
3.078607996911208149e-05
3.938515286671206267e-04
2.210179927233920852e-05
3.808181704557512783e-05
8.389991744282601876e-05
1.202187025071737778e-04
5.138546707400691756e-04
1.395062814964542275e-04
1.451095819495973262e-04
8.410826925130267901e-05
1.570366535468879863e-04
7.668460217793258570e-05
7.836720865705889280e-05
1.134632951976239892e-04
4.388251459219713927e-05
3.711946127570713987e-05
1.892498234398443701e-05
5.055980393200631490e-05
3.469801151153663647e-05
2.578209035317913654e-05
2.280758133741288740e-05
3.020371718381192972e-05
4.044441327272616145e-05
2.447244754668491507e-05
5.332251487593271677e-05
5.759553178387375854e-05
2.531177534910772809e-04
1.471249423841068119e-05
2.338334826887617044e-05
4.912485398667097643e-05
2.098038263656091371e-05
1.906675355816301955e-05
4.955373866125231327e-05
3.461001965193930539e-05
2.207946820355189709e-05
1.397487052957869743e-04
1.685751923030241088e-04
4.054892086862992863e-04
2.721430073404602435e-04
4.928189750823551473e-04
3.844162855158704003e-05
5.280147569992898348e-05
7.495243938835473079e-05
4.953477278577987712e-05
5.551800042119427457e-05
1.283621065628171694e-05
2.676404771364209890e-05
2.605792041946995469e-05
4.014144989737067430e-05
2.161736992772490666e-05
3.293437609322899507e-05
5.850788934076052721e-05
1.231714859643126721e-04
1.255796161362206687e-04
7.699300478121863349e-05
6.626181098074316656e-05
6.603380021010096389e-05
1.463767228225950549e-04
6.845112617241473250e-05
7.739281485702363347e-05
5.127241963676533177e-05
5.717158667196487934e-05
1.030595240520758673e-04
1.039132956028470159e-04
1.071323186882215678e-04
7.309953304148032553e-05
5.713380859035030581e-05
5.504529090930272917e-05
1.042107224167002251e-04
2.501812655833626637e-05
1.228979713920177802e-04
1.016833881940735747e-04
7.042188548709999428e-05
2.559755754505204338e-04
8.219888399070123799e-05
7.955383106406430224e-05
7.482869526184978358e-05
2.291964988546387285e-04
1.063813733806533374e-04
1.380336054597986958e-04
7.923995495355959297e-05
1.178655782511991859e-04
1.197715202171547157e-04
4.618485527573875781e-05
8.090276225400131155e-05
5.361119096531817633e-05
4.628959097463699446e-05
1.657253543091993331e-04
7.424445572983849931e-05
1.006374989835961471e-04
5.138841080616604514e-05
8.099595390008002525e-05
7.363440756517643899e-05
9.246189574939719024e-05
1.034894132593998026e-04
4.974021951446974720e-05
1.186666906314209538e-04
2.832909997425879023e-05
6.745515798791726066e-05
6.122051745417583497e-05
6.372179575723012454e-05
8.557000821511654375e-05
6.280834944893876526e-05
7.443334105713528932e-05
4.244035484174172413e-05
4.202330367963069815e-05
3.107193069304627260e-05
9.742012993760345478e-05
5.034714218621465660e-05
8.765279138848669168e-05
1.016121107782191061e-04
1.390280421601595843e-04
7.019792988788265634e-05
1.158117480370028299e-04
1.425949849165075744e-04
9.596892552196200753e-05
7.568743899668950025e-05
8.207721237840885241e-05
6.568564287363155884e-05
3.249670980957813427e-05
7.029552205678405027e-05
5.073809378850688945e-05
4.777908962628376189e-05
6.833861112570496809e-05
2.977228987307100716e-05
4.050074730690784514e-05
5.644187189320810114e-05
1.230180864845401446e-04
1.888933831677063943e-04
1.152938070072873934e-04
1.157207079338275771e-04
1.085648303602952658e-04
1.002178485733383798e-04
6.705051308541416549e-05
1.040167723846963912e-04
9.164730650292759692e-05
4.560915308969358095e-05
5.840805379949903591e-05
3.245385310347099274e-05
8.667424623071622687e-05
8.073989234709255398e-05
1.364068014973113859e-04
5.834810687306416134e-05
4.567895963925233861e-05
1.323868280723316680e-04
7.080437406826018104e-05
1.411233672213116786e-04
7.430678883920064227e-05
7.780747893988321814e-05
5.919505197544896736e-05
7.403685526639249156e-05
6.088843006987998104e-05
6.516169257001097907e-05
6.457102631836196148e-05
9.391901566671933903e-05
7.383646461540084257e-05
9.786533398063699553e-05
1.181440890728253272e-04
6.373101655201421161e-05
7.264409689105318210e-05
5.925946303811131522e-05
6.203544879667145513e-05
8.128967313685536548e-05
1.838197400506975585e-04
1.351780081300102139e-04
2.460865886067091783e-04
7.199830965604223315e-05
6.143391628390319596e-05
1.915660644841808821e-04
8.191353398786034481e-05
7.112872731448393563e-05
9.130939559232964867e-05
8.358246495680283659e-05
8.374381307410006003e-05
8.018706002621469459e-05
8.638971951606377040e-05
1.131658376141243057e-04
4.615480367863949274e-05
7.510364030357974548e-05
1.412379976755130347e-04
5.218433917065174257e-05
1.043887597536011003e-04
7.810911639326723749e-05
9.681597827781829150e-05
7.609283667504141259e-05
1.296280181589108032e-04
1.095121073535896048e-04
7.599668858132224637e-05
7.236197309601889141e-05
9.756110970528394325e-05
6.493265108651392100e-05
6.473154043546336302e-05
6.945362152706927299e-05
1.350405703650547548e-04
9.467329592684434214e-05
4.590631251563112103e-05
5.545591259029593101e-05
8.397258251000686599e-05
8.770982018209569841e-05
4.879740908902270807e-05
3.476974314805237839e-05
8.004912850990706708e-05
1.106935534018494707e-04
8.847349374108040131e-05
7.840359328100825241e-05
6.306130989977540876e-05
1.093525846069810082e-04
1.628168382784735265e-04
1.046194510840123829e-04
6.677794671997415855e-05
7.107407690818666479e-05
3.715177283421873029e-05
1.142005305907751035e-04
1.075198227667130212e-04
9.388434499024430962e-05
7.926609833961194903e-05
6.765907318996593938e-05
1.419129980140949562e-04
5.892790631242454349e-05
8.095632631412665492e-05
1.074371520902215151e-04
1.066761089125591266e-04
1.217807585052125944e-04
8.519920526799039883e-05
6.940339058816363197e-05
1.007862850952944388e-04
5.247716780725998940e-05
6.381589368616380703e-05
5.054521611325256283e-05
5.842214058096619725e-05
4.597934740355031188e-05
4.708586164461321064e-05
8.757767560549852589e-05
1.136840318898299198e-04
1.101729448376556798e-04
8.958095478005305380e-05
1.162305793372839870e-04
1.054200158673498775e-04
6.698362759128864935e-05
6.477468076897001847e-05
8.589623140734049312e-05
9.018209047951843409e-05
4.307341935873791995e-05
5.587943854760155858e-05
1.443647956092757154e-04
8.854742366549251753e-05
4.642378942059308258e-05
5.112446922787477002e-05
5.039672335859668478e-05
5.257166158135814630e-05
6.800163112731516524e-05
1.104661224135996926e-04
7.165667621086927461e-05
7.595286857745000219e-05
4.450795851090503207e-05
9.610395943511960656e-05
5.297339809141511391e-05
1.109469890921218092e-04
6.489916224888841361e-05
1.004212856034499674e-04
8.199721740750891437e-05
7.584176734380266975e-05
1.105301412874605592e-04
9.515614055892235214e-05
8.743324296396085482e-05
9.369866147692321341e-05
5.999439529365925084e-05
8.426433598754719679e-05
6.379573408545462254e-05
1.125892260959272746e-04
6.792580331149204406e-05
7.188913931395082650e-05
9.231519989463610805e-05
8.895425251574162263e-05
7.499611037092517962e-05
4.614457742205520870e-05
4.908788912230572116e-05
8.216171477746597685e-05
4.610287484110389710e-05
1.242977593164703426e-04
8.284394339806711027e-05
6.822831569277398997e-05
1.150897917001008177e-04
8.290021379847399693e-05
1.242257772521962228e-04
1.019139141867249896e-04
6.570989047023071859e-05
1.079611734004532896e-04
1.429731932955431337e-04
1.367480248929645471e-04
1.640697005355954926e-04
8.730964924145882616e-05
7.472331609048994639e-05
2.303414287938830324e-04
1.198913468549630943e-04
4.815667426975084369e-05
6.383992130696848318e-05
8.167730394474270359e-05
1.595935220795446907e-04
1.952928828602997727e-04
1.367092257837181058e-04
5.914893800694295568e-05
1.144522648232641966e-04
1.032794580639719375e-04
7.741529825494343757e-05
9.386632641336167067e-05
9.175880622129645408e-05
1.001694256698123148e-04
1.420664658657480421e-04
7.830619036839234714e-05
8.567747692912130412e-05
5.603490651388761567e-05
3.941786836311664120e-05
9.482555552316669384e-05
9.362536874513094560e-05
4.139455002675636975e-05
6.280916883200541125e-05
8.071882370171780440e-05
1.287183647393356275e-04
1.041339429208685560e-04
1.118007197485095514e-04
5.992178461246386485e-05
1.438817182952398840e-04
8.498184792797902946e-05
6.874135277555392482e-05
8.852609275311679106e-05
1.259381994165210831e-04
1.374060067141212485e-04
5.692829503902800670e-05
9.320039811517122992e-05
3.825259674873481713e-05
7.150365131102427469e-05
8.518828737842746310e-05
8.461553505822068659e-05
1.243462287887388816e-04
6.929068294628522675e-05
5.910392006718762553e-05
6.468699761616897867e-05
1.074807713119341841e-04
8.209019208082408742e-05
5.245711733006460531e-05
1.007777423482483304e-04
9.565237465106033636e-05
5.783252984094856559e-05
4.385888973969123103e-05
9.520876881720354500e-05
3.283023919486227025e-05
1.492048070386167106e-04
7.134281822193620499e-05
9.988821896106338163e-05
6.420738658214985390e-05
1.356407203110857301e-04
6.387420501280229935e-05
1.050188000853821864e-04
9.350273918305784858e-05
8.415086845551090035e-05
1.410217499247756973e-04
7.669686629967008675e-05
8.794573704834966570e-05
9.738623755307448005e-05
8.725357280263922304e-05
1.076550975660304078e-04
6.955369212221133933e-05
5.178064795683392184e-05
1.102024084353597652e-04
9.151975002340770879e-05
8.629615864157231977e-05
9.597360473558658254e-05
9.382446448245308453e-05
8.688797370118503936e-05
