1.440095130721196284e-02
1.515075404594946017e-02
1.674286843025981839e-02
8.992818529022218038e-03
2.205956307236836555e-02
5.168705647057806468e-02
2.773683482697409872e-02
1.682380877878261044e-02
2.010385967370357033e-02
9.762282411293343731e-04
4.236148003396791872e-02
2.196534988956730730e-03
1.140081615008164267e-02
7.486658478313816707e-03
1.551817009729351826e-02
1.792131115223511220e-02
1.733107831245792041e-02
5.563034476134187320e-03
6.037550245733182969e-03
1.997265643981598060e-02
6.899102481914062314e-03
1.100244605235483697e-03
1.905558492372564847e-02
1.931679036826694160e-02
1.750062601983339711e-02
1.908768435529866261e-02
1.269231433174677383e-02
1.837177658515632209e-02
1.821898207915316828e-02
6.953454969818187968e-03
1.683121596760846911e-02
6.984713213504058216e-03
2.892012394458129583e-03
1.705788521434485616e-02
3.184872001186682313e-03
7.734737686633127302e-03
1.599170177983409019e-02
5.807072722795277551e-03
1.262647506724340167e-02
1.246286220643613371e-02
3.786092610548017542e-03
1.323975042581854167e-02
1.390700652742271441e-02
1.895900939605426119e-02
5.618878684857615824e-03
2.017393183707328827e-02
5.309746441086678204e-03
5.521473003750859698e-03
1.689737466866448809e-02
1.238540487573767598e-02
8.874709728689714194e-03
3.160337831891898291e-03
2.559631349202290927e-03
1.684067033455861895e-02
1.922584692290845235e-02
1.802380324016639515e-02
1.252941105076289981e-02
1.801935127945119425e-02
1.249875705275596376e-02
1.672862117123707568e-02
1.951132054227532053e-02
1.971884923306180953e-02
6.416830632554002337e-03
2.559780165745578068e-03
6.516572359600408468e-03
2.017270831411891591e-02
2.628229158947313800e-03
6.472783091577488830e-03
2.593982467049779812e-03
7.022821241842379728e-03
6.895722020179893309e-03
9.020063728373561157e-03
5.544762784240034846e-03
5.561782782622832350e-03
9.182403991224918557e-03
5.538510633756011173e-03
1.975258682250207593e-02
1.939633887252665764e-02
