2.238259016144569877e-03
6.310462973485571694e-05
1.118851209698167384e-03
6.435175954281872500e-04
1.250850315409864858e-03
2.350580239758764609e-03
1.424851612744048625e-03
3.224264102242265125e-03
3.637425995563550556e-03
3.531869439206116335e-03
7.511360827140575562e-03
2.804577798284231245e-05
4.477996068035600304e-03
1.739154901464611208e-03
1.793851635925193316e-03
6.117254914829729469e-04
1.020408831097356075e-03
2.244450351104999939e-03
5.140281778632278462e-03
8.031593191801533055e-03
5.956438364371180433e-05
1.526295857516245290e-03
5.802313508571211968e-04
3.396760408906201187e-04
1.225001901830168570e-03
3.787794544387048604e-03
1.129663395091870179e-03
1.744023222484447893e-03
3.720206640693143278e-03
3.418477245504587640e-03
9.100427143419112649e-04
4.267329700487391443e-03
1.550438822973705146e-03
4.765525962036235128e-04
2.108685393422507579e-03
3.538805227809725413e-03
4.931976337989832544e-04
5.346172379784791887e-04
3.066829955436154971e-04
6.867290504881846686e-04
1.047307833709678259e-03
7.554981604676680798e-03
4.347376150225553803e-04
1.403048619837938844e-03
5.334823873016777615e-04
9.071318077496059572e-04
1.159788964521485171e-03
4.883451056744122012e-04
8.641550182420184873e-04
2.845222299485190148e-02
3.394419890848880423e-03
9.660724546452641474e-04
8.767913439311476962e-04
1.631366817223480706e-03
2.522313770193489266e-03
1.525711595019178584e-04
4.382342628691817364e-04
3.170568739207364501e-03
1.778102296503361514e-03
3.686568276676774683e-03
3.908322838731047820e-03
3.993961908323609769e-03
2.989603624296625862e-04
1.920817324993746552e-03
2.593196419946999604e-06
1.784424354773485278e-03
2.565193247332901889e-03
8.613156214591776057e-04
1.777976391773381220e-03
1.339199815295043835e-03
1.680965603628019290e-03
6.754695253153138656e-04
1.277150136387090757e-03
1.160562240864490644e-03
1.314939497766891773e-04
1.074550785870252842e-03
2.860373402084170902e-03
0.000000000000000000e+00
1.928305077274197407e-04
1.802101618047217317e-03
3.291628036178831525e-04
1.251220565015336754e-03
9.294016414563483798e-04
0.000000000000000000e+00
2.099337689859186000e-03
1.013418251295522538e-04
8.226082802365078904e-04
9.306875655455351280e-04
7.107784372177702523e-04
2.343023564290178860e-05
5.176520368083552780e-03
1.716183755543363148e-03
6.867105663218081232e-04
1.160293914058213192e-03
4.910850631301170652e-04
3.979904533349684984e-03
8.113359552885875429e-04
1.801989074360618942e-03
1.982169089194155739e-03
2.401347240255010133e-04
1.334152799670160726e-03
2.000050897851340763e-03
1.848013538591834239e-03
4.316325547143527838e-04
9.961388421682649576e-04
9.071696376776297631e-04
6.609376633764563105e-04
2.616865234523353331e-03
2.899274589809864872e-03
1.016982620605557438e-03
2.324558714474158560e-06
3.415667069844454708e-03
1.304222261461328183e-04
3.107999692032055537e-03
2.646246012145585420e-03
6.571515133731747785e-05
1.144718344891967876e-04
1.485323783742545671e-03
3.772771885945745544e-04
7.385175675340715541e-04
2.639031413419777160e-03
1.719656250865808015e-04
3.335732332161093008e-03
1.918423863228499796e-02
4.027628781125136039e-03
4.388549985255670504e-04
1.013333956219274277e-03
7.118599343486243115e-04
1.479462803498463258e-03
1.555086449595031355e-03
7.894075873898952407e-05
1.925081939919597593e-03
1.342552960327955723e-03
2.587990473887741196e-03
1.536888130967649846e-03
2.146100594637202937e-03
1.030671087517897591e-03
3.324990629504557312e-03
1.300793924613410403e-02
6.657349536439148866e-04
3.884459613009255165e-03
1.710314181489380921e-03
6.702881158930763892e-04
3.977401813154504001e-03
1.767270873437942671e-03
3.928671207492549192e-04
3.965733420563327151e-03
1.800058371387109430e-03
5.111444834968823826e-03
1.244634441281204174e-03
5.763014480121612937e-03
2.165860124106337541e-03
1.603492979496698358e-03
4.099324358051130955e-03
1.538592285266435124e-03
8.185784056018826282e-04
0.000000000000000000e+00
2.026184959602188394e-03
1.182103407673635574e-05
3.277196917597539417e-04
4.399101236273216149e-03
1.267948963669959231e-03
5.909228986014402788e-05
3.174751868526327642e-03
2.041371162105192275e-03
5.562476272920945184e-04
1.562247306125125147e-03
2.676960275905160627e-03
1.961353189969819379e-04
4.307628322113434861e-03
2.657710231059283852e-05
4.777082337724676553e-03
2.184954212287055358e-03
9.223957050074125505e-06
2.022756416644327232e-03
3.334427662633367823e-04
7.292971211202310938e-04
1.946276991561669617e-03
0.000000000000000000e+00
7.326586806735840840e-04
1.359456945982764333e-03
2.791977585280428897e-03
1.223204055016528801e-04
7.764118492261358820e-04
2.736779904368573751e-05
2.178075016653615789e-03
2.034906972012849070e-03
2.762356292718005750e-03
1.165340456133262623e-03
1.582457130795041035e-03
3.070122118154365088e-04
1.860885098403905740e-03
2.092688143202922982e-04
1.535812395195803497e-04
3.191183636992311976e-03
4.673324038592149409e-04
1.296751829458655039e-02
8.530787511212768910e-04
1.631581647738154946e-05
1.139025313449021836e-03
2.416532092112457300e-03
1.030312390728706142e-03
0.000000000000000000e+00
2.567061883171979815e-04
6.640439753295078809e-03
1.373822722797243302e-03
8.424663941501861703e-04
6.519235763046213198e-05
6.132079109018598534e-04
3.530042564080171190e-03
3.776548608777024303e-05
3.027147371034046800e-03
3.132441092519196564e-05
1.903520721044107630e-04
2.904915694317523739e-06
5.434647932035460011e-03
2.236759709162053464e-04
1.551327079451326509e-03
4.365182842518119076e-03
1.466448029450527274e-03
1.851461143852695861e-05
1.181196628381404662e-04
2.178081014405205008e-03
2.519221483693262834e-03
1.865480016948638763e-03
3.926710776602581644e-03
5.946416632955026441e-03
1.334095197414653620e-03
2.812409663487998139e-03
1.186319126986839145e-03
1.644853340220816520e-03
2.809468839888120718e-03
2.968242076823694384e-03
1.316132660784027127e-03
5.029576964179592969e-06
7.454491532892629268e-04
2.006920843707475557e-03
1.130633816127354114e-05
2.403154186679651999e-03
2.129785938110454260e-03
1.342735259400354127e-03
0.000000000000000000e+00
2.322361623295556105e-05
5.568776697859003331e-03
2.545125953665633195e-04
7.084097223636100227e-03
3.030962442117020404e-03
5.412943420101686649e-05
1.605699299798171893e-03
2.198686143962898503e-03
1.477197484717938936e-03
1.661944202993230132e-03
2.568488281026389832e-04
7.235735230610802673e-04
3.059297059537247412e-03
2.181023823912242067e-03
2.735340105280820687e-03
2.900770195573437556e-05
1.547947075622189891e-05
2.455768101638311583e-03
1.381327796380515472e-03
2.749714941896699402e-05
3.007767459978209334e-03
4.630444786464581880e-03
1.911679653488282697e-03
5.413389078690997083e-04
3.822144739038583995e-04
4.392022890919999867e-03
2.458788231823765859e-04
2.364240726605698010e-03
8.948872252088447632e-04
5.916363793453429916e-04
4.043207151912325652e-03
7.244481126398846565e-04
3.387224792356131973e-03
1.167817394678510173e-03
3.568612874870034251e-04
1.200878272331497418e-04
1.029800099835013642e-04
4.207109258981124415e-03
1.862717146109493869e-04
1.386451162796150174e-03
1.770403092871941728e-03
5.762855228059435807e-03
1.431513081143219674e-03
2.817587331519870453e-04
2.188677473169972805e-03
3.712943521673368798e-03
1.611477627570653912e-03
9.663789998200002576e-03
1.421743101625585386e-03
2.316455024603994006e-03
1.394271565544720044e-05
1.704015325611643681e-03
1.302493684307111030e-03
1.451603892772697268e-06
9.481141572237687361e-04
8.805671874829340204e-03
6.450316275122329641e-03
2.702939035350747626e-03
2.208830879210660174e-03
1.885756005024255468e-03
2.920062849696071115e-05
1.227109411741153424e-03
1.567341178079746308e-02
2.511968250751332298e-03
9.304234682740722883e-04
7.007318276891403262e-04
1.208629052651822482e-03
1.879534406718153493e-03
4.446092571526726891e-04
1.256168241423888041e-03
1.460876231810802166e-03
1.129644415275250129e-03
1.715686324537974089e-03
9.080877647115810809e-04
1.817580714146329593e-03
1.006371690740461402e-03
1.225111997610814352e-04
6.833235020983338334e-04
5.274213833851667220e-03
2.026632214575375263e-03
6.528412225971899543e-04
0.000000000000000000e+00
5.172321537151527808e-03
2.071560601728533822e-03
1.987816774044805571e-03
2.887613896154380549e-03
9.949255821553367805e-06
1.005823825046851024e-03
7.322540710521666454e-04
1.402021608217815995e-03
6.617521507936181954e-04
1.023020427761795088e-02
1.628014331056467723e-03
2.833365220179448040e-03
3.252528188980522827e-03
2.872678376286051834e-03
2.640306895731771557e-03
2.236957378704365531e-03
1.098421652915253146e-03
1.205036387661195287e-04
3.448792047118831409e-03
1.069673055859327189e-04
2.773301144040991525e-03
1.715848335931459152e-03
1.690315599214536673e-03
2.162190330091303932e-04
3.554350500821111753e-04
9.246382630911344691e-04
4.770066243745308548e-03
9.954191907322114397e-03
3.831842798319758190e-03
5.466068694856182812e-06
1.426404071745174728e-03
1.579236269846478877e-05
1.775949910564024545e-03
8.092303966865306043e-04
3.585836653913317823e-03
3.602929172302438750e-03
3.893559151301433183e-03
2.631166794769504436e-03
1.409740789270196059e-04
1.359181886433368002e-03
6.879237622454245551e-04
1.235462331296454568e-03
5.833650694745042432e-04
6.012497902077129468e-04
1.135436484471043689e-04
8.240977461656945335e-04
5.321830455010951710e-04
1.810412239737525797e-03
8.402044322685310769e-04
3.250465231111639500e-03
2.379560214821384388e-03
3.239206610320803561e-03
0.000000000000000000e+00
3.006864294335976316e-03
9.894918465620107084e-04
1.257882714953661258e-03
8.342533693773778293e-04
3.036402782692217248e-04
1.984680216613158785e-03
1.036589250682229619e-03
5.247129320201664344e-04
9.649058984221391523e-04
5.577596797961247195e-03
1.607766494457424063e-03
4.156519370938834023e-04
1.674238602954781791e-03
3.847143771807527961e-03
8.442476807920036184e-04
1.036543300461537824e-03
1.157996884119539410e-04
3.055471149128433702e-03
5.134576324108086170e-05
5.442522401854841055e-03
0.000000000000000000e+00
1.354581662261136439e-03
2.817069532203031381e-03
5.928001820436344963e-04
1.079646486517341032e-03
3.658742532422027348e-04
1.244447149088150984e-03
7.841181966210243560e-04
1.218916959224643248e-04
1.659152215210965098e-04
7.761810632224465118e-04
1.305896403286470591e-03
3.056949992811153378e-04
3.522143478512212425e-04
5.158614348054052761e-04
1.109183490403510032e-03
1.026300650780667158e-03
3.219967828355351094e-05
7.778407308516509201e-04
1.117440159418992555e-04
2.314477587095759004e-04
6.198866602535702897e-04
5.099826188668656014e-04
3.038487323719015767e-04
1.311896985185511137e-04
3.624809274496568808e-04
9.004321909600548988e-05
8.374924409709097548e-04
6.204036121007649876e-04
4.760774947842560359e-04
1.052509903377727091e-03
1.065093341335949552e-03
1.878070468919320604e-03
1.057006096593692338e-03
5.042510181431701741e-04
1.805339384383513072e-04
7.053732866005063724e-04
3.236230940335210022e-05
1.206441241053390890e-04
1.136812507789952513e-03
3.134038911182977717e-04
1.857199086994724545e-04
2.384044806667968682e-04
3.769467021673867540e-04
3.752847864541096609e-04
3.403447507757026403e-04
7.991788041280450733e-04
1.232822937827511784e-03
3.850225460801066446e-05
1.073409986615154479e-04
8.591953786630394984e-04
4.190737384416795531e-04
3.776792579183594267e-04
3.439587828086972609e-04
2.073649751234189981e-04
6.209820928111751525e-04
1.301498224917305971e-04
5.673383972619013482e-04
3.538615322310868587e-04
1.736129905974546678e-04
5.618553986330138529e-04
3.148706466843191848e-04
2.719480846740183859e-04
2.376087064118729728e-04
2.771211599936319143e-04
3.358195133382212735e-04
3.170500438068749927e-04
4.884545533704156076e-04
4.043755953501949277e-04
3.703554155656977123e-05
8.949868533694538362e-04
1.947445553356768352e-04
1.390716335554482812e-04
1.291288923352374135e-04
1.110858693878838930e-04
6.009612374219868098e-04
8.944034317259465456e-04
3.794638364576859071e-04
2.699380074681378191e-04
1.473104046927430186e-04
7.226990578921106342e-04
8.347308855729776867e-04
9.321157537756577386e-04
3.804044067315570567e-04
3.226915094051370004e-04
2.934672938600433418e-04
2.823852416086174047e-04
6.359774815914259445e-04
2.228387487136638178e-04
7.803900270041920148e-04
8.460562982238171471e-04
3.448707839321085689e-04
8.012983051824843026e-04
7.047246888648903661e-04
3.377821209956170215e-04
6.593908734009741980e-04
1.800538366310635056e-04
2.155317213029382564e-04
8.159238871620036644e-04
4.685471612493570049e-04
8.082285949321919719e-04
7.561103210978879123e-05
1.682577684215915467e-04
3.295425713582131257e-04
1.695115308673644013e-03
1.806084481078458763e-04
1.628974324001972217e-03
7.322956524410003092e-04
1.027066561519012069e-04
3.013737505232575993e-04
3.698221597943255690e-04
8.478383418128572708e-04
1.289749096483486322e-03
1.396747196149992131e-03
2.338487760769222237e-04
1.955502706319798894e-04
5.673522577688900259e-04
1.749144237650353229e-04
1.008084798543973154e-03
1.416401786008339436e-04
2.399590556901860349e-04
1.249165673481013794e-03
9.809873574601862389e-04
1.751122390744589601e-04
1.165756057688818997e-03
9.753033347133104091e-04
6.473765528517485017e-04
7.391475763146491094e-04
9.426580991494288469e-05
1.359565875234333655e-03
1.894696314771659388e-04
1.290809836156448518e-03
6.925132109211508402e-04
1.364582400091044530e-03
1.641703295418331940e-03
3.111894166303180460e-04
8.480473775896021568e-05
6.168873555946005225e-04
1.971418974305310539e-04
1.622662345067282666e-04
9.588815360340587979e-04
2.734689973821357212e-04
1.300135309315489460e-03
4.163693624798390971e-04
4.683211273650159990e-05
4.981526551500154798e-04
3.616642592397507992e-04
8.680650416265301350e-04
8.375834410930529592e-04
4.163697371365579405e-04
5.338712332418927035e-04
7.675691579264938861e-04
6.734498215762193922e-04
7.211620142506505911e-04
2.117371872682419654e-04
8.360708422645807356e-04
1.093443909245762544e-04
8.135221114223306800e-04
3.227318625263622199e-04
1.351075321725544185e-03
2.266343734169537158e-04
4.086833320437855506e-04
3.245585077838098105e-04
4.666996623928146423e-04
2.828307857300115186e-04
2.229066178453485963e-04
2.647848794090803376e-04
9.087540968817180414e-04
3.376904966882732749e-04
2.670932136469389927e-04
5.096174016928718600e-04
1.572466605723304425e-04
1.487671900851784263e-04
7.993270457316717717e-04
3.363459256665855845e-04
4.632686654035055940e-04
5.558292453834879233e-04
7.212473593221214833e-04
7.002340199354203844e-04
7.685467770690083663e-04
2.205255110554607718e-03
2.361312027132799656e-04
9.081299204775299507e-04
2.682093971433813792e-04
4.106665179319578078e-04
1.617720054478761680e-04
1.040393198396616760e-03
7.128455031036336599e-04
1.303393777899643485e-03
4.782110301743429295e-04
1.130411728667792123e-03
3.077626469068288849e-04
8.332397230888907887e-04
2.410919919779349067e-04
2.147512201742635043e-03
2.172795361998654945e-03
2.193105339594106622e-04
1.440661181224933696e-03
1.968264450299716032e-04
1.596559948517084211e-04
2.022081744086864832e-03
5.415021944335945709e-04
8.174335183876598430e-04
1.010216302815452379e-03
3.243800342074266941e-04
1.001921028565887846e-04
1.553948207942549610e-04
2.991618054578763309e-04
4.373851185147410855e-04
4.952050839229340585e-05
5.425493211403917574e-04
1.542179239414763481e-03
2.503083790015718014e-04
2.088965146824445587e-04
4.455563750669224539e-04
3.925621295176430297e-04
3.136550310696658607e-04
1.219511134252760330e-04
4.693285111781305623e-04
1.601943347477951347e-04
4.965478754860603444e-04
5.566616688677984573e-04
2.011242499803721846e-04
8.238454829730064476e-05
1.856648722753522526e-04
1.992661907467260362e-03
1.189778729641629212e-04
2.690108912293023543e-04
3.899185486116706892e-04
5.737425909699156055e-04
3.414420827468230262e-04
4.504193192564806525e-04
6.431346585187919717e-04
1.234906595466261177e-03
5.823905429429122134e-04
2.500616432225265012e-04
7.168219508801067230e-04
4.630612683323476241e-04
1.712757046469821508e-04
3.021189883089506114e-04
5.329692580201448405e-05
1.397140243207644619e-03
6.281166759814835318e-04
8.084218104597447026e-04
3.203286521347082001e-04
3.691625480055858700e-04
6.494930912063566052e-04
5.928277526786994043e-05
3.021712971899910994e-04
4.694903046844353211e-04
2.398672856922568245e-04
1.043603136585765419e-03
2.636108323981714940e-05
3.438590446369967513e-04
4.018909266408257738e-04
3.398922111217839051e-04
1.933280346923920692e-03
5.689911223806288387e-05
1.397320402474823181e-04
1.627849881322278075e-04
6.549880910747095256e-04
4.947678209313690137e-05
7.923754807480262426e-04
3.994535015434352268e-04
3.962234855813427854e-04
5.683078866906370302e-04
2.004462194408192927e-03
1.511619496186421014e-04
4.246417549421202271e-04
3.277404930586647817e-04
2.209811768417492629e-05
8.508826969893582264e-04
1.642851654462834264e-04
6.974033229345653504e-04
8.130294392286797379e-04
8.506994322909341771e-05
1.195936558747540623e-04
2.686919257378777865e-04
6.168283780125360244e-04
7.776665666989307198e-04
4.960282053962026790e-04
4.772229023933676774e-04
3.792767506878690228e-04
1.078417368923946865e-03
2.671599772696157580e-04
1.970866134901125960e-04
3.807778178712997144e-04
1.004858368145206344e-03
8.212718166658275921e-05
3.989617033551080740e-04
3.601090662549736253e-04
1.261173626601517182e-03
1.733868746531878316e-04
3.294392497682633377e-05
1.398609059705322702e-04
3.644433121480383135e-04
1.066632449571895637e-03
6.022165025299594130e-04
1.639125299696301641e-04
5.084653128659948756e-04
7.796006178533897374e-04
2.696080243794914382e-04
5.077356543663645236e-04
3.289474746253152936e-04
2.840433582167442355e-04
4.861972050973312155e-04
2.579074768456971877e-04
1.212532004731792213e-04
1.761924516031152920e-04
1.672809763488436084e-04
5.060237738366073315e-05
1.088955631917246135e-03
1.780657773599764215e-04
2.853814558656662037e-04
2.077710837238276619e-04
2.004726129260001705e-05
2.439486590466256931e-04
4.686760477651735540e-04
2.945118210551493382e-04
8.168072149343673025e-04
7.484217066543538298e-05
9.424964461659179286e-05
1.616662992769219093e-04
4.320788556929424664e-04
1.056504960245299149e-04
2.805419973815406211e-04
2.655420881453652605e-04
2.290768152096224768e-04
2.124445363514804608e-03
1.281322481938267500e-04
3.846699390912975628e-05
5.946124838373841167e-04
1.291719098972190453e-03
1.671734208556151485e-04
2.814383582152077249e-04
4.156553453296696083e-04
1.430256691078618568e-03
9.309825938422272758e-05
2.346112783233769261e-04
2.791577146011930020e-05
3.934056272919039051e-04
5.846887466658613113e-05
8.294173774006981671e-05
2.293054940380046935e-04
8.187151400227603380e-04
1.233933745575266014e-03
2.711732970155270148e-04
4.723469117562706962e-04
3.958652012195553599e-04
1.090587616829711724e-03
9.762424659098276405e-04
7.613995652409056821e-04
9.901920897412714705e-04
5.417429887065196146e-05
1.028096394262926821e-03
7.429101252191904316e-04
3.267477633554386547e-04
4.683444719960613323e-06
8.876176641278508538e-04
3.827966266889069034e-04
4.571082075248932811e-04
7.891313220297149235e-05
2.377546885994280079e-04
3.092299783781228247e-04
1.255135724644623654e-04
6.086284700301086400e-04
4.527440449147106098e-04
2.302723430442798385e-04
1.347161570750512376e-04
4.637707416624389963e-04
1.485612244405658667e-04
1.417135270425145524e-03
7.479679207553839278e-04
1.314579262605313978e-03
2.898720176764373933e-05
2.788585319933000448e-04
4.742888097038756948e-05
8.817354607695028750e-04
3.420778036459961972e-04
9.681996802187012351e-04
9.429735826849524249e-04
1.044546240350364107e-03
9.409568350993003207e-04
5.949592483025967389e-04
2.274855157062421768e-04
3.278456399802652369e-04
1.388423499640640451e-04
3.694255295784159041e-05
2.070672977068194166e-04
5.570771878452640893e-04
3.084826227928188949e-04
1.613879245634423584e-04
5.193042675229454742e-04
1.530767620605154224e-03
4.087399617930360875e-04
9.251067833814730556e-04
2.975700836661610612e-04
7.749975906236898551e-04
5.326068436942938203e-04
3.242443817719858315e-04
6.085645157333998843e-05
8.616375620117377706e-04
3.108734998068202020e-04
