5.890229395517327738e-04
1.678231412132370087e-04
1.345246940061798236e-04
3.024285336163074845e-04
5.861439932367982705e-04
3.285385482885220241e-04
3.901417730477295528e-04
2.820401529831409698e-04
1.077356159110649044e-04
1.374201277021647400e-03
8.105285621727397046e-04
4.822113178097794917e-04
6.152373668904682880e-05
2.336585493426997250e-04
5.093489937489137408e-04
3.056266382726955787e-04
5.578872334596177065e-04
4.494516824026931808e-04
3.072763165409188465e-04
4.173025530077084026e-04
4.381944603111380420e-04
3.215451005875389614e-04
4.647141506862772272e-04
6.039659674820009073e-04
8.905921938982114521e-04
2.829505778699950938e-04
6.821659588110301226e-04
9.957862458989305814e-04
1.377929890912458620e-04
3.913887694833999048e-04
4.245529580833053152e-04
2.189236317194529706e-04
3.493918489645004275e-04
7.933778786715549802e-05
5.651936468747197724e-04
1.054147793077725957e-03
5.291630362463188011e-04
3.950243934835909296e-04
4.941670914771118016e-04
4.558812455508864762e-03
4.942912222967826537e-04
5.147311635257385658e-04
3.622711804519299843e-04
5.522413552898040607e-04
3.392325218761182417e-04
1.288644264439544945e-04
4.573267266104765177e-04
1.342494217484500418e-04
8.067212674076361173e-04
4.886614555309988159e-04
1.783113362186359750e-04
2.266054634052299093e-04
7.405214671136795034e-04
1.145015154111454786e-04
6.323540050077189681e-04
3.539279363246096172e-04
3.443396676256617155e-04
7.711704289220343419e-04
5.760424410452345389e-04
6.877019115357609156e-04
1.150074388989412845e-04
1.024872316924508794e-03
1.301781705095349305e-04
5.233033903546355789e-04
5.621885002359972971e-04
3.554123479299757288e-04
1.106451091048609239e-03
1.456816587828409313e-04
5.330753534794866084e-04
1.043326059772051856e-04
2.330503951246370292e-04
7.316822547020004766e-04
0.000000000000000000e+00
8.882955672421578592e-04
4.738120852659066904e-04
2.744060731209101937e-04
5.288449459455708910e-04
4.077099491454985476e-04
5.644249351500680613e-04
2.181478891534904157e-04
3.397062283329655482e-04
8.538213135475105969e-04
3.095224057106478661e-04
5.733968515816377769e-04
6.540850696916403130e-05
9.715480433448961698e-04
7.263438992652286423e-04
7.510855141495142735e-04
3.589726494470838847e-04
2.212077163461731466e-04
2.507429824700552678e-04
6.668912073975716325e-04
5.040989832218742764e-04
4.612992112757866091e-04
2.343467531599768719e-04
3.792321724443407254e-04
6.544998962047679589e-05
7.901691323632570362e-04
7.816136433352469581e-04
1.905084934862656990e-04
2.306399881670305821e-04
7.482282726393708026e-04
2.536603565397247805e-04
2.210483151375395737e-04
3.424880650989753144e-04
6.264942033842809972e-04
4.683377353072138110e-04
1.312246056149494816e-04
1.524196880363161996e-04
2.350888276765809957e-04
3.072643317194159512e-04
4.970909653981375699e-04
2.976749314855555145e-04
4.157195242133685095e-04
6.511809818887455588e-04
7.128710172635058500e-04
6.877383400850292780e-04
3.098408267334165091e-04
1.038480422663037427e-03
4.452689614367668627e-04
7.056531216242563354e-04
9.868053554690208590e-04
3.433693624282427434e-04
7.641450193506840695e-04
5.320852935328388355e-04
7.455519149084049817e-05
4.872415375272433845e-04
2.615741749742169593e-04
8.391351178944394043e-04
1.057758801374844744e-03
7.251827255380862043e-04
1.495460871252886944e-04
4.896000532270879677e-04
4.095202091803889621e-04
7.436477691368132163e-04
5.555097163277963792e-04
8.566583121053495363e-04
5.018235786653468507e-04
4.603251724919669259e-04
6.082990315258951600e-05
3.824782332931450624e-04
4.936066493142884839e-04
4.444672347412904640e-04
2.715102163783237677e-04
4.178967942392082676e-04
9.380670033789285142e-05
5.998815049912025257e-04
4.174759299373851772e-04
3.659637292896293029e-04
9.659753766418962672e-04
6.118390492250051294e-04
1.820354996737553761e-04
4.371166501863567202e-04
4.064734703318825674e-04
2.280368998010253118e-04
0.000000000000000000e+00
5.273173729513754232e-04
1.258034114301531886e-03
1.211530620564484290e-03
4.163265934477673931e-04
4.345802624078017084e-04
1.172676707247787128e-03
3.878778973188677691e-04
3.035969660500290870e-04
4.478768548673547943e-04
1.062372465829209637e-03
2.017829773007174447e-04
7.883951236632434937e-04
3.440691980213815343e-04
2.907904458181761846e-04
2.376677080427162542e-04
3.194239695244884100e-04
9.083312533975235192e-04
5.130548189846807295e-04
7.757042727973702766e-05
4.885835295283379610e-04
7.807159375924173014e-04
1.332312751920645966e-04
5.897776050667566687e-04
1.001249576804613033e-03
6.983415064844621187e-04
4.888195873985280758e-04
5.301838272580123527e-04
4.007223054905038819e-04
2.373486345770342489e-04
5.267267562764566457e-04
6.153730239565381472e-04
4.273223918894362115e-04
1.396681961183138547e-04
1.686276260742791081e-03
5.881799078626308644e-04
3.132353099276810452e-04
2.656257231627918210e-04
4.078821531527945191e-04
2.482816249647858587e-04
8.052369509432998258e-05
3.878549265645871310e-04
1.357522482529810220e-04
5.828156624506400070e-04
5.246557529302031404e-05
6.415458951613256099e-05
3.684938809105396738e-04
5.680129889364355722e-04
4.006124933225349008e-04
7.090628092061990054e-04
4.098596951339850895e-04
6.197977989370255340e-04
5.291473885511602075e-04
4.182191390685050859e-04
2.685759593137448790e-04
8.052970108627956463e-04
2.497413467607849553e-04
6.634407913711022793e-04
0.000000000000000000e+00
5.651549389687527975e-04
3.681257838525138926e-04
1.089706782160359882e-03
1.328931760953306761e-04
5.461284538102961989e-04
7.223985417835126566e-04
4.626202210008335857e-04
1.740849335782396938e-04
1.250690164375664820e-03
3.036080711273269261e-04
1.323163743759742843e-03
1.331991863661955225e-02
5.411711403435083122e-04
1.139140299149316233e-04
6.112610564383409674e-04
5.200667558465678613e-04
5.623018069152647177e-04
5.952027635221638670e-04
4.726311408845120595e-04
5.736409292902964509e-04
6.488653596394950394e-04
4.795090555574176949e-04
5.050757059013227584e-04
7.833160887453326357e-04
0.000000000000000000e+00
9.881094711114784233e-04
2.302731441451466609e-04
3.434950519295178455e-04
6.685010934600042233e-04
7.924907826802503330e-04
0.000000000000000000e+00
2.070440323048392017e-04
8.072229495188888802e-04
5.477063787019280155e-04
2.233951206435242081e-04
4.464389406949560777e-04
6.751662932108829212e-04
4.306017644000362352e-04
7.306376358536774548e-04
2.270380891269501680e-04
4.611786883967675089e-04
5.344717827828465847e-04
0.000000000000000000e+00
3.991767826172241745e-04
4.746614190604830116e-04
4.407534422237638469e-04
6.141374766388016208e-03
0.000000000000000000e+00
4.075817618392012210e-04
4.183188603553208290e-04
3.129711314134395335e-04
3.404862783759013563e-04
4.518989746234078602e-04
9.643313530385255717e-05
3.855233249995892271e-04
3.171225656113425698e-04
6.066492585339828625e-04
1.845141647027209600e-04
2.339134876092331097e-04
1.066303708344722070e-03
2.164587057525762734e-04
3.537338875161176281e-04
1.761371897631772967e-04
6.589134614552520598e-04
4.511179230129437568e-04
5.060835915485200742e-04
3.963978789140877156e-04
8.700126298005011159e-04
6.014705732604107118e-04
3.194849553899450868e-05
8.073003172959112780e-04
6.154879970047692815e-04
4.846622092643672439e-04
4.627158503534956166e-04
1.157615770613706387e-03
3.386597300343594050e-04
2.321469314881749197e-04
3.063024112384775659e-04
1.000942734755740950e-03
3.807740980085302300e-04
7.672360186575939408e-04
4.935285237863188106e-04
7.754326322435666895e-04
1.563912765865216716e-04
3.329494494425307995e-04
4.085097728760530211e-04
5.611397220887277826e-04
8.120751905430151699e-04
9.638704794801767261e-04
4.035651633956772945e-04
4.073816158114581501e-04
2.654084905810619025e-04
2.133854747422664312e-04
1.081558722045479763e-04
1.469297771443260668e-04
4.910879396436392333e-04
7.407429566721793722e-04
6.879887527121485245e-04
1.426468105077670107e-04
1.922300860292838157e-04
4.035573527249108287e-04
1.802364584352022755e-04
4.237436571464443824e-04
4.341718945918033191e-04
8.303226682190073451e-04
6.108080774467655912e-04
1.273313405400483946e-04
5.754454579032563860e-04
2.477776137386686881e-04
4.147722803839315594e-04
2.262605217919283420e-04
9.278067307189497449e-05
5.593685624734760818e-04
3.847537382523584363e-04
3.303236588279615210e-04
3.171220294663877485e-04
3.864022429622280186e-04
4.257321233059224480e-04
6.231583179382358642e-05
5.679843294196700379e-04
3.949383939368335446e-05
8.947718006023673218e-04
1.727017684837558911e-04
3.648483237795645479e-04
7.074536090886389319e-04
5.973630376832274758e-04
5.694935490989698289e-05
5.384504322891570495e-04
4.152639664329536005e-04
5.339717738422489072e-04
1.423698297523284426e-04
1.532304527467273647e-04
5.048277686606295143e-04
2.781363398416839905e-04
4.211762449707197558e-04
1.326115969709926396e-03
3.953282544302142766e-04
4.771038665285333240e-04
2.789426523536906117e-04
5.469355391804829429e-04
3.690161784843211325e-04
6.270259472524500029e-04
1.542821092515297499e-04
5.105377493924176217e-04
4.182482505412703721e-04
6.232501002041756838e-04
4.816102128089067729e-04
3.069449115923245965e-04
1.931024559201866767e-04
4.038134661697168602e-04
3.598826486415157132e-03
1.420200475837736715e-04
8.810378801525268035e-04
4.091397234118074951e-04
8.013711919213112496e-04
5.401056498315210926e-04
3.364612846771783991e-04
5.918553378744175354e-04
5.503278726323954659e-04
7.951946470238414498e-04
7.689053064563005063e-04
1.362829048835050613e-04
3.265332448393215591e-04
6.059168768223506920e-04
7.468349722358388594e-04
2.814718219480254191e-04
7.862811275564444676e-04
8.052472424862221114e-04
2.159054131900575680e-04
6.565194447138731964e-04
2.078244650751665912e-04
5.015746011018201939e-04
3.911270819529585907e-04
5.331579612955063768e-05
7.578685491128598663e-04
4.704736397784175335e-04
2.553562233146087069e-04
2.993865864768934805e-04
3.453511848698433725e-04
3.440903898445985183e-04
4.986431272047508589e-04
1.138741443798415741e-03
7.443929820101057981e-04
5.085083810912866377e-04
3.423143922318045741e-04
7.672704962606733336e-05
4.561997362190489550e-04
5.305987009961902036e-04
7.028717106500122387e-04
5.910645233133184377e-04
3.663634448389176839e-04
3.394842382064110621e-05
7.210952542581540751e-04
4.275691310729421444e-04
4.236626460755286852e-04
5.746292865160116574e-04
4.370374148470638565e-04
6.843850453329983425e-04
1.918852773367728877e-04
5.782915556464994977e-04
4.980765548128721510e-04
2.753233915328106283e-04
5.029724062926232107e-04
1.089078317656098173e-04
7.592350328859547330e-04
3.872737460790805046e-04
4.426949021747993173e-04
8.370350731780676345e-05
2.571505702970585902e-04
1.467250868069282113e-04
1.602114583197296902e-04
2.869512126347610603e-04
2.528466915953586571e-04
1.473601605514307045e-03
2.039976931383873766e-04
8.339993216489713281e-04
3.516134384974843423e-03
6.257745188641152499e-04
7.583430834511093854e-04
6.605048455085012291e-04
3.205219732066258724e-05
6.101968309626376987e-04
7.350834480080985374e-05
1.890280197205124072e-04
1.292490156534342055e-04
2.119250247289132354e-03
4.435652255303802185e-04
3.023083248526312787e-04
4.739203040354040197e-04
3.240075195721467405e-02
7.328389684623707158e-04
6.992766733461417339e-04
6.744539519163637560e-05
3.146269286154445557e-04
6.079960269618986130e-04
6.331938479100285332e-04
9.608252395595540552e-04
4.263547104873043834e-05
4.184542224304672897e-04
4.809754508524041522e-04
3.269913888558868896e-04
7.076469029543134594e-04
5.701436077309890199e-05
2.688929893731722694e-04
5.469283919383074576e-04
1.312710572815536838e-04
5.576359244768301681e-04
2.913837305785147162e-04
3.638552919227418985e-04
9.660769273442585238e-04
7.279056007149453883e-04
1.101727932163454110e-03
9.429752904970418710e-04
6.085756135599597631e-04
7.762906366402832527e-04
4.666448092992444272e-04
4.785244972078639392e-04
7.852984261852213660e-04
8.873831794456576039e-04
6.415269973649703533e-05
5.859360190505255974e-04
9.140826956222185805e-05
2.938171285008011279e-04
0.000000000000000000e+00
5.453555733455097126e-04
4.861774314252057449e-04
5.062479539024596596e-04
7.476015040491257617e-04
4.766444378055483509e-04
1.831201333560842541e-04
1.692383128470941183e-04
5.913799263505050427e-04
6.228686573739960044e-04
6.376850930138385247e-04
5.733031103109999683e-04
1.073540293239199495e-04
1.656248842352006699e-04
4.947980278457676177e-05
2.003532310889737057e-04
5.941465345061518362e-04
1.780767382548667109e-04
0.000000000000000000e+00
1.497785557278325007e-03
6.887329181189096256e-04
2.487951264299455929e-05
5.758464105516707598e-04
7.408698259604059840e-04
5.357128361896282102e-04
6.169927152214697407e-04
2.498160485738761308e-04
4.544482963405756509e-04
2.711479065062242632e-04
4.392738651648262892e-04
2.951328145746162884e-04
7.419308824982216548e-04
7.181681075796113832e-04
6.011273774212941073e-04
3.686717890591147129e-02
6.232796734468159117e-04
2.765148923594238240e-04
5.685373837194189050e-04
5.676717181604293386e-05
3.851724834854916373e-04
6.478362675276136103e-04
2.089814674471705813e-04
3.226717411657440814e-04
4.858780727912124283e-04
2.854444987755736180e-04
2.035250669453423636e-04
2.200533162416752641e-04
9.155199143765190006e-04
7.999456072556514023e-04
2.034081812472399826e-04
9.110485631450490618e-04
3.944658444724319628e-04
6.832269770020357996e-04
2.709592004166928771e-04
4.085719823034988387e-04
2.575090200885834157e-04
2.523057432178015154e-04
2.541053177745246513e-04
6.641856973818371446e-04
2.163569298873277153e-04
5.930608378580451683e-04
3.766556996491808671e-04
1.035079247583679850e-03
5.917539760485093607e-04
3.902948730118659375e-04
7.700649261258969919e-04
8.832440355042389148e-04
2.705301097576169492e-04
0.000000000000000000e+00
1.985584305896423299e-04
6.700707071523651342e-05
4.454915473480928556e-04
6.834026409274339018e-04
1.378568000282333990e-03
3.398139944528390938e-04
8.834540492986003466e-04
3.830626557138856812e-04
6.848504334152547262e-04
3.810027083418519932e-04
7.021043195917202199e-04
7.271276882822617438e-04
1.787807307512457482e-04
1.281159622231129933e-03
3.158574715140537214e-04
2.096400416985942899e-04
7.320585449513432232e-04
5.706213141195471024e-04
3.355001791052246527e-04
1.686100292653623775e-05
6.608600492642559623e-04
3.979387106303097213e-04
7.373129948267484902e-04
3.163383577193848678e-04
2.756759661326660762e-04
2.076433165286681347e-04
5.469437375707599316e-04
4.170388563119777070e-03
0.000000000000000000e+00
1.954437703761543945e-04
4.422794249118989184e-04
5.181695578389719200e-04
1.412927677282339064e-04
3.143828117695554245e-03
5.978055194489826068e-04
2.806975395025938032e-04
5.276965098599867201e-04
0.000000000000000000e+00
2.442996174959071766e-04
2.563438283813484564e-04
1.269829599214069302e-03
0.000000000000000000e+00
3.675607529959311359e-04
3.715600386596137048e-04
2.554173162653569184e-04
1.286683547269610543e-03
4.703855684286828431e-04
3.869430145367745602e-04
4.114020680496917521e-04
6.197516619888102140e-04
6.609587543589662533e-04
4.287376214949846520e-04
4.957790224532264639e-04
8.331581165138432455e-05
1.940780211689419326e-04
5.185104600962204754e-04
7.008845524385854710e-04
1.954140114943803000e-04
1.349892701130839040e-03
3.826305793779857063e-04
8.737759222783414003e-04
7.865348943035039469e-05
6.903509284186820508e-04
2.873802235925058957e-04
4.256903545930030165e-04
5.440150906220195606e-04
1.958134493986543611e-04
2.286274039716315555e-04
3.737059154064587517e-04
2.500631905822390849e-04
3.671411383588297377e-04
2.121104968533477173e-04
2.597619685451168928e-04
6.312928044597567161e-04
5.782691302117750265e-04
2.765295326583495244e-04
2.297128796605879411e-04
3.878141612057192894e-04
3.338878915243977596e-04
2.028471626990924464e-03
3.126743988766368882e-04
2.037011162393365495e-04
5.470823814467773265e-04
3.355513646725805576e-04
9.860688912917332002e-05
1.543979679703340606e-04
6.122371325766551254e-04
5.276767753862657544e-04
7.532837973151130118e-04
1.391342523729563138e-04
5.119877287796604148e-04
9.184126493759323009e-05
4.438004942596080675e-04
9.387840639569927127e-04
5.672715642285714680e-04
2.892579081311490684e-04
3.368256905673068036e-04
6.774971564353668256e-04
2.706045391008410350e-04
3.251904192108506526e-04
0.000000000000000000e+00
6.408788595447853899e-04
4.270166791055570593e-04
3.851071433154752482e-04
1.567595969617024227e-04
3.283855340538522965e-04
5.767371987526646263e-04
7.992158424001559631e-04
3.368817889760015853e-04
1.579156166314835401e-04
7.790919108212143339e-04
2.289634248115026490e-04
3.993171181562883546e-04
4.003637751334961146e-04
4.370021481260739893e-04
6.230679572211457072e-04
3.031970484024616220e-04
2.755966821177245770e-04
4.293492246802463981e-04
1.108223497870687796e-03
8.819239910593292540e-05
5.589069519261331527e-04
6.376793029463991317e-04
1.666711591446287536e-04
4.532929388139071442e-04
5.052027775665474509e-04
4.118912237655372559e-03
4.268316305046456383e-04
6.462675343566405984e-04
7.272804589003280728e-04
2.803863693387810031e-04
5.351335204389186598e-04
8.652390915895272639e-04
6.987171949474172165e-04
5.607283496077491384e-04
6.221758714394564965e-04
5.715592461518326619e-04
1.763794950920582992e-05
0.000000000000000000e+00
6.367569324967849078e-04
7.253624548558248921e-04
1.372379498798986592e-05
5.758610644728836235e-04
5.929254095973768551e-04
4.575910480170335224e-04
3.990889869502148844e-04
4.626492935817151804e-04
4.246808905809849139e-04
9.328474734325711360e-05
1.624420484236628940e-04
3.438429796173504195e-04
2.130597836054861163e-04
1.311867715481536954e-04
4.143869722047563561e-04
3.071964336326310279e-04
4.271310506408446811e-03
7.197003760553449423e-04
4.777277150556734201e-04
3.440391270716355800e-04
6.735780789872383885e-04
7.411438832014064209e-04
1.680808201523935395e-04
6.073754839641384634e-04
6.011444538101061007e-04
3.416090265230579894e-04
4.896620571723191541e-04
7.304428559718094752e-04
4.865787980146624777e-04
4.062745079588900993e-04
4.555910846285596760e-04
1.160697626535105945e-03
7.536413659622254657e-04
7.110678078093666133e-04
6.668278335596228735e-05
8.364860383649855595e-04
4.489889073514245093e-04
5.354069362169455379e-04
1.063881928745125322e-03
4.283750071826422754e-04
1.428253069258097346e-04
5.228770400314266750e-04
1.595646602345289738e-04
3.233845076499339364e-04
4.357363225849950018e-04
4.648982656117267792e-04
5.055244494308733022e-04
2.506310161266717953e-04
6.652550674723262418e-04
4.269676959218279160e-04
4.570818785243061151e-04
5.987410304974502334e-04
7.213260589977038562e-04
1.550701806714653282e-04
8.510145443870691497e-04
2.099279796886740010e-05
5.043757814402144522e-04
4.203383073459950894e-04
2.893080323888495256e-04
5.649506912559762776e-05
3.405419358735834140e-04
5.500300022914057438e-04
7.991180776468176069e-04
7.484317082466974589e-05
3.679991737142803581e-04
5.006550984036260915e-04
3.974098327848891066e-04
7.358480160918468146e-04
6.756544663897762247e-04
1.572609019740472318e-04
1.743769078870880307e-05
3.726390821382919577e-04
3.116393707090654979e-04
1.109373609825097651e-04
1.791706344066357117e-04
3.994937493069988864e-04
8.080692666641475959e-04
8.387434279946466434e-04
5.073015103200939494e-04
5.387741190534555726e-04
7.368308212732541064e-04
3.707925385610383187e-04
8.528155543040279564e-04
4.606205977847828469e-04
5.412995749488565050e-04
6.513534823853517385e-04
1.224245686507012532e-04
9.827476486872531794e-04
5.859349601896614822e-04
1.384395979653427027e-03
4.738894402586228682e-04
5.450768576483897633e-05
4.551719427241718752e-04
2.164170289563869284e-04
0.000000000000000000e+00
2.511410482804900387e-04
9.144507171274910990e-04
2.709690287423657199e-03
3.679802476748202252e-04
7.593404975617265790e-04
1.118804452110695822e-03
5.573946537836644774e-04
6.391632856265704564e-04
5.874354931345966094e-04
5.498123138620847599e-04
1.882100132895029774e-04
5.105128505691875320e-04
4.327744855456412102e-04
3.685972623119776622e-04
6.715667329301985887e-04
6.723209674854168814e-04
1.768352669274083364e-03
7.572736464910717613e-04
3.574080733343767968e-04
4.465515814872181863e-04
5.327957201391535745e-04
5.460392847904385269e-04
7.260965878520249470e-04
6.655654261335767910e-04
5.763128216285972379e-04
8.924370824515441211e-04
3.139311764738327666e-04
1.225491723072360878e-04
1.255084002458416561e-04
7.769441181442068812e-04
6.303067679705036700e-04
4.075100132438079937e-04
2.152917381741284539e-04
7.542918465676952096e-04
7.577337930295810400e-04
2.369114454347360480e-04
7.761360345422802474e-04
7.407580371493531447e-04
2.132349748996071400e-04
4.497295156780009551e-04
3.733547567117546213e-04
8.228133087769383012e-04
4.681515819359527517e-04
5.652928116528892211e-04
3.725976673640425110e-04
4.364780553028463589e-04
5.300928960170242683e-04
1.691408543069692391e-04
3.464557392951449211e-04
3.229010307060336399e-04
9.162357393725700577e-04
7.192337049347848109e-04
0.000000000000000000e+00
3.403134197840363816e-04
4.161294989516167850e-04
4.295299121455149901e-04
6.571851809932403778e-04
6.394686283432805341e-04
5.707016192484107514e-04
5.113337334432398358e-04
6.446265406816023861e-04
4.058988843922705942e-04
3.353868436762344691e-04
2.644357134972120894e-04
4.442973098019861668e-04
7.747046159960143709e-04
3.483519612546789358e-04
3.555168154145647028e-04
3.638439518628010152e-04
1.889846316467032902e-04
4.923075253595383038e-04
4.002710101130377437e-04
7.204508967645747910e-04
5.525137490075473102e-04
2.874646701180924428e-04
1.047905537001392155e-03
0.000000000000000000e+00
4.694803380239703978e-04
7.904862717235692842e-04
6.539569594762911948e-04
5.147161981183933505e-04
1.568503041968261665e-04
7.293975251518456304e-04
2.342120650408763846e-04
6.160514613697576662e-04
5.079316233309905419e-04
4.471442191678431217e-04
2.644380614105166236e-04
4.014205435240017278e-04
1.178645440099940949e-03
1.406737224433528971e-02
3.876665903645608920e-04
8.384986228762293485e-04
3.087759273022010198e-04
3.983039030975326538e-04
7.492622598790421107e-04
5.627250201917918457e-04
3.566582648876133487e-04
2.194920484436496504e-03
2.849616611085873871e-04
8.132271033770168247e-05
3.031361222016733877e-04
1.307572927779754833e-04
3.448302108449430845e-04
3.838348814981364186e-04
8.519812015404194718e-04
1.054673321135532558e-03
4.509395178853482940e-04
5.933539058622098105e-04
8.209480924180566613e-04
3.645866880426225191e-04
4.791924693060608934e-04
4.901896116964486261e-04
8.431870581773609485e-04
3.435830454456936561e-04
1.743994630849882925e-04
4.687221806728460714e-04
7.021184712375972857e-04
4.600276155564129218e-04
3.203459725994720259e-04
1.023408244980099965e-03
6.390467942616165397e-04
5.269379037297599721e-04
6.219595478066938321e-04
3.446486173583090300e-04
3.273297473483207710e-04
1.447416316963375069e-04
1.629800665465970565e-03
5.062443758174055026e-04
4.516183121345875842e-04
1.953817020664452408e-03
6.401080469141038048e-04
3.361367229748619522e-04
2.883283389410567750e-04
5.041872407270121250e-04
2.819573988577839837e-04
1.985641983568412654e-04
9.614380135993475386e-05
4.852290801876952414e-04
4.732550808234338370e-04
1.058854993991156660e-03
3.065083777844129515e-04
5.525772667138463805e-04
3.637102265597052402e-04
9.600240759423346376e-04
3.108434176606248269e-04
2.470219502212335581e-04
3.532641718275248625e-04
6.780634942493121752e-04
4.900939237934591941e-04
6.231213532209912195e-04
1.938269476078646508e-04
6.597213623356690043e-04
7.987395947048843209e-04
0.000000000000000000e+00
2.375511196145831745e-04
5.265459282723220814e-04
6.510393477823202615e-04
3.485377853366246163e-04
3.468895689905020317e-04
3.459818000293154528e-04
5.625851366873774488e-04
2.021288850357678849e-04
9.300991671374797326e-04
6.039457974345225407e-04
5.902660976614713473e-04
3.453950080498969263e-04
1.001512126364498701e-03
6.564573147768988214e-04
5.547180556078160378e-04
1.845844397157030782e-05
2.571279545380320919e-05
1.063624031635165617e-03
6.558647405459996655e-04
4.882803585172294748e-04
8.274458138004031540e-04
3.517614752601246259e-04
1.519993750272543881e-04
3.638014259007803773e-04
4.080169631359505285e-04
5.368175702797305365e-04
5.997447051778933289e-04
4.620912914075852684e-04
2.791409332810676491e-04
2.817717853646136165e-04
2.118441244174284945e-04
5.946452593224028894e-05
7.080671593390111106e-04
3.020995097758542424e-04
2.486417285537687125e-04
1.262758649621561189e-04
1.391201604550873776e-04
4.438076472269802909e-04
4.265312483041396865e-04
2.582009581280251490e-04
7.057370133931002232e-04
1.891936225453525247e-04
2.914764998965616851e-04
2.357935860756693971e-04
3.198579558993604774e-04
5.267371447982150664e-05
6.163514263473814526e-04
6.898388788515175118e-04
2.413800561301108366e-04
2.975692034725395678e-04
5.942682556404140122e-04
7.193495565588590210e-06
1.584364715695088641e-04
6.017243551139709852e-04
3.426451845217174416e-04
3.320452383841750264e-04
7.886163799251531999e-04
6.064936080362301387e-04
3.825997974783242766e-04
9.020209776485799168e-05
7.472467081743102302e-04
3.525906573301750024e-04
2.630076408871246177e-04
7.110664625073392833e-04
4.078848489898729375e-04
5.750512533814394539e-04
4.895663847923647279e-04
5.239593389340587186e-04
5.029799738789872974e-04
0.000000000000000000e+00
4.358655118003893023e-04
2.613240513510617564e-04
3.785177619908214959e-04
9.431701836783522698e-04
0.000000000000000000e+00
2.393022558733654036e-04
1.471404453440410269e-04
4.349553969435403190e-04
7.438510779840315761e-04
1.420128622670747802e-04
7.319964971770006896e-04
6.216198029727390128e-05
1.115987957585778988e-04
8.052232227453219550e-04
8.175448553269727865e-04
7.634704943798661806e-04
2.214870510534445145e-05
9.002370362627439134e-04
4.859248821382309972e-04
5.869485744250657871e-04
7.512487783362327464e-04
1.010398975862883365e-03
4.308481061151818599e-04
5.338198790803888247e-04
2.281274993602814302e-04
8.287172727763987730e-04
3.147658228888167652e-04
8.186925999163416345e-04
5.320670924879785388e-04
1.070296623834897680e-04
3.986340641479574321e-04
1.107834841695706871e-03
4.372152589095068109e-04
4.966685674060867649e-04
2.493823063839363204e-04
2.876071863815741819e-04
3.915105520253352980e-04
7.145890744764542583e-04
1.135041883993879661e-03
4.172265595904152175e-04
1.064470735665575961e-04
7.641960995140048649e-04
0.000000000000000000e+00
4.374188874710740788e-04
6.333552035349909954e-04
4.933146460038993677e-04
7.983006360079584812e-04
2.512907666824931957e-04
4.916275585490937098e-04
7.078632226093581207e-04
3.894934778515395666e-04
3.539101619090399180e-04
4.712538619841784076e-04
3.635708154174719514e-04
4.213043719690938221e-04
2.787623806332195490e-04
3.167229520677695867e-04
6.696967243112050957e-04
9.985136890371178620e-04
7.842779484197479013e-04
4.283136724607345476e-04
6.268931877998117292e-04
3.805546924429677809e-04
4.797735210324293484e-04
9.450056873270255451e-04
9.191383297693212330e-04
3.721581696352494069e-04
3.353880634907699821e-04
1.207879721428601835e-04
6.335353624747704798e-05
1.748199095782073439e-04
2.038483299077636956e-04
6.255891630085434751e-04
5.655529749517813985e-04
1.839489971877361065e-04
6.213707611002528041e-04
5.493648014978634066e-04
6.858942700216051624e-04
2.353886741121253093e-04
4.361722845983804229e-04
5.339568196271904810e-04
7.212635797267028231e-04
6.819014013923610290e-04
5.293539376096178606e-04
1.678764755555258673e-03
4.749888435218866441e-04
7.476900577282401218e-04
3.710038221965217069e-04
1.913603285105387156e-04
1.058532261300815670e-03
3.772136824756759025e-04
1.563690173393143714e-04
5.149559805958727225e-04
5.535982793216262477e-04
1.091016791375978682e-04
3.033245191650984964e-04
9.026966478473965293e-04
3.958814368318003328e-04
2.555907539326520784e-04
6.040610468548955354e-04
7.525476922876969254e-05
3.448010772166512530e-04
6.323327104258656944e-04
2.687125506861774089e-05
7.350564151100433350e-04
4.791702088675980843e-04
2.637424632640063358e-04
2.623359669141130546e-04
1.893442979364724310e-04
8.035407943871660137e-04
6.045485112210491081e-04
1.113143031378220583e-03
4.512995922860790180e-04
7.674431527120995078e-04
6.710537895516902095e-04
2.066261906130837040e-04
3.320696251293320288e-04
5.004581250675438440e-04
6.260102281522708168e-04
7.938058843579089184e-04
4.912423857776999567e-04
5.458260611592082468e-04
7.873543206805043784e-04
1.281294263076474059e-04
4.085539217790808836e-04
8.428635153798800866e-05
2.384192751650782656e-05
3.381853684617860002e-04
6.456736373831925948e-04
4.692368178116244014e-04
5.918179648101605994e-04
2.999776431903054775e-04
4.562215634057438605e-04
9.137306506668353744e-04
2.827538876863709780e-04
9.210320061535779215e-03
4.135849095547455834e-04
1.833155650310918771e-04
4.857058408317557969e-04
2.118014637572977581e-03
5.274130654019395202e-04
6.812828235220549792e-04
1.550423231827958840e-04
2.260758937284153367e-04
1.159153978210726783e-04
1.072483591844206372e-04
6.666597800061831256e-04
4.311507673966896953e-04
6.591904296196452340e-04
6.661491368314830961e-04
7.330757532723871988e-04
3.194764784069726356e-04
5.136549644962635618e-04
4.073389862694581204e-04
2.164663290236509122e-05
4.176619670908412172e-04
7.407179923073858949e-04
2.389909557173360954e-04
2.328933592568138266e-04
5.100157107411980480e-04
9.408067770846589135e-05
7.655331479069014521e-04
5.083860250347850031e-04
8.343029144056722567e-04
4.111910714771356123e-04
5.094418260586356826e-04
8.100254481477597033e-05
5.151252639022126491e-04
4.150157000124850130e-04
2.215032142094415632e-04
9.496940566315868217e-05
2.480557315582230258e-04
1.464109614821991717e-04
4.195897972907482306e-04
5.766158152482670548e-04
1.335900531062302532e-03
4.818166876298092495e-04
7.542762642463225363e-04
4.716098539517168519e-04
9.060881113626366576e-04
6.558815507667046813e-04
0.000000000000000000e+00
6.915901645819504551e-04
1.159067180088907580e-04
3.036916709548649943e-04
4.820356035370079034e-02
6.214611703326437331e-04
1.684210492809695833e-04
1.251607275396974823e-03
3.773937862615186307e-04
7.827453566965937581e-05
2.191494308670902417e-04
2.126983241864514082e-04
3.380729522832949096e-03
3.294698258479293617e-04
2.584676078443667630e-04
4.219062603272930295e-04
7.147060353755274424e-04
2.265147447679998556e-04
1.407489734121692305e-04
6.823639438494755313e-04
1.171940536938971235e-04
8.960526370691153895e-04
6.076980230404852587e-04
7.858697552550798510e-04
3.515546588056481800e-04
3.513598119780376853e-04
6.567785499326211484e-04
2.529825230725641153e-04
3.778889066971767010e-04
2.802274203260744279e-04
7.142884105747756369e-05
4.329898550636873873e-04
8.663111152534289051e-04
7.836533601280003779e-04
4.845202340836205455e-04
4.004451279490493917e-04
5.381878770408878064e-04
7.042520543705275493e-04
4.162850067050576953e-04
2.554493658857799176e-03
5.859512928032225600e-04
4.068133209774135489e-04
0.000000000000000000e+00
5.858712474459177889e-05
5.331565498276764599e-04
5.072521538334955581e-04
5.788915627068488877e-04
1.498981689020228276e-04
2.601601376982985670e-04
5.055175419357066293e-04
5.694408890669252739e-04
1.738619541410108373e-04
0.000000000000000000e+00
0.000000000000000000e+00
4.042594538352350378e-04
4.049623385506016999e-04
3.076881792904667223e-04
9.348825595196315254e-04
4.089342275925805358e-04
1.919490449968385456e-04
6.019880723792628719e-04
4.927850391312914476e-04
1.819772786720841025e-04
1.138270236311872017e-03
6.027318508990574990e-04
6.730533214053274369e-04
4.935867929033066655e-04
1.490660265876112076e-04
4.609062068994492010e-04
0.000000000000000000e+00
5.165702053209844397e-04
1.511862307996774508e-04
3.254406716066268941e-04
0.000000000000000000e+00
6.741330336672550104e-04
4.989212115234563458e-04
7.218698590937954341e-04
4.329176826506708569e-04
1.017563759408557280e-03
8.267740234272876257e-04
8.579463862551561706e-04
1.817181550798270561e-04
6.046601002660157874e-04
7.096906610239794942e-04
4.827805777734515144e-04
7.142871030726373124e-04
1.093968265166195926e-03
1.199694926941441121e-04
2.419917815770437203e-04
5.908461478231130312e-04
5.940975407387114309e-04
3.423482091739293940e-04
4.762708348159235211e-04
3.721422530553921814e-04
7.503983201175117024e-04
4.280749644840194730e-04
4.743693526653274158e-03
3.483437263987136222e-04
5.582821352789394233e-04
1.597686458917217016e-03
2.715251304774225945e-04
1.017254356851805526e-04
4.330832717588384284e-04
4.282961411263567423e-04
5.454020584161759833e-05
4.902270656553321714e-04
5.340881533455776094e-04
7.893212879327591788e-04
1.595353016235669531e-04
1.052891422527812244e-04
8.699262464344283434e-04
1.050154935212400551e-03
2.018693559390725696e-04
2.026783506597139935e-04
0.000000000000000000e+00
5.387064363397376862e-04
7.805774216519263372e-04
3.820790673536515855e-04
4.550942403103353418e-04
1.347887305542441586e-04
2.227989634417608768e-04
9.028300306393742579e-04
6.178935964960219568e-04
5.171098953771632260e-04
3.841625947794524818e-04
4.316108465490056147e-04
3.407944368119541784e-04
5.840821686296034272e-04
8.698519439417487032e-04
1.054092288212913893e-04
5.192842552353050698e-04
1.396659654372972440e-04
0.000000000000000000e+00
4.664770664756289018e-04
3.130862751142724724e-04
2.477164083254830020e-04
7.543308429972356798e-05
8.640011322800431309e-04
4.285691129920320272e-04
1.224000026993178950e-04
2.822042858110720043e-04
4.454120267900429594e-05
7.084184109541523736e-04
3.633059598002211449e-04
2.992900264641992834e-04
4.836479872321370493e-04
3.185435163048193352e-04
5.469328926318843976e-04
8.315028059319926057e-04
1.777954374177856823e-04
7.597648516571548318e-05
3.888758723533711865e-04
7.212162179587599826e-04
1.186718069252145025e-04
3.303874458835287953e-04
3.051982581110500173e-04
3.398543097767985619e-04
4.815108578638991422e-05
9.026545881911507549e-04
9.768112823795404957e-04
6.439076997007628107e-04
3.466061947924999553e-04
6.147554104752115788e-04
4.642890411143181669e-04
8.029856795890710905e-04
8.379322926982653644e-04
7.101581567818448983e-04
3.552814775232163787e-04
7.742514949047609417e-04
0.000000000000000000e+00
5.191024324477509127e-04
2.596236206497028599e-04
7.368557691117425196e-04
5.982795794598130953e-04
3.864748204107250188e-04
2.634171671868413590e-04
5.466078527095961362e-04
5.741520516530483490e-04
2.979354221047940832e-04
2.510058338256863941e-04
2.699112067890796729e-05
5.346047027116987730e-04
1.682117626515734158e-03
1.249868034848335976e-04
2.649160223449434099e-04
3.014498618679947446e-04
4.868778759446251909e-04
5.252978031211462829e-04
1.002394810958065225e-03
9.153337776923444954e-04
7.993465721235622982e-05
5.118860761218388920e-04
1.839766448882181862e-04
2.785170837705998217e-04
2.490819431975183616e-04
2.570410589678451003e-04
4.987292910240780476e-04
7.523389996371174053e-04
5.105299334140218741e-04
7.101606214466528628e-04
3.985322191951497141e-04
6.133787145624527547e-04
2.316571804000734007e-04
5.654356963477158004e-04
1.322024695746564134e-04
5.386283511086400804e-04
2.962310958602772798e-04
4.097700973185573487e-04
3.875726161657795676e-04
5.852439444825374747e-04
9.632819432671161849e-04
2.729897683730757893e-04
1.042059926077466034e-04
4.502088091113823961e-04
6.012471468244759290e-04
4.634196676697321807e-04
4.515826550202224838e-04
4.729170405868016050e-04
5.138973851459041316e-04
3.692094031249496086e-04
1.508930910322783749e-04
4.803385425251839786e-04
8.128636035355369088e-04
3.904636310462838772e-04
1.271356544159946231e-03
6.724204961745205945e-04
6.442978975634016964e-04
6.814199372629172911e-04
4.003806922145311769e-04
6.790792598818134107e-04
2.939930496405777699e-04
2.660214008951814922e-04
2.927084487339650558e-04
5.236573377903828682e-04
4.498751549834617450e-04
3.990884389856818692e-04
5.309212780872866588e-04
4.961177646274762647e-04
8.828118743418742398e-04
7.719372524994507834e-05
4.755162976688338014e-04
4.805548853256674932e-04
3.653924116972198546e-04
6.979014968885494151e-04
5.971556750971804533e-04
4.810931639640201327e-04
2.511514169115254525e-04
2.955292812490387566e-04
3.285078887097992372e-04
5.237107050508131275e-04
1.460124427460564756e-04
4.293445650261344020e-04
4.493810209155642017e-04
7.347675863583327588e-04
3.443956825623482095e-03
2.817837100960338082e-04
2.098138432571741490e-04
7.651093409205804040e-05
1.940353855077930683e-04
2.068520668361373911e-04
5.785180384579307212e-04
9.155622094859101456e-04
1.847451898510064916e-04
7.021117854747343547e-04
5.279660447603327488e-04
7.155563446083766698e-04
4.737744276130105331e-04
7.460998055137030077e-04
7.797277048753320635e-04
6.396517557364393355e-04
3.341543649786491094e-04
3.376506077946181232e-04
3.819102026425971004e-04
7.834608110249642382e-04
3.086032613908976791e-02
3.633992157533704457e-04
4.763018110764312158e-04
1.539663798880186755e-04
1.033654860531715174e-04
7.846004029591276433e-04
7.071496121970674694e-04
5.521470992380291551e-04
8.518001219791273160e-04
2.609849813496304305e-04
3.709391772614858518e-04
5.051967296108427364e-04
7.885233354800464788e-04
5.093928079279494816e-04
9.904284117916669120e-05
3.440471722830889937e-04
4.088200106844770178e-04
4.375265254562996179e-05
4.295019424144979546e-05
3.989108019340036190e-04
5.585449694101131748e-04
4.547368410192915533e-04
3.886830806791391696e-04
3.857030017783945330e-04
2.618898079481109340e-03
4.249563533022018271e-04
0.000000000000000000e+00
6.405297481102352518e-04
3.717178274378429934e-04
4.578944362604121581e-04
4.226224911184273320e-04
6.905053760321154966e-04
3.175903333672610695e-04
4.650092418767190722e-04
1.916553947047221066e-05
7.028784093551549046e-04
5.145319104909438536e-04
4.823489762687875560e-04
6.211247899962447699e-04
2.273214020687834873e-04
8.004969544597937943e-04
8.076142935826529897e-04
3.003221320390465823e-04
6.947471386787967525e-04
6.639377461519724256e-04
3.062714571511914092e-04
1.151122380250861263e-03
2.274728319078664265e-04
4.031697795844986693e-04
2.972082532703877126e-04
3.476201010618336341e-04
8.093164641825377047e-04
2.902746931862025905e-04
2.996411148027824196e-04
5.724803315042957964e-04
7.129696522623317557e-06
7.003471089496064251e-04
9.013146947759105880e-04
1.349231440204052461e-03
6.529848862847250886e-04
4.661851010582541955e-04
5.108659239136617179e-04
1.511634926944969114e-03
1.919941372955954030e-04
2.229535794080202788e-04
5.647712232593257850e-04
2.672440119156646132e-04
2.123578099880007167e-05
4.443008014916505124e-04
2.158628765062613306e-04
8.254712279673814476e-04
4.081519169629964621e-04
2.003947910120879833e-05
5.956612535809221445e-04
5.729321911041623978e-04
2.961126217942381279e-04
4.085109736640553640e-04
6.032526656666291082e-04
2.452862022615194320e-04
5.342323017316359234e-04
3.637621947861883771e-04
2.902670293878923790e-04
7.938572024800118687e-05
6.328423748596015809e-04
5.398822603038336016e-04
2.856492333804409650e-04
4.976466980663344719e-04
6.840352100260767634e-04
5.646018268199379117e-05
1.770944538545250432e-04
3.393399630743321139e-04
3.551062290802887533e-04
4.925751347743855327e-04
1.074476512394567602e-04
6.519363124848413750e-04
1.325405492292671295e-04
4.575981680604874883e-04
8.395779410479679459e-04
4.758337378810140986e-04
6.996487510128276445e-04
3.466211543457258437e-04
5.385863495310821069e-04
6.369511170594248373e-04
3.895480785922021140e-04
2.085902416963297866e-04
9.114416338058073472e-04
7.912176298253358574e-04
6.080725323868200419e-04
3.958137270449711156e-04
4.821137589532083819e-04
2.055369124954587075e-03
3.506603493751070584e-04
8.424652669155277985e-04
8.832680069887391102e-04
4.607632225157936798e-05
3.131903823733165238e-04
0.000000000000000000e+00
4.844757525082665273e-04
2.904485561034839624e-04
2.412400758175033588e-04
3.235969725384213198e-04
3.584355490237284910e-04
3.471774472660612643e-04
1.058028513689868990e-03
3.023771608398102698e-04
0.000000000000000000e+00
6.550305794495096638e-04
5.249563310272404833e-04
8.014547976131636145e-04
5.622917624035097097e-04
4.025865200822573414e-04
6.438917390570596429e-04
3.707172939138762098e-04
5.766860940707514878e-04
7.703908866517482530e-04
7.474836909076151760e-05
6.109084297493592129e-04
7.852339803028102628e-04
1.291739717961163747e-04
4.890614345956427293e-04
1.754680525986827822e-04
4.269609386446320096e-04
5.548088936027902388e-04
5.063794973794205796e-04
3.471043057755425704e-04
5.891693463680600573e-04
3.667607075491913476e-05
6.287627214208164721e-04
8.103565752435335032e-04
3.876747376178295160e-04
2.320654909637133369e-04
1.221628417601899126e-04
5.394589076229487331e-04
2.547652060051976055e-04
2.651548178321384125e-04
6.942116396795088235e-04
5.643965013719954562e-04
1.920989393710872668e-04
4.169855614901227139e-04
5.876396534571840229e-04
6.390354267001277424e-04
5.276754314283814288e-04
6.541345299803172364e-04
7.859988725066645657e-04
5.000679049091149339e-05
5.636595451535533676e-04
5.010811461330774361e-04
8.616683883073722634e-04
5.170175778441303332e-04
2.939443263224723836e-04
5.095387094628028770e-04
7.560728909825119391e-04
4.839375017657875956e-04
6.009753487900192310e-04
1.769760285393847982e-04
5.778194615995159130e-04
