9.974006897319552534e-03
0.000000000000000000e+00
0.000000000000000000e+00
0.000000000000000000e+00
0.000000000000000000e+00
0.000000000000000000e+00
0.000000000000000000e+00
0.000000000000000000e+00
0.000000000000000000e+00
6.863239905583068748e-03
0.000000000000000000e+00
0.000000000000000000e+00
0.000000000000000000e+00
0.000000000000000000e+00
0.000000000000000000e+00
0.000000000000000000e+00
0.000000000000000000e+00
3.070756217444774172e-02
0.000000000000000000e+00
0.000000000000000000e+00
0.000000000000000000e+00
0.000000000000000000e+00
0.000000000000000000e+00
0.000000000000000000e+00
0.000000000000000000e+00
0.000000000000000000e+00
0.000000000000000000e+00
0.000000000000000000e+00
0.000000000000000000e+00
0.000000000000000000e+00
0.000000000000000000e+00
0.000000000000000000e+00
0.000000000000000000e+00
0.000000000000000000e+00
0.000000000000000000e+00
0.000000000000000000e+00
1.408231492341394109e-02
1.374573768082879358e-02
1.311897287416021601e-02
1.166115542580612070e-02
9.530165931128264933e-03
8.175918334868777573e-03
8.464005190211724983e-03
7.803794631668287303e-03
5.588823972553490574e-03
7.107071469446168965e-03
3.806238592877808462e-03
2.814871177583009969e-03
2.693153690572180816e-03
2.526861199675937714e-03
2.467320650097065433e-03
2.374904165313529523e-03
2.079220018598199049e-03
2.321088556168374173e-03
1.597991059244852075e-03
1.110058436141324366e-03
1.095804862126203896e-03
9.677836172821771424e-04
8.903644257934274688e-04
8.392992017662279135e-04
8.062211772902825842e-04
6.176434275140798777e-04
6.523427623107420741e-04
6.315249981185441482e-04
6.684581583933918566e-04
9.076639635582983224e-04
1.220817634750649087e-03
1.896985217282715162e-03
3.290677968130740604e-03
1.373742434450017820e-02
9.796161170657801537e-03
1.136967358419994911e-02
2.104170789301673325e-02
1.173754926518250259e-02
1.090280623059038112e-02
9.338794273510643909e-03
8.292347403547896748e-03
6.256441188662480342e-03
8.117167790673878586e-03
6.074222327131945445e-03
4.852263792777614278e-03
4.105720575422936065e-03
3.772155734695839015e-03
4.325925071956537513e-03
3.549701267917264487e-03
3.062078687425090571e-03
4.629548113444704842e-03
3.175843446393360452e-03
3.914341500375419051e-03
2.777549372914059258e-03
4.120705546539840843e-03
3.014021351742465424e-03
6.145390470571819932e-03
5.238053278628224119e-03
3.737501671658003798e-03
6.381759931579682188e-03
8.744691914360884499e-03
5.488918690030280927e-03
5.826926962724926322e-03
4.764392183510852453e-03
6.057189781034556623e-03
1.007455929095811553e-02
5.124398926784654723e-03
7.828780471411365266e-03
2.158305577089525418e-02
1.143417611477094697e-02
1.638778288645824713e-02
1.108032320914434203e-02
1.496624646629213934e-02
6.346594292039665561e-03
4.691779061802969948e-03
4.566660389740598465e-03
4.482401277843602733e-03
4.426362414502912554e-03
4.459997386420834833e-03
4.725507230778091400e-03
4.478896699041100618e-03
4.472549543069438520e-03
6.409659727917868186e-03
4.803778724339169241e-03
4.514133201450474392e-03
4.659505391439574748e-03
4.607790629221304897e-03
4.402339139348365217e-03
4.923161778536344450e-03
6.304915199596861086e-03
5.189028854675885663e-03
5.127641273987453008e-03
4.769284031190910468e-03
4.531508416329203814e-03
4.861977900343645957e-03
4.791204288081569312e-03
4.931380891537936323e-03
5.310984600118823923e-03
5.049689923029274975e-03
4.708000975648354153e-03
4.978252630512030458e-03
5.059830018786556048e-03
5.314196312039998205e-03
5.262466388610362138e-03
4.815792254146760223e-03
4.943990970818552821e-03
8.643863720124708022e-03
4.108963361555306726e-02
7.009547524382138926e-03
8.715665218335553674e-03
5.612572225386587565e-03
5.149579027832914407e-03
4.734872816229747199e-03
5.020136947227763803e-03
4.887209810128309052e-03
4.826174608490984078e-03
4.496520478812294011e-03
4.925618131049313425e-03
9.958803294616531965e-02
5.104713003682584925e-03
4.652663034404701768e-03
4.891199238001220882e-03
4.965269069025295481e-03
4.697368731415221300e-03
5.067421002029049576e-03
1.118020687869534027e-02
5.391772872209350288e-03
5.011953501724208601e-03
4.729644919580241677e-03
4.473966057569108562e-03
4.685874222284567951e-03
4.445007485703486930e-03
4.648676150690508706e-03
5.524152397799144375e-03
4.711266941930429900e-03
4.428474635222568942e-03
4.280252394051614270e-03
4.629033797328906304e-03
4.899186271621456049e-03
4.584635544229725621e-03
5.205039175885889033e-03
5.467826442926943670e-03
9.722751532587737763e-03
7.052593486615779152e-03
