7.406237702943701054e-03
5.766631587292586451e-03
6.796026814370118366e-03
5.698739856106996467e-03
9.170781022335029037e-03
6.735353086546292181e-03
7.388122119140835276e-01
1.145753372497852578e-02
4.779866211623788608e-02
2.765143648379695535e-02
6.990335927118940945e-03
9.492395508865675985e-03
1.035915030859544360e-02
9.597377605946998125e-03
3.032087552424056476e-02
1.711258540745206821e-02
1.839688494283315059e-02
6.776542472343364057e-03
6.703978694592236352e-03
1.695625929932001452e-02
