2.631578947368420907e-02
0.000000000000000000e+00
2.127659574468085055e-02
0.000000000000000000e+00
0.000000000000000000e+00
6.666666666666666297e-01
0.000000000000000000e+00
0.000000000000000000e+00
0.000000000000000000e+00
2.702702702702702853e-02
0.000000000000000000e+00
0.000000000000000000e+00
3.142857142857142794e-01
4.761904761904761640e-02
0.000000000000000000e+00
1.960784313725490169e-02
3.125000000000000000e-02
5.405405405405405705e-02
4.358974358974359031e-01
0.000000000000000000e+00
1.000000000000000056e-01
2.258064516129032195e-01
6.060606060606060774e-02
2.702702702702702853e-02
1.142857142857142821e-01
0.000000000000000000e+00
0.000000000000000000e+00
2.187500000000000000e-01
5.555555555555555247e-02
7.692307692307692735e-02
0.000000000000000000e+00
7.419354838709677491e-01
7.894736842105263275e-01
1.063829787234042562e-01
3.846153846153846367e-02
0.000000000000000000e+00
0.000000000000000000e+00
2.777777777777777624e-02
2.222222222222222307e-02
2.941176470588235253e-02
2.702702702702702853e-02
0.000000000000000000e+00
8.571428571428571508e-02
2.631578947368420907e-02
2.941176470588235253e-02
0.000000000000000000e+00
1.428571428571428492e-01
2.941176470588235253e-02
0.000000000000000000e+00
9.090909090909091161e-02
5.128205128205128027e-02
5.555555555555555247e-02
3.125000000000000000e-02
1.111111111111111049e-01
0.000000000000000000e+00
0.000000000000000000e+00
2.941176470588235253e-02
0.000000000000000000e+00
0.000000000000000000e+00
1.000000000000000000e+00
1.000000000000000056e-01
5.999999999999999778e-01
1.944444444444444475e-01
5.128205128205128027e-02
0.000000000000000000e+00
0.000000000000000000e+00
1.111111111111111049e-01
0.000000000000000000e+00
8.571428571428571508e-02
0.000000000000000000e+00
0.000000000000000000e+00
2.777777777777777901e-01
0.000000000000000000e+00
0.000000000000000000e+00
2.380952380952380820e-02
0.000000000000000000e+00
5.263157894736841813e-02
2.750000000000000222e-01
0.000000000000000000e+00
7.692307692307692735e-02
3.030303030303030387e-02
1.818181818181818232e-01
0.000000000000000000e+00
3.225806451612903136e-02
3.333333333333333287e-02
0.000000000000000000e+00
0.000000000000000000e+00
2.564102564102564014e-02
1.111111111111111049e-01
0.000000000000000000e+00
6.060606060606060774e-02
0.000000000000000000e+00
7.499999999999999722e-02
2.127659574468085055e-02
4.878048780487805047e-02
3.448275862068965469e-02
0.000000000000000000e+00
2.187500000000000000e-01
6.451612903225806273e-02
3.333333333333333287e-02
9.111111111111110938e-01
0.000000000000000000e+00
3.125000000000000000e-02
6.250000000000000000e-02
2.941176470588235253e-02
5.263157894736841813e-02
2.325581395348837177e-01
5.000000000000000000e-01
1.562500000000000000e-01
2.857142857142857054e-02
2.954545454545454697e-01
0.000000000000000000e+00
2.250000000000000056e-01
8.108108108108108558e-02
3.125000000000000000e-02
0.000000000000000000e+00
2.777777777777777624e-02
5.405405405405405705e-02
0.000000000000000000e+00
2.857142857142857054e-02
2.439024390243902524e-02
0.000000000000000000e+00
3.030303030303030387e-02
0.000000000000000000e+00
2.857142857142857054e-02
0.000000000000000000e+00
0.000000000000000000e+00
0.000000000000000000e+00
5.882352941176470507e-02
2.325581395348837177e-02
6.976744186046511809e-01
2.564102564102564014e-02
5.588235294117647189e-01
7.105263157894736725e-01
0.000000000000000000e+00
0.000000000000000000e+00
0.000000000000000000e+00
1.470588235294117696e-01
1.034482758620689641e-01
0.000000000000000000e+00
3.448275862068965469e-02
3.703703703703703498e-02
0.000000000000000000e+00
2.702702702702702853e-02
0.000000000000000000e+00
0.000000000000000000e+00
3.125000000000000000e-02
0.000000000000000000e+00
0.000000000000000000e+00
0.000000000000000000e+00
0.000000000000000000e+00
0.000000000000000000e+00
0.000000000000000000e+00
0.000000000000000000e+00
0.000000000000000000e+00
2.439024390243902524e-02
2.325581395348837177e-02
5.882352941176470507e-02
6.060606060606060774e-02
2.857142857142857054e-02
1.395348837209302306e-01
0.000000000000000000e+00
7.142857142857142461e-02
9.743589743589743390e-01
2.777777777777777624e-02
9.024390243902439268e-01
3.030303030303030387e-02
2.857142857142857054e-02
0.000000000000000000e+00
2.222222222222222307e-02
8.750000000000000000e-01
1.304347826086956486e-01
0.000000000000000000e+00
5.263157894736841813e-02
2.941176470588235253e-02
0.000000000000000000e+00
3.030303030303030387e-02
5.882352941176470507e-02
5.348837209302325091e-01
0.000000000000000000e+00
0.000000000000000000e+00
0.000000000000000000e+00
1.470588235294117696e-01
2.380952380952380820e-02
2.439024390243902524e-02
0.000000000000000000e+00
0.000000000000000000e+00
0.000000000000000000e+00
6.451612903225806273e-02
0.000000000000000000e+00
0.000000000000000000e+00
9.090909090909091161e-02
0.000000000000000000e+00
0.000000000000000000e+00
0.000000000000000000e+00
5.882352941176470507e-02
0.000000000000000000e+00
7.142857142857142461e-02
2.173913043478260809e-02
9.375000000000000000e-01
6.060606060606060774e-02
4.878048780487805047e-02
0.000000000000000000e+00
8.055555555555555802e-01
5.217391304347825942e-01
0.000000000000000000e+00
9.117647058823529216e-01
0.000000000000000000e+00
2.941176470588235253e-02
0.000000000000000000e+00
0.000000000000000000e+00
2.068965517241379282e-01
0.000000000000000000e+00
0.000000000000000000e+00
8.863636363636363535e-01
3.714285714285714413e-01
2.380952380952380820e-02
0.000000000000000000e+00
3.125000000000000000e-02
1.333333333333333315e-01
0.000000000000000000e+00
8.536585365853658347e-01
1.333333333333333315e-01
5.128205128205128027e-02
1.025641025641025605e-01
0.000000000000000000e+00
3.125000000000000000e-02
2.702702702702702853e-02
0.000000000000000000e+00
0.000000000000000000e+00
9.090909090909090606e-01
2.631578947368420907e-02
0.000000000000000000e+00
9.090909090909090606e-01
0.000000000000000000e+00
2.631578947368420907e-02
2.631578947368420907e-02
0.000000000000000000e+00
0.000000000000000000e+00
1.000000000000000000e+00
0.000000000000000000e+00
4.333333333333333481e-01
2.941176470588235253e-02
0.000000000000000000e+00
0.000000000000000000e+00
5.714285714285714107e-02
2.439024390243902524e-02
0.000000000000000000e+00
2.777777777777777624e-02
7.894736842105262720e-02
2.380952380952380820e-02
0.000000000000000000e+00
0.000000000000000000e+00
8.823529411764706454e-02
2.564102564102564014e-02
0.000000000000000000e+00
2.777777777777777624e-02
2.222222222222222307e-02
2.325581395348837177e-02
3.225806451612903136e-02
0.000000000000000000e+00
3.448275862068965469e-02
0.000000000000000000e+00
3.055555555555555802e-01
0.000000000000000000e+00
7.692307692307692735e-02
9.444444444444444198e-01
0.000000000000000000e+00
0.000000000000000000e+00
8.108108108108108558e-02
0.000000000000000000e+00
9.354838709677418818e-01
0.000000000000000000e+00
0.000000000000000000e+00
3.448275862068965469e-02
0.000000000000000000e+00
2.941176470588235253e-02
5.882352941176470507e-02
0.000000000000000000e+00
7.142857142857142461e-02
3.125000000000000000e-02
1.428571428571428492e-01
2.500000000000000139e-02
0.000000000000000000e+00
5.555555555555555802e-01
7.209302325581394832e-01
2.325581395348837177e-02
4.347826086956521618e-02
0.000000000000000000e+00
2.222222222222222307e-02
0.000000000000000000e+00
2.941176470588235253e-02
0.000000000000000000e+00
5.714285714285714107e-02
5.000000000000000278e-02
0.000000000000000000e+00
1.000000000000000056e-01
7.692307692307692735e-01
2.439024390243902524e-02
2.142857142857142738e-01
2.439024390243902524e-02
7.499999999999999722e-02
2.000000000000000111e-01
3.030303030303030387e-02
0.000000000000000000e+00
0.000000000000000000e+00
0.000000000000000000e+00
1.081081081081081141e-01
1.000000000000000056e-01
2.121212121212121271e-01
0.000000000000000000e+00
3.448275862068965469e-02
0.000000000000000000e+00
0.000000000000000000e+00
6.486486486486486847e-01
6.363636363636363535e-01
6.944444444444444198e-01
0.000000000000000000e+00
2.631578947368420907e-02
2.857142857142857054e-02
0.000000000000000000e+00
0.000000000000000000e+00
2.857142857142857054e-02
2.631578947368420907e-02
1.666666666666666574e-01
0.000000000000000000e+00
8.823529411764706454e-02
0.000000000000000000e+00
0.000000000000000000e+00
7.692307692307692735e-01
6.060606060606060774e-02
6.818181818181817677e-02
0.000000000000000000e+00
0.000000000000000000e+00
2.564102564102564014e-02
3.478260869565217295e-01
9.761904761904761640e-01
0.000000000000000000e+00
7.187500000000000000e-01
0.000000000000000000e+00
0.000000000000000000e+00
0.000000000000000000e+00
0.000000000000000000e+00
0.000000000000000000e+00
2.564102564102564014e-02
3.846153846153846367e-02
0.000000000000000000e+00
5.897435897435897578e-01
0.000000000000000000e+00
2.857142857142857054e-02
4.166666666666666435e-02
0.000000000000000000e+00
1.666666666666666574e-01
2.439024390243902524e-02
0.000000000000000000e+00
0.000000000000000000e+00
2.352941176470588203e-01
2.439024390243902524e-02
2.702702702702702853e-02
1.666666666666666574e-01
0.000000000000000000e+00
3.684210526315789269e-01
2.702702702702702853e-02
2.380952380952380820e-02
0.000000000000000000e+00
0.000000000000000000e+00
2.439024390243902524e-02
0.000000000000000000e+00
0.000000000000000000e+00
0.000000000000000000e+00
0.000000000000000000e+00
0.000000000000000000e+00
3.030303030303030387e-02
0.000000000000000000e+00
1.315789473684210453e-01
0.000000000000000000e+00
2.702702702702702853e-02
0.000000000000000000e+00
1.190476190476190410e-01
8.333333333333332871e-02
9.302325581395348708e-02
2.325581395348837177e-02
0.000000000000000000e+00
2.500000000000000139e-02
0.000000000000000000e+00
2.941176470588235253e-02
2.380952380952380820e-02
1.562500000000000000e-01
0.000000000000000000e+00
0.000000000000000000e+00
0.000000000000000000e+00
2.941176470588235253e-02
0.000000000000000000e+00
5.714285714285714107e-02
2.777777777777777624e-02
3.571428571428571230e-02
6.153846153846154188e-01
0.000000000000000000e+00
0.000000000000000000e+00
0.000000000000000000e+00
5.128205128205128027e-02
3.225806451612903136e-02
3.125000000000000000e-02
5.000000000000000278e-02
1.282051282051281937e-01
1.463414634146341375e-01
0.000000000000000000e+00
1.515151515151515194e-01
0.000000000000000000e+00
0.000000000000000000e+00
3.333333333333333287e-02
0.000000000000000000e+00
3.333333333333333287e-02
0.000000000000000000e+00
2.857142857142857054e-02
8.823529411764706454e-02
2.857142857142857054e-02
2.272727272727272790e-02
0.000000000000000000e+00
6.896551724137930939e-02
2.702702702702702853e-02
3.030303030303030387e-02
8.333333333333332871e-02
0.000000000000000000e+00
6.666666666666666297e-01
2.857142857142857054e-02
2.702702702702702853e-02
0.000000000000000000e+00
3.125000000000000000e-02
6.818181818181817677e-02
4.000000000000000222e-01
0.000000000000000000e+00
0.000000000000000000e+00
3.125000000000000000e-02
0.000000000000000000e+00
2.777777777777777624e-02
1.176470588235294101e-01
0.000000000000000000e+00
0.000000000000000000e+00
2.647058823529411797e-01
3.030303030303030387e-02
5.000000000000000278e-02
0.000000000000000000e+00
1.000000000000000000e+00
6.451612903225806273e-02
6.250000000000000000e-02
0.000000000000000000e+00
2.380952380952380820e-02
2.777777777777777624e-02
4.347826086956521618e-02
0.000000000000000000e+00
2.162162162162162282e-01
7.894736842105263275e-01
0.000000000000000000e+00
0.000000000000000000e+00
0.000000000000000000e+00
2.631578947368420907e-02
0.000000000000000000e+00
2.399999999999999911e-01
3.225806451612903136e-02
0.000000000000000000e+00
3.333333333333333287e-02
2.631578947368420907e-02
8.108108108108108558e-02
0.000000000000000000e+00
2.325581395348837177e-02
2.564102564102564014e-02
5.128205128205128027e-02
5.555555555555555247e-02
0.000000000000000000e+00
0.000000000000000000e+00
7.142857142857142461e-02
5.263157894736841813e-02
0.000000000000000000e+00
0.000000000000000000e+00
2.941176470588235253e-02
5.263157894736841813e-02
8.571428571428571508e-02
7.179487179487179516e-01
0.000000000000000000e+00
0.000000000000000000e+00
7.272727272727272929e-01
5.555555555555555247e-02
8.918918918918918859e-01
3.030303030303030387e-02
6.382978723404254817e-02
2.777777777777777624e-02
9.677419354838709409e-02
0.000000000000000000e+00
0.000000000000000000e+00
0.000000000000000000e+00
4.878048780487805047e-02
2.564102564102564014e-02
0.000000000000000000e+00
0.000000000000000000e+00
0.000000000000000000e+00
1.000000000000000000e+00
2.777777777777777624e-02
2.631578947368420907e-02
0.000000000000000000e+00
0.000000000000000000e+00
7.142857142857142461e-02
5.405405405405405705e-02
3.076923076923077094e-01
2.325581395348837177e-02
5.263157894736841813e-02
8.108108108108108558e-02
7.317073170731706877e-02
5.555555555555555247e-02
6.451612903225806273e-02
0.000000000000000000e+00
0.000000000000000000e+00
0.000000000000000000e+00
7.843137254901960675e-02
7.096774193548387455e-01
0.000000000000000000e+00
8.571428571428571508e-02
6.060606060606060774e-02
7.142857142857142461e-02
1.025641025641025605e-01
0.000000000000000000e+00
1.136363636363636326e-01
4.651162790697674354e-02
0.000000000000000000e+00
3.448275862068965469e-02
0.000000000000000000e+00
0.000000000000000000e+00
0.000000000000000000e+00
0.000000000000000000e+00
2.702702702702702853e-02
0.000000000000000000e+00
1.538461538461538547e-01
2.857142857142857054e-02
0.000000000000000000e+00
2.564102564102564014e-02
7.222222222222222099e-01
0.000000000000000000e+00
0.000000000000000000e+00
1.749999999999999889e-01
7.857142857142856984e-01
2.162162162162162282e-01
0.000000000000000000e+00
2.222222222222222099e-01
0.000000000000000000e+00
1.515151515151515194e-01
0.000000000000000000e+00
5.555555555555555247e-02
0.000000000000000000e+00
9.444444444444444198e-01
0.000000000000000000e+00
0.000000000000000000e+00
5.882352941176470507e-02
5.405405405405405705e-02
2.500000000000000139e-02
2.777777777777777624e-02
2.631578947368420907e-02
0.000000000000000000e+00
3.030303030303030387e-02
0.000000000000000000e+00
9.743589743589743390e-01
0.000000000000000000e+00
0.000000000000000000e+00
0.000000000000000000e+00
0.000000000000000000e+00
2.380952380952380820e-02
1.470588235294117696e-01
2.173913043478260809e-02
0.000000000000000000e+00
3.225806451612903136e-02
2.777777777777777624e-02
2.857142857142857054e-02
2.702702702702702853e-02
5.952380952380952328e-01
2.702702702702702853e-02
2.702702702702702853e-02
6.451612903225806273e-02
0.000000000000000000e+00
2.702702702702702853e-02
0.000000000000000000e+00
0.000000000000000000e+00
0.000000000000000000e+00
2.702702702702702853e-02
2.564102564102564014e-02
0.000000000000000000e+00
0.000000000000000000e+00
0.000000000000000000e+00
0.000000000000000000e+00
2.857142857142857054e-02
0.000000000000000000e+00
0.000000000000000000e+00
2.619047619047619180e-01
0.000000000000000000e+00
0.000000000000000000e+00
1.923076923076923184e-02
0.000000000000000000e+00
0.000000000000000000e+00
0.000000000000000000e+00
2.702702702702702853e-02
2.564102564102564014e-02
1.842105263157894635e-01
5.263157894736841813e-02
0.000000000000000000e+00
2.777777777777777624e-02
4.761904761904761640e-02
1.372549019607843257e-01
0.000000000000000000e+00
2.325581395348837177e-02
0.000000000000000000e+00
2.564102564102564014e-02
0.000000000000000000e+00
9.677419354838709409e-02
2.777777777777777624e-02
0.000000000000000000e+00
1.250000000000000000e-01
1.470588235294117696e-01
0.000000000000000000e+00
2.500000000000000139e-02
2.564102564102564014e-02
2.439024390243902524e-02
3.243243243243243423e-01
2.173913043478260809e-02
0.000000000000000000e+00
5.714285714285714107e-02
0.000000000000000000e+00
0.000000000000000000e+00
0.000000000000000000e+00
0.000000000000000000e+00
0.000000000000000000e+00
1.111111111111111049e-01
4.651162790697674354e-02
6.382978723404254817e-02
0.000000000000000000e+00
0.000000000000000000e+00
0.000000000000000000e+00
0.000000000000000000e+00
2.857142857142857054e-02
0.000000000000000000e+00
0.000000000000000000e+00
2.325581395348837177e-02
0.000000000000000000e+00
0.000000000000000000e+00
3.225806451612903136e-02
0.000000000000000000e+00
6.060606060606060774e-02
2.222222222222222307e-02
3.571428571428571230e-02
2.941176470588235253e-02
0.000000000000000000e+00
2.380952380952380820e-02
9.677419354838709409e-02
0.000000000000000000e+00
0.000000000000000000e+00
2.777777777777777624e-02
2.380952380952380820e-02
0.000000000000000000e+00
1.960784313725490169e-02
4.651162790697674354e-02
3.448275862068965469e-02
5.882352941176470507e-02
2.682926829268292845e-01
1.590909090909090884e-01
0.000000000000000000e+00
2.631578947368420907e-02
0.000000000000000000e+00
5.714285714285714107e-02
4.651162790697674354e-02
0.000000000000000000e+00
0.000000000000000000e+00
6.060606060606060774e-02
3.225806451612903136e-02
8.108108108108108558e-02
2.857142857142857054e-02
2.702702702702702853e-02
9.705882352941176405e-01
0.000000000000000000e+00
1.000000000000000056e-01
0.000000000000000000e+00
2.777777777777777624e-02
0.000000000000000000e+00
6.250000000000000000e-02
0.000000000000000000e+00
6.666666666666666574e-02
0.000000000000000000e+00
0.000000000000000000e+00
3.225806451612903136e-02
0.000000000000000000e+00
0.000000000000000000e+00
1.190476190476190410e-01
0.000000000000000000e+00
6.666666666666666574e-02
3.030303030303030387e-02
4.545454545454545581e-02
0.000000000000000000e+00
2.439024390243902524e-02
0.000000000000000000e+00
2.564102564102564014e-02
1.428571428571428492e-01
8.333333333333332871e-02
2.040816326530612082e-02
7.142857142857142461e-02
7.692307692307692735e-02
0.000000000000000000e+00
6.250000000000000000e-02
0.000000000000000000e+00
0.000000000000000000e+00
3.448275862068965469e-02
0.000000000000000000e+00
2.325581395348837177e-02
0.000000000000000000e+00
0.000000000000000000e+00
2.702702702702702853e-02
1.190476190476190410e-01
0.000000000000000000e+00
0.000000000000000000e+00
1.463414634146341375e-01
1.515151515151515194e-01
5.405405405405405705e-02
4.878048780487805047e-02
5.000000000000000278e-02
7.894736842105262720e-02
0.000000000000000000e+00
0.000000000000000000e+00
6.666666666666666297e-01
2.500000000000000000e-01
0.000000000000000000e+00
1.578947368421052544e-01
5.263157894736841813e-02
6.875000000000000000e-01
3.902439024390244038e-01
8.888888888888889228e-02
0.000000000000000000e+00
0.000000000000000000e+00
0.000000000000000000e+00
0.000000000000000000e+00
2.631578947368420907e-02
8.648648648648649129e-01
2.564102564102564014e-02
5.000000000000000278e-02
1.428571428571428492e-01
0.000000000000000000e+00
6.896551724137930939e-02
4.761904761904761640e-02
0.000000000000000000e+00
1.081081081081081141e-01
9.375000000000000000e-02
2.941176470588235253e-02
0.000000000000000000e+00
0.000000000000000000e+00
0.000000000000000000e+00
2.941176470588235253e-02
1.000000000000000056e-01
9.523809523809523281e-02
2.222222222222222307e-02
1.333333333333333315e-01
5.882352941176470507e-02
8.108108108108108558e-02
2.564102564102564014e-02
2.325581395348837177e-02
0.000000000000000000e+00
3.703703703703703498e-02
7.894736842105262720e-02
7.499999999999999722e-02
4.761904761904761640e-02
3.030303030303030387e-02
5.882352941176470507e-02
0.000000000000000000e+00
2.272727272727272790e-02
1.219512195121951192e-01
2.571428571428571175e-01
2.325581395348837177e-02
5.882352941176470507e-02
6.097560975609755962e-01
0.000000000000000000e+00
5.882352941176470507e-02
1.219512195121951192e-01
0.000000000000000000e+00
0.000000000000000000e+00
2.439024390243902524e-02
2.325581395348837177e-02
0.000000000000000000e+00
0.000000000000000000e+00
2.702702702702702853e-02
0.000000000000000000e+00
2.941176470588235253e-02
1.111111111111111049e-01
0.000000000000000000e+00
3.225806451612903136e-02
0.000000000000000000e+00
0.000000000000000000e+00
4.761904761904761640e-02
0.000000000000000000e+00
1.749999999999999889e-01
2.631578947368420907e-02
0.000000000000000000e+00
1.470588235294117696e-01
0.000000000000000000e+00
0.000000000000000000e+00
8.888888888888889228e-02
0.000000000000000000e+00
2.500000000000000000e-01
