1.180936998916331214e-03
1.893433499215920477e-03
7.638407457780883782e-04
8.718071573335272250e-04
2.071736466255063441e-03
5.067531629791433966e-04
2.239689115083032082e-03
8.623270871365319029e-05
4.284401236773921831e-03
2.649341852253041946e-03
2.587766961273096564e-02
2.795572395504833819e-03
3.611429606627412914e-02
2.237834821199225985e-03
2.526906237971687265e-03
2.348928024107297882e-03
3.710712854926533771e-03
2.815564562463440841e-03
2.106264949584389038e-03
2.417127896752809414e-03
2.364730439236582219e-03
4.561322577982800976e-03
3.122876580215433809e-02
4.197838602306164756e-03
2.976730176037727278e-03
4.447494744078408883e-03
3.551139413985575453e-03
1.667293403467433972e-03
9.960913666174702700e-04
2.642105664805011883e-03
3.584324526855051183e-03
4.490392260007293425e-04
8.423877557640417320e-04
4.364124471169900446e-03
2.770779476021047356e-03
3.988786239652720653e-03
2.096407467550716244e-03
1.920047731089751051e-03
3.362710167210611768e-03
2.185616002957649698e-02
4.153313228524723073e-03
7.642133291694826018e-04
4.486805469016506148e-02
2.464737984156237672e-03
3.657411597660058522e-01
1.300902529528732109e-03
3.839174109797748903e-03
3.195525534763946508e-03
1.779269508845325023e-03
1.832071859529050585e-03
6.765591388702677953e-04
2.387203158374710116e-03
5.217466682294447967e-03
3.395305546368646010e-03
1.232161582504674117e-03
5.615403287231360979e-02
1.475420371504606882e-03
2.221492942011221890e-03
2.674826303295289170e-02
3.119714449967187636e-03
7.892972464821890449e-04
1.130210778394368691e-03
3.137010469803774414e-03
1.090115194276803555e-05
0.000000000000000000e+00
1.605178943747790059e-03
2.843436087882178064e-03
1.024307814741598098e-03
1.133653767446349617e-03
9.710233457363500343e-04
3.435893021410821118e-04
4.466674929460975538e-03
2.251984144586703402e-04
2.270462742551716730e-03
2.736175923128339373e-03
1.607036990366413065e-03
2.707841532447759388e-03
2.683591637004330722e-03
3.127497530087543654e-03
3.977348987409119220e-03
1.542855163364708357e-03
2.724448269822295557e-03
3.188614306871512347e-03
2.817312383987465290e-03
8.941372427671658344e-05
1.476843781929199594e-03
2.170924552726095219e-03
1.586252754701336382e-03
2.410344344231173623e-05
7.115032357117807632e-04
3.303051654701234623e-03
3.734428022386737135e-03
4.090464923866567702e-03
6.705236956037113677e-04
4.696429728543965836e-03
2.150601445362108118e-03
3.906588252060225891e-03
1.847770682954661889e-03
3.975435486737319973e-03
1.323164950240922344e-03
2.787676755568927519e-03
4.528759419561429259e-03
2.493802650045126492e-03
3.848744130810652321e-04
3.516090407475508991e-03
3.740067891034129857e-03
3.401270284490387052e-03
3.897019596186155396e-03
5.385039319252300912e-04
3.393088144488245420e-03
4.484509822017678123e-03
4.779506940808869384e-03
1.833448364720473116e-03
2.576255702657807758e-03
1.218038458676643605e-03
2.829251485716772867e-03
1.535473242120051962e-03
2.619429956054165464e-03
2.899823982258310003e-03
3.721643828871240914e-03
1.473887581055455167e-03
2.534112478124104801e-03
3.281588912564238798e-03
1.867637423542197524e-03
1.515362376564281192e-03
3.010998395647271689e-02
6.366090995270762536e-04
6.924983938135020412e-04
7.796197943792521068e-04
2.764147385279406687e-03
3.807037419471930723e-02
5.589220849477164604e-03
1.779703756595270477e-03
2.456287462075571523e-03
2.187462509584732311e-03
1.660084503500500663e-03
2.792473693104988511e-03
4.069594462447476309e-03
1.927798984255468459e-03
4.665474305283304896e-03
4.142472524418930498e-03
5.309231563108827989e-03
1.631714325141245345e-03
2.129584168654498257e-03
